<?xml version="1.0" encoding="UTF-8"?>
<!-- Generated by org.testng.reporters.JUnitReportReporter -->
<testsuite skipped="0" hostname="TDIN541" name="com.test.retirementTC" tests="1" failures="0" timestamp="21 Jan 2019 08:55:13 GMT" time="33.579" errors="0">
  <testcase name="retsite" time="33.579" classname="com.test.retirementTC"/>
</testsuite> <!-- com.test.retirementTC -->
