<?xml version="1.0" encoding="UTF-8"?>
<!-- Generated by org.testng.reporters.JUnitReportReporter -->
<testsuite skipped="0" hostname="TDIN541" name="com.test.loginTC" tests="1" failures="0" timestamp="12 Jul 2018 13:16:06 GMT" time="49.248" errors="0">
  <testcase name="retsite" time="49.248" classname="com.test.loginTC"/>
</testsuite> <!-- com.test.loginTC -->
