<?xml version="1.0" encoding="UTF-8"?>
<!-- Generated by org.testng.reporters.JUnitReportReporter -->
<testsuite skipped="0" hostname="TDIN507" name="DriverScripts_Scenarios.Zuora_Subscription_Single_user" tests="13" failures="0" timestamp="22 Aug 2018 15:46:59 GMT" time="0.000" errors="0">
  <testcase name="Do_Parameterization" time="0.000" classname="DriverScripts_Scenarios.Zuora_Subscription_Single_user"/>
  <testcase name="Do_Parameterization" time="0.000" classname="DriverScripts_Scenarios.Zuora_Subscription_Single_user"/>
  <testcase name="Do_Parameterization" time="0.000" classname="DriverScripts_Scenarios.Zuora_Subscription_Single_user"/>
  <testcase name="Do_Parameterization" time="0.000" classname="DriverScripts_Scenarios.Zuora_Subscription_Single_user"/>
  <testcase name="Do_Parameterization" time="0.000" classname="DriverScripts_Scenarios.Zuora_Subscription_Single_user"/>
  <testcase name="Do_Parameterization" time="0.000" classname="DriverScripts_Scenarios.Zuora_Subscription_Single_user"/>
  <testcase name="Do_Parameterization" time="0.000" classname="DriverScripts_Scenarios.Zuora_Subscription_Single_user"/>
  <testcase name="Do_Parameterization" time="0.000" classname="DriverScripts_Scenarios.Zuora_Subscription_Single_user"/>
  <testcase name="Do_Parameterization" time="0.000" classname="DriverScripts_Scenarios.Zuora_Subscription_Single_user"/>
  <testcase name="Do_Parameterization" time="0.000" classname="DriverScripts_Scenarios.Zuora_Subscription_Single_user"/>
  <testcase name="Do_Parameterization" time="0.000" classname="DriverScripts_Scenarios.Zuora_Subscription_Single_user"/>
  <testcase name="Do_Parameterization" time="0.000" classname="DriverScripts_Scenarios.Zuora_Subscription_Single_user"/>
  <testcase name="aftertest" time="0.000" classname="DriverScripts_Scenarios.Zuora_Subscription_Single_user"/>
</testsuite> <!-- DriverScripts_Scenarios.Zuora_Subscription_Single_user -->
