<?xml version="1.0" encoding="UTF-8"?>
<!-- Generated by org.testng.reporters.JUnitReportReporter -->
<testsuite skipped="0" hostname="TDIN507" name="DriverScripts_Scenarios.Zuora_Cancellation_flow" tests="20" failures="0" timestamp="22 Aug 2018 16:10:17 GMT" time="0.005" errors="0">
  <testcase name="do_parameterization" time="0.000" classname="DriverScripts_Scenarios.Zuora_Cancellation_flow"/>
  <testcase name="do_parameterization" time="0.000" classname="DriverScripts_Scenarios.Zuora_Cancellation_flow"/>
  <testcase name="do_parameterization" time="0.000" classname="DriverScripts_Scenarios.Zuora_Cancellation_flow"/>
  <testcase name="do_parameterization" time="0.000" classname="DriverScripts_Scenarios.Zuora_Cancellation_flow"/>
  <testcase name="do_parameterization" time="0.000" classname="DriverScripts_Scenarios.Zuora_Cancellation_flow"/>
  <testcase name="do_parameterization" time="0.000" classname="DriverScripts_Scenarios.Zuora_Cancellation_flow"/>
  <testcase name="do_parameterization" time="0.000" classname="DriverScripts_Scenarios.Zuora_Cancellation_flow"/>
  <testcase name="do_parameterization" time="0.000" classname="DriverScripts_Scenarios.Zuora_Cancellation_flow"/>
  <testcase name="do_parameterization" time="0.000" classname="DriverScripts_Scenarios.Zuora_Cancellation_flow"/>
  <testcase name="do_parameterization" time="0.000" classname="DriverScripts_Scenarios.Zuora_Cancellation_flow"/>
  <testcase name="do_parameterization" time="0.000" classname="DriverScripts_Scenarios.Zuora_Cancellation_flow"/>
  <testcase name="do_parameterization" time="0.000" classname="DriverScripts_Scenarios.Zuora_Cancellation_flow"/>
  <testcase name="do_parameterization" time="0.005" classname="DriverScripts_Scenarios.Zuora_Cancellation_flow"/>
  <testcase name="do_parameterization" time="0.000" classname="DriverScripts_Scenarios.Zuora_Cancellation_flow"/>
  <testcase name="do_parameterization" time="0.000" classname="DriverScripts_Scenarios.Zuora_Cancellation_flow"/>
  <testcase name="do_parameterization" time="0.000" classname="DriverScripts_Scenarios.Zuora_Cancellation_flow"/>
  <testcase name="do_parameterization" time="0.000" classname="DriverScripts_Scenarios.Zuora_Cancellation_flow"/>
  <testcase name="do_parameterization" time="0.000" classname="DriverScripts_Scenarios.Zuora_Cancellation_flow"/>
  <testcase name="do_parameterization" time="0.000" classname="DriverScripts_Scenarios.Zuora_Cancellation_flow"/>
  <testcase name="do_parameterization" time="0.000" classname="DriverScripts_Scenarios.Zuora_Cancellation_flow"/>
</testsuite> <!-- DriverScripts_Scenarios.Zuora_Cancellation_flow -->
