<?xml version="1.0" encoding="UTF-8"?>
<!-- Generated by org.testng.reporters.JUnitReportReporter -->
<testsuite skipped="0" hostname="TDIN507" name="DriverScripts_Scenarios.Events_Subscription_flow" tests="18" failures="0" timestamp="24 Aug 2018 16:51:24 GMT" time="2919.233" errors="0">
  <testcase name="Do_Parameterization" time="195.048" classname="DriverScripts_Scenarios.Events_Subscription_flow"/>
  <testcase name="Do_Parameterization" time="142.737" classname="DriverScripts_Scenarios.Events_Subscription_flow"/>
  <testcase name="Do_Parameterization" time="148.194" classname="DriverScripts_Scenarios.Events_Subscription_flow"/>
  <testcase name="Do_Parameterization" time="143.861" classname="DriverScripts_Scenarios.Events_Subscription_flow"/>
  <testcase name="Do_Parameterization" time="198.925" classname="DriverScripts_Scenarios.Events_Subscription_flow"/>
  <testcase name="Do_Parameterization" time="148.888" classname="DriverScripts_Scenarios.Events_Subscription_flow"/>
  <testcase name="Do_Parameterization" time="147.961" classname="DriverScripts_Scenarios.Events_Subscription_flow"/>
  <testcase name="Do_Parameterization" time="189.035" classname="DriverScripts_Scenarios.Events_Subscription_flow"/>
  <testcase name="Do_Parameterization" time="145.789" classname="DriverScripts_Scenarios.Events_Subscription_flow"/>
  <testcase name="Do_Parameterization" time="140.628" classname="DriverScripts_Scenarios.Events_Subscription_flow"/>
  <testcase name="Do_Parameterization" time="192.781" classname="DriverScripts_Scenarios.Events_Subscription_flow"/>
  <testcase name="Do_Parameterization" time="150.276" classname="DriverScripts_Scenarios.Events_Subscription_flow"/>
  <testcase name="Do_Parameterization" time="144.283" classname="DriverScripts_Scenarios.Events_Subscription_flow"/>
  <testcase name="Do_Parameterization" time="149.658" classname="DriverScripts_Scenarios.Events_Subscription_flow"/>
  <testcase name="Do_Parameterization" time="191.455" classname="DriverScripts_Scenarios.Events_Subscription_flow"/>
  <testcase name="Do_Parameterization" time="143.588" classname="DriverScripts_Scenarios.Events_Subscription_flow"/>
  <testcase name="Do_Parameterization" time="152.590" classname="DriverScripts_Scenarios.Events_Subscription_flow"/>
  <testcase name="Do_Parameterization" time="193.536" classname="DriverScripts_Scenarios.Events_Subscription_flow"/>
</testsuite> <!-- DriverScripts_Scenarios.Events_Subscription_flow -->
