<?xml version="1.0" encoding="UTF-8"?>
<!-- Generated by org.testng.reporters.JUnitReportReporter -->
<testsuite skipped="0" hostname="TDIN507" name="DriverScripts_Scenarios.EventSubscription_proudction_csr_Validation" tests="1747" failures="0" timestamp="19 Sep 2018 01:18:34 GMT" time="47642.770" errors="0">
  <testcase name="Do_Parameterization" time="0.000" classname="DriverScripts_Scenarios.EventSubscription_proudction_csr_Validation"/>
  <testcase name="Do_Parameterization" time="0.000" classname="DriverScripts_Scenarios.EventSubscription_proudction_csr_Validation"/>
  <testcase name="Do_Parameterization" time="0.000" classname="DriverScripts_Scenarios.EventSubscription_proudction_csr_Validation"/>
  <testcase name="Do_Parameterization" time="0.000" classname="DriverScripts_Scenarios.EventSubscription_proudction_csr_Validation"/>
  <testcase name="Do_Parameterization" time="0.000" classname="DriverScripts_Scenarios.EventSubscription_proudction_csr_Validation"/>
  <testcase name="Do_Parameterization" time="0.000" classname="DriverScripts_Scenarios.EventSubscription_proudction_csr_Validation"/>
  <testcase name="Do_Parameterization" time="0.000" classname="DriverScripts_Scenarios.EventSubscription_proudction_csr_Validation"/>
  <testcase name="Do_Parameterization" time="74.878" classname="DriverScripts_Scenarios.EventSubscription_proudction_csr_Validation"/>
  <testcase name="Do_Parameterization" time="0.000" classname="DriverScripts_Scenarios.EventSubscription_proudction_csr_Validation"/>
  <testcase name="Do_Parameterization" time="0.000" classname="DriverScripts_Scenarios.EventSubscription_proudction_csr_Validation"/>
  <testcase name="Do_Parameterization" time="0.000" classname="DriverScripts_Scenarios.EventSubscription_proudction_csr_Validation"/>
  <testcase name="Do_Parameterization" time="0.000" classname="DriverScripts_Scenarios.EventSubscription_proudction_csr_Validation"/>
  <testcase name="Do_Parameterization" time="0.000" classname="DriverScripts_Scenarios.EventSubscription_proudction_csr_Validation"/>
  <testcase name="Do_Parameterization" time="74.231" classname="DriverScripts_Scenarios.EventSubscription_proudction_csr_Validation"/>
  <testcase name="Do_Parameterization" time="0.000" classname="DriverScripts_Scenarios.EventSubscription_proudction_csr_Validation"/>
  <testcase name="Do_Parameterization" time="0.000" classname="DriverScripts_Scenarios.EventSubscription_proudction_csr_Validation"/>
  <testcase name="Do_Parameterization" time="74.461" classname="DriverScripts_Scenarios.EventSubscription_proudction_csr_Validation"/>
  <testcase name="Do_Parameterization" time="0.000" classname="DriverScripts_Scenarios.EventSubscription_proudction_csr_Validation"/>
  <testcase name="Do_Parameterization" time="75.612" classname="DriverScripts_Scenarios.EventSubscription_proudction_csr_Validation"/>
  <testcase name="Do_Parameterization" time="0.000" classname="DriverScripts_Scenarios.EventSubscription_proudction_csr_Validation"/>
  <testcase name="Do_Parameterization" time="0.000" classname="DriverScripts_Scenarios.EventSubscription_proudction_csr_Validation"/>
  <testcase name="Do_Parameterization" time="74.847" classname="DriverScripts_Scenarios.EventSubscription_proudction_csr_Validation"/>
  <testcase name="Do_Parameterization" time="0.000" classname="DriverScripts_Scenarios.EventSubscription_proudction_csr_Validation"/>
  <testcase name="Do_Parameterization" time="75.147" classname="DriverScripts_Scenarios.EventSubscription_proudction_csr_Validation"/>
  <testcase name="Do_Parameterization" time="76.692" classname="DriverScripts_Scenarios.EventSubscription_proudction_csr_Validation"/>
  <testcase name="Do_Parameterization" time="0.000" classname="DriverScripts_Scenarios.EventSubscription_proudction_csr_Validation"/>
  <testcase name="Do_Parameterization" time="71.038" classname="DriverScripts_Scenarios.EventSubscription_proudction_csr_Validation"/>
  <testcase name="Do_Parameterization" time="0.000" classname="DriverScripts_Scenarios.EventSubscription_proudction_csr_Validation"/>
  <testcase name="Do_Parameterization" time="0.000" classname="DriverScripts_Scenarios.EventSubscription_proudction_csr_Validation"/>
  <testcase name="Do_Parameterization" time="74.070" classname="DriverScripts_Scenarios.EventSubscription_proudction_csr_Validation"/>
  <testcase name="Do_Parameterization" time="0.000" classname="DriverScripts_Scenarios.EventSubscription_proudction_csr_Validation"/>
  <testcase name="Do_Parameterization" time="0.000" classname="DriverScripts_Scenarios.EventSubscription_proudction_csr_Validation"/>
  <testcase name="Do_Parameterization" time="74.719" classname="DriverScripts_Scenarios.EventSubscription_proudction_csr_Validation"/>
  <testcase name="Do_Parameterization" time="71.640" classname="DriverScripts_Scenarios.EventSubscription_proudction_csr_Validation"/>
  <testcase name="Do_Parameterization" time="0.000" classname="DriverScripts_Scenarios.EventSubscription_proudction_csr_Validation"/>
  <testcase name="Do_Parameterization" time="0.000" classname="DriverScripts_Scenarios.EventSubscription_proudction_csr_Validation"/>
  <testcase name="Do_Parameterization" time="75.649" classname="DriverScripts_Scenarios.EventSubscription_proudction_csr_Validation"/>
  <testcase name="Do_Parameterization" time="0.000" classname="DriverScripts_Scenarios.EventSubscription_proudction_csr_Validation"/>
  <testcase name="Do_Parameterization" time="72.959" classname="DriverScripts_Scenarios.EventSubscription_proudction_csr_Validation"/>
  <testcase name="Do_Parameterization" time="74.715" classname="DriverScripts_Scenarios.EventSubscription_proudction_csr_Validation"/>
  <testcase name="Do_Parameterization" time="74.940" classname="DriverScripts_Scenarios.EventSubscription_proudction_csr_Validation"/>
  <testcase name="Do_Parameterization" time="0.000" classname="DriverScripts_Scenarios.EventSubscription_proudction_csr_Validation"/>
  <testcase name="Do_Parameterization" time="75.292" classname="DriverScripts_Scenarios.EventSubscription_proudction_csr_Validation"/>
  <testcase name="Do_Parameterization" time="75.935" classname="DriverScripts_Scenarios.EventSubscription_proudction_csr_Validation"/>
  <testcase name="Do_Parameterization" time="74.243" classname="DriverScripts_Scenarios.EventSubscription_proudction_csr_Validation"/>
  <testcase name="Do_Parameterization" time="0.000" classname="DriverScripts_Scenarios.EventSubscription_proudction_csr_Validation"/>
  <testcase name="Do_Parameterization" time="0.000" classname="DriverScripts_Scenarios.EventSubscription_proudction_csr_Validation"/>
  <testcase name="Do_Parameterization" time="91.976" classname="DriverScripts_Scenarios.EventSubscription_proudction_csr_Validation"/>
  <testcase name="Do_Parameterization" time="0.001" classname="DriverScripts_Scenarios.EventSubscription_proudction_csr_Validation"/>
  <testcase name="Do_Parameterization" time="71.520" classname="DriverScripts_Scenarios.EventSubscription_proudction_csr_Validation"/>
  <testcase name="Do_Parameterization" time="76.640" classname="DriverScripts_Scenarios.EventSubscription_proudction_csr_Validation"/>
  <testcase name="Do_Parameterization" time="0.000" classname="DriverScripts_Scenarios.EventSubscription_proudction_csr_Validation"/>
  <testcase name="Do_Parameterization" time="75.135" classname="DriverScripts_Scenarios.EventSubscription_proudction_csr_Validation"/>
  <testcase name="Do_Parameterization" time="0.000" classname="DriverScripts_Scenarios.EventSubscription_proudction_csr_Validation"/>
  <testcase name="Do_Parameterization" time="0.000" classname="DriverScripts_Scenarios.EventSubscription_proudction_csr_Validation"/>
  <testcase name="Do_Parameterization" time="0.000" classname="DriverScripts_Scenarios.EventSubscription_proudction_csr_Validation"/>
  <testcase name="Do_Parameterization" time="77.395" classname="DriverScripts_Scenarios.EventSubscription_proudction_csr_Validation"/>
  <testcase name="Do_Parameterization" time="0.000" classname="DriverScripts_Scenarios.EventSubscription_proudction_csr_Validation"/>
  <testcase name="Do_Parameterization" time="72.495" classname="DriverScripts_Scenarios.EventSubscription_proudction_csr_Validation"/>
  <testcase name="Do_Parameterization" time="0.000" classname="DriverScripts_Scenarios.EventSubscription_proudction_csr_Validation"/>
  <testcase name="Do_Parameterization" time="74.896" classname="DriverScripts_Scenarios.EventSubscription_proudction_csr_Validation"/>
  <testcase name="Do_Parameterization" time="0.000" classname="DriverScripts_Scenarios.EventSubscription_proudction_csr_Validation"/>
  <testcase name="Do_Parameterization" time="0.000" classname="DriverScripts_Scenarios.EventSubscription_proudction_csr_Validation"/>
  <testcase name="Do_Parameterization" time="74.694" classname="DriverScripts_Scenarios.EventSubscription_proudction_csr_Validation"/>
  <testcase name="Do_Parameterization" time="0.000" classname="DriverScripts_Scenarios.EventSubscription_proudction_csr_Validation"/>
  <testcase name="Do_Parameterization" time="0.001" classname="DriverScripts_Scenarios.EventSubscription_proudction_csr_Validation"/>
  <testcase name="Do_Parameterization" time="0.040" classname="DriverScripts_Scenarios.EventSubscription_proudction_csr_Validation"/>
  <testcase name="Do_Parameterization" time="0.000" classname="DriverScripts_Scenarios.EventSubscription_proudction_csr_Validation"/>
  <testcase name="Do_Parameterization" time="0.000" classname="DriverScripts_Scenarios.EventSubscription_proudction_csr_Validation"/>
  <testcase name="Do_Parameterization" time="0.015" classname="DriverScripts_Scenarios.EventSubscription_proudction_csr_Validation"/>
  <testcase name="Do_Parameterization" time="75.910" classname="DriverScripts_Scenarios.EventSubscription_proudction_csr_Validation"/>
  <testcase name="Do_Parameterization" time="0.000" classname="DriverScripts_Scenarios.EventSubscription_proudction_csr_Validation"/>
  <testcase name="Do_Parameterization" time="0.000" classname="DriverScripts_Scenarios.EventSubscription_proudction_csr_Validation"/>
  <testcase name="Do_Parameterization" time="0.000" classname="DriverScripts_Scenarios.EventSubscription_proudction_csr_Validation"/>
  <testcase name="Do_Parameterization" time="0.000" classname="DriverScripts_Scenarios.EventSubscription_proudction_csr_Validation"/>
  <testcase name="Do_Parameterization" time="75.458" classname="DriverScripts_Scenarios.EventSubscription_proudction_csr_Validation"/>
  <testcase name="Do_Parameterization" time="0.000" classname="DriverScripts_Scenarios.EventSubscription_proudction_csr_Validation"/>
  <testcase name="Do_Parameterization" time="0.000" classname="DriverScripts_Scenarios.EventSubscription_proudction_csr_Validation"/>
  <testcase name="Do_Parameterization" time="76.724" classname="DriverScripts_Scenarios.EventSubscription_proudction_csr_Validation"/>
  <testcase name="Do_Parameterization" time="0.000" classname="DriverScripts_Scenarios.EventSubscription_proudction_csr_Validation"/>
  <testcase name="Do_Parameterization" time="0.000" classname="DriverScripts_Scenarios.EventSubscription_proudction_csr_Validation"/>
  <testcase name="Do_Parameterization" time="0.016" classname="DriverScripts_Scenarios.EventSubscription_proudction_csr_Validation"/>
  <testcase name="Do_Parameterization" time="0.000" classname="DriverScripts_Scenarios.EventSubscription_proudction_csr_Validation"/>
  <testcase name="Do_Parameterization" time="0.000" classname="DriverScripts_Scenarios.EventSubscription_proudction_csr_Validation"/>
  <testcase name="Do_Parameterization" time="0.000" classname="DriverScripts_Scenarios.EventSubscription_proudction_csr_Validation"/>
  <testcase name="Do_Parameterization" time="0.000" classname="DriverScripts_Scenarios.EventSubscription_proudction_csr_Validation"/>
  <testcase name="Do_Parameterization" time="72.874" classname="DriverScripts_Scenarios.EventSubscription_proudction_csr_Validation"/>
  <testcase name="Do_Parameterization" time="75.507" classname="DriverScripts_Scenarios.EventSubscription_proudction_csr_Validation"/>
  <testcase name="Do_Parameterization" time="77.962" classname="DriverScripts_Scenarios.EventSubscription_proudction_csr_Validation"/>
  <testcase name="Do_Parameterization" time="0.000" classname="DriverScripts_Scenarios.EventSubscription_proudction_csr_Validation"/>
  <testcase name="Do_Parameterization" time="74.564" classname="DriverScripts_Scenarios.EventSubscription_proudction_csr_Validation"/>
  <testcase name="Do_Parameterization" time="0.000" classname="DriverScripts_Scenarios.EventSubscription_proudction_csr_Validation"/>
  <testcase name="Do_Parameterization" time="71.208" classname="DriverScripts_Scenarios.EventSubscription_proudction_csr_Validation"/>
  <testcase name="Do_Parameterization" time="74.246" classname="DriverScripts_Scenarios.EventSubscription_proudction_csr_Validation"/>
  <testcase name="Do_Parameterization" time="0.000" classname="DriverScripts_Scenarios.EventSubscription_proudction_csr_Validation"/>
  <testcase name="Do_Parameterization" time="70.734" classname="DriverScripts_Scenarios.EventSubscription_proudction_csr_Validation"/>
  <testcase name="aftersuite" time="17.460" classname="DriverScripts_Scenarios.EventSubscription_proudction_csr_Validation"/>
  <testcase name="Do_Parameterization" time="74.841" classname="DriverScripts_Scenarios.EventSubscription_proudction_csr_Validation"/>
  <testcase name="Do_Parameterization" time="0.000" classname="DriverScripts_Scenarios.EventSubscription_proudction_csr_Validation"/>
  <testcase name="Do_Parameterization" time="75.335" classname="DriverScripts_Scenarios.EventSubscription_proudction_csr_Validation"/>
  <testcase name="Do_Parameterization" time="0.000" classname="DriverScripts_Scenarios.EventSubscription_proudction_csr_Validation"/>
  <testcase name="Do_Parameterization" time="0.000" classname="DriverScripts_Scenarios.EventSubscription_proudction_csr_Validation"/>
  <testcase name="Do_Parameterization" time="0.000" classname="DriverScripts_Scenarios.EventSubscription_proudction_csr_Validation"/>
  <testcase name="Do_Parameterization" time="0.000" classname="DriverScripts_Scenarios.EventSubscription_proudction_csr_Validation"/>
  <testcase name="Do_Parameterization" time="76.548" classname="DriverScripts_Scenarios.EventSubscription_proudction_csr_Validation"/>
  <testcase name="Do_Parameterization" time="0.000" classname="DriverScripts_Scenarios.EventSubscription_proudction_csr_Validation"/>
  <testcase name="Do_Parameterization" time="75.786" classname="DriverScripts_Scenarios.EventSubscription_proudction_csr_Validation"/>
  <testcase name="Do_Parameterization" time="76.096" classname="DriverScripts_Scenarios.EventSubscription_proudction_csr_Validation"/>
  <testcase name="Do_Parameterization" time="0.000" classname="DriverScripts_Scenarios.EventSubscription_proudction_csr_Validation"/>
  <testcase name="Do_Parameterization" time="0.000" classname="DriverScripts_Scenarios.EventSubscription_proudction_csr_Validation"/>
  <testcase name="Do_Parameterization" time="0.000" classname="DriverScripts_Scenarios.EventSubscription_proudction_csr_Validation"/>
  <testcase name="Do_Parameterization" time="0.000" classname="DriverScripts_Scenarios.EventSubscription_proudction_csr_Validation"/>
  <testcase name="Do_Parameterization" time="72.875" classname="DriverScripts_Scenarios.EventSubscription_proudction_csr_Validation"/>
  <testcase name="Do_Parameterization" time="76.121" classname="DriverScripts_Scenarios.EventSubscription_proudction_csr_Validation"/>
  <testcase name="Do_Parameterization" time="0.000" classname="DriverScripts_Scenarios.EventSubscription_proudction_csr_Validation"/>
  <testcase name="Do_Parameterization" time="0.000" classname="DriverScripts_Scenarios.EventSubscription_proudction_csr_Validation"/>
  <testcase name="Do_Parameterization" time="70.999" classname="DriverScripts_Scenarios.EventSubscription_proudction_csr_Validation"/>
  <testcase name="Do_Parameterization" time="0.000" classname="DriverScripts_Scenarios.EventSubscription_proudction_csr_Validation"/>
  <testcase name="Do_Parameterization" time="0.000" classname="DriverScripts_Scenarios.EventSubscription_proudction_csr_Validation"/>
  <testcase name="Do_Parameterization" time="0.000" classname="DriverScripts_Scenarios.EventSubscription_proudction_csr_Validation"/>
  <testcase name="Do_Parameterization" time="74.207" classname="DriverScripts_Scenarios.EventSubscription_proudction_csr_Validation"/>
  <testcase name="Do_Parameterization" time="0.000" classname="DriverScripts_Scenarios.EventSubscription_proudction_csr_Validation"/>
  <testcase name="Do_Parameterization" time="0.000" classname="DriverScripts_Scenarios.EventSubscription_proudction_csr_Validation"/>
  <testcase name="Do_Parameterization" time="0.000" classname="DriverScripts_Scenarios.EventSubscription_proudction_csr_Validation"/>
  <testcase name="Do_Parameterization" time="0.000" classname="DriverScripts_Scenarios.EventSubscription_proudction_csr_Validation"/>
  <testcase name="Do_Parameterization" time="74.294" classname="DriverScripts_Scenarios.EventSubscription_proudction_csr_Validation"/>
  <testcase name="Do_Parameterization" time="74.672" classname="DriverScripts_Scenarios.EventSubscription_proudction_csr_Validation"/>
  <testcase name="Do_Parameterization" time="0.000" classname="DriverScripts_Scenarios.EventSubscription_proudction_csr_Validation"/>
  <testcase name="Do_Parameterization" time="74.893" classname="DriverScripts_Scenarios.EventSubscription_proudction_csr_Validation"/>
  <testcase name="Do_Parameterization" time="0.000" classname="DriverScripts_Scenarios.EventSubscription_proudction_csr_Validation"/>
  <testcase name="Do_Parameterization" time="71.370" classname="DriverScripts_Scenarios.EventSubscription_proudction_csr_Validation"/>
  <testcase name="Do_Parameterization" time="74.223" classname="DriverScripts_Scenarios.EventSubscription_proudction_csr_Validation"/>
  <testcase name="Do_Parameterization" time="0.000" classname="DriverScripts_Scenarios.EventSubscription_proudction_csr_Validation"/>
  <testcase name="Do_Parameterization" time="0.000" classname="DriverScripts_Scenarios.EventSubscription_proudction_csr_Validation"/>
  <testcase name="Do_Parameterization" time="0.000" classname="DriverScripts_Scenarios.EventSubscription_proudction_csr_Validation"/>
  <testcase name="Do_Parameterization" time="0.000" classname="DriverScripts_Scenarios.EventSubscription_proudction_csr_Validation"/>
  <testcase name="Do_Parameterization" time="69.664" classname="DriverScripts_Scenarios.EventSubscription_proudction_csr_Validation"/>
  <testcase name="Do_Parameterization" time="73.260" classname="DriverScripts_Scenarios.EventSubscription_proudction_csr_Validation"/>
  <testcase name="Do_Parameterization" time="76.745" classname="DriverScripts_Scenarios.EventSubscription_proudction_csr_Validation"/>
  <testcase name="Do_Parameterization" time="73.982" classname="DriverScripts_Scenarios.EventSubscription_proudction_csr_Validation"/>
  <testcase name="Do_Parameterization" time="0.000" classname="DriverScripts_Scenarios.EventSubscription_proudction_csr_Validation"/>
  <testcase name="Do_Parameterization" time="0.000" classname="DriverScripts_Scenarios.EventSubscription_proudction_csr_Validation"/>
  <testcase name="Do_Parameterization" time="75.601" classname="DriverScripts_Scenarios.EventSubscription_proudction_csr_Validation"/>
  <testcase name="Do_Parameterization" time="74.828" classname="DriverScripts_Scenarios.EventSubscription_proudction_csr_Validation"/>
  <testcase name="Do_Parameterization" time="0.000" classname="DriverScripts_Scenarios.EventSubscription_proudction_csr_Validation"/>
  <testcase name="Do_Parameterization" time="0.000" classname="DriverScripts_Scenarios.EventSubscription_proudction_csr_Validation"/>
  <testcase name="Do_Parameterization" time="73.819" classname="DriverScripts_Scenarios.EventSubscription_proudction_csr_Validation"/>
  <testcase name="Do_Parameterization" time="0.000" classname="DriverScripts_Scenarios.EventSubscription_proudction_csr_Validation"/>
  <testcase name="Do_Parameterization" time="0.000" classname="DriverScripts_Scenarios.EventSubscription_proudction_csr_Validation"/>
  <testcase name="Do_Parameterization" time="73.168" classname="DriverScripts_Scenarios.EventSubscription_proudction_csr_Validation"/>
  <testcase name="Do_Parameterization" time="77.674" classname="DriverScripts_Scenarios.EventSubscription_proudction_csr_Validation"/>
  <testcase name="Do_Parameterization" time="0.000" classname="DriverScripts_Scenarios.EventSubscription_proudction_csr_Validation"/>
  <testcase name="Do_Parameterization" time="0.000" classname="DriverScripts_Scenarios.EventSubscription_proudction_csr_Validation"/>
  <testcase name="Do_Parameterization" time="0.000" classname="DriverScripts_Scenarios.EventSubscription_proudction_csr_Validation"/>
  <testcase name="Do_Parameterization" time="0.000" classname="DriverScripts_Scenarios.EventSubscription_proudction_csr_Validation"/>
  <testcase name="Do_Parameterization" time="0.000" classname="DriverScripts_Scenarios.EventSubscription_proudction_csr_Validation"/>
  <testcase name="Do_Parameterization" time="74.897" classname="DriverScripts_Scenarios.EventSubscription_proudction_csr_Validation"/>
  <testcase name="Do_Parameterization" time="75.251" classname="DriverScripts_Scenarios.EventSubscription_proudction_csr_Validation"/>
  <testcase name="Do_Parameterization" time="0.000" classname="DriverScripts_Scenarios.EventSubscription_proudction_csr_Validation"/>
  <testcase name="Do_Parameterization" time="73.489" classname="DriverScripts_Scenarios.EventSubscription_proudction_csr_Validation"/>
  <testcase name="Do_Parameterization" time="69.860" classname="DriverScripts_Scenarios.EventSubscription_proudction_csr_Validation"/>
  <testcase name="Do_Parameterization" time="0.000" classname="DriverScripts_Scenarios.EventSubscription_proudction_csr_Validation"/>
  <testcase name="Do_Parameterization" time="0.000" classname="DriverScripts_Scenarios.EventSubscription_proudction_csr_Validation"/>
  <testcase name="Do_Parameterization" time="75.724" classname="DriverScripts_Scenarios.EventSubscription_proudction_csr_Validation"/>
  <testcase name="Do_Parameterization" time="69.845" classname="DriverScripts_Scenarios.EventSubscription_proudction_csr_Validation"/>
  <testcase name="Do_Parameterization" time="0.000" classname="DriverScripts_Scenarios.EventSubscription_proudction_csr_Validation"/>
  <testcase name="Do_Parameterization" time="0.000" classname="DriverScripts_Scenarios.EventSubscription_proudction_csr_Validation"/>
  <testcase name="Do_Parameterization" time="0.000" classname="DriverScripts_Scenarios.EventSubscription_proudction_csr_Validation"/>
  <testcase name="Do_Parameterization" time="0.000" classname="DriverScripts_Scenarios.EventSubscription_proudction_csr_Validation"/>
  <testcase name="Do_Parameterization" time="0.000" classname="DriverScripts_Scenarios.EventSubscription_proudction_csr_Validation"/>
  <testcase name="Do_Parameterization" time="0.000" classname="DriverScripts_Scenarios.EventSubscription_proudction_csr_Validation"/>
  <testcase name="Do_Parameterization" time="0.000" classname="DriverScripts_Scenarios.EventSubscription_proudction_csr_Validation"/>
  <testcase name="Do_Parameterization" time="0.000" classname="DriverScripts_Scenarios.EventSubscription_proudction_csr_Validation"/>
  <testcase name="Do_Parameterization" time="0.000" classname="DriverScripts_Scenarios.EventSubscription_proudction_csr_Validation"/>
  <testcase name="Do_Parameterization" time="71.728" classname="DriverScripts_Scenarios.EventSubscription_proudction_csr_Validation"/>
  <testcase name="Do_Parameterization" time="0.000" classname="DriverScripts_Scenarios.EventSubscription_proudction_csr_Validation"/>
  <testcase name="Do_Parameterization" time="73.509" classname="DriverScripts_Scenarios.EventSubscription_proudction_csr_Validation"/>
  <testcase name="Do_Parameterization" time="0.015" classname="DriverScripts_Scenarios.EventSubscription_proudction_csr_Validation"/>
  <testcase name="Do_Parameterization" time="0.000" classname="DriverScripts_Scenarios.EventSubscription_proudction_csr_Validation"/>
  <testcase name="Do_Parameterization" time="71.031" classname="DriverScripts_Scenarios.EventSubscription_proudction_csr_Validation"/>
  <testcase name="Do_Parameterization" time="76.966" classname="DriverScripts_Scenarios.EventSubscription_proudction_csr_Validation"/>
  <testcase name="Do_Parameterization" time="0.000" classname="DriverScripts_Scenarios.EventSubscription_proudction_csr_Validation"/>
  <testcase name="Do_Parameterization" time="0.000" classname="DriverScripts_Scenarios.EventSubscription_proudction_csr_Validation"/>
  <testcase name="Do_Parameterization" time="0.000" classname="DriverScripts_Scenarios.EventSubscription_proudction_csr_Validation"/>
  <testcase name="Do_Parameterization" time="76.835" classname="DriverScripts_Scenarios.EventSubscription_proudction_csr_Validation"/>
  <testcase name="Do_Parameterization" time="0.000" classname="DriverScripts_Scenarios.EventSubscription_proudction_csr_Validation"/>
  <testcase name="Do_Parameterization" time="74.540" classname="DriverScripts_Scenarios.EventSubscription_proudction_csr_Validation"/>
  <testcase name="Do_Parameterization" time="95.762" classname="DriverScripts_Scenarios.EventSubscription_proudction_csr_Validation"/>
  <testcase name="Do_Parameterization" time="71.845" classname="DriverScripts_Scenarios.EventSubscription_proudction_csr_Validation"/>
  <testcase name="Do_Parameterization" time="0.000" classname="DriverScripts_Scenarios.EventSubscription_proudction_csr_Validation"/>
  <testcase name="Do_Parameterization" time="0.000" classname="DriverScripts_Scenarios.EventSubscription_proudction_csr_Validation"/>
  <testcase name="Do_Parameterization" time="0.000" classname="DriverScripts_Scenarios.EventSubscription_proudction_csr_Validation"/>
  <testcase name="Do_Parameterization" time="0.000" classname="DriverScripts_Scenarios.EventSubscription_proudction_csr_Validation"/>
  <testcase name="Do_Parameterization" time="0.000" classname="DriverScripts_Scenarios.EventSubscription_proudction_csr_Validation"/>
  <testcase name="Do_Parameterization" time="74.879" classname="DriverScripts_Scenarios.EventSubscription_proudction_csr_Validation"/>
  <testcase name="Do_Parameterization" time="0.000" classname="DriverScripts_Scenarios.EventSubscription_proudction_csr_Validation"/>
  <testcase name="Do_Parameterization" time="0.000" classname="DriverScripts_Scenarios.EventSubscription_proudction_csr_Validation"/>
  <testcase name="Do_Parameterization" time="0.000" classname="DriverScripts_Scenarios.EventSubscription_proudction_csr_Validation"/>
  <testcase name="Do_Parameterization" time="0.000" classname="DriverScripts_Scenarios.EventSubscription_proudction_csr_Validation"/>
  <testcase name="Do_Parameterization" time="0.000" classname="DriverScripts_Scenarios.EventSubscription_proudction_csr_Validation"/>
  <testcase name="Do_Parameterization" time="0.000" classname="DriverScripts_Scenarios.EventSubscription_proudction_csr_Validation"/>
  <testcase name="Do_Parameterization" time="0.015" classname="DriverScripts_Scenarios.EventSubscription_proudction_csr_Validation"/>
  <testcase name="Do_Parameterization" time="0.000" classname="DriverScripts_Scenarios.EventSubscription_proudction_csr_Validation"/>
  <testcase name="Do_Parameterization" time="82.719" classname="DriverScripts_Scenarios.EventSubscription_proudction_csr_Validation"/>
  <testcase name="Do_Parameterization" time="75.920" classname="DriverScripts_Scenarios.EventSubscription_proudction_csr_Validation"/>
  <testcase name="Do_Parameterization" time="0.000" classname="DriverScripts_Scenarios.EventSubscription_proudction_csr_Validation"/>
  <testcase name="Do_Parameterization" time="0.000" classname="DriverScripts_Scenarios.EventSubscription_proudction_csr_Validation"/>
  <testcase name="Do_Parameterization" time="0.000" classname="DriverScripts_Scenarios.EventSubscription_proudction_csr_Validation"/>
  <testcase name="Do_Parameterization" time="75.363" classname="DriverScripts_Scenarios.EventSubscription_proudction_csr_Validation"/>
  <testcase name="Do_Parameterization" time="0.000" classname="DriverScripts_Scenarios.EventSubscription_proudction_csr_Validation"/>
  <testcase name="Do_Parameterization" time="0.001" classname="DriverScripts_Scenarios.EventSubscription_proudction_csr_Validation"/>
  <testcase name="Do_Parameterization" time="0.000" classname="DriverScripts_Scenarios.EventSubscription_proudction_csr_Validation"/>
  <testcase name="Do_Parameterization" time="0.000" classname="DriverScripts_Scenarios.EventSubscription_proudction_csr_Validation"/>
  <testcase name="Do_Parameterization" time="71.024" classname="DriverScripts_Scenarios.EventSubscription_proudction_csr_Validation"/>
  <testcase name="Do_Parameterization" time="0.000" classname="DriverScripts_Scenarios.EventSubscription_proudction_csr_Validation"/>
  <testcase name="Do_Parameterization" time="0.000" classname="DriverScripts_Scenarios.EventSubscription_proudction_csr_Validation"/>
  <testcase name="Do_Parameterization" time="73.171" classname="DriverScripts_Scenarios.EventSubscription_proudction_csr_Validation"/>
  <testcase name="Do_Parameterization" time="0.000" classname="DriverScripts_Scenarios.EventSubscription_proudction_csr_Validation"/>
  <testcase name="Do_Parameterization" time="76.546" classname="DriverScripts_Scenarios.EventSubscription_proudction_csr_Validation"/>
  <testcase name="Do_Parameterization" time="0.000" classname="DriverScripts_Scenarios.EventSubscription_proudction_csr_Validation"/>
  <testcase name="Do_Parameterization" time="0.000" classname="DriverScripts_Scenarios.EventSubscription_proudction_csr_Validation"/>
  <testcase name="Do_Parameterization" time="0.000" classname="DriverScripts_Scenarios.EventSubscription_proudction_csr_Validation"/>
  <testcase name="Do_Parameterization" time="74.219" classname="DriverScripts_Scenarios.EventSubscription_proudction_csr_Validation"/>
  <testcase name="Do_Parameterization" time="73.681" classname="DriverScripts_Scenarios.EventSubscription_proudction_csr_Validation"/>
  <testcase name="Do_Parameterization" time="75.475" classname="DriverScripts_Scenarios.EventSubscription_proudction_csr_Validation"/>
  <testcase name="Do_Parameterization" time="73.551" classname="DriverScripts_Scenarios.EventSubscription_proudction_csr_Validation"/>
  <testcase name="Do_Parameterization" time="0.000" classname="DriverScripts_Scenarios.EventSubscription_proudction_csr_Validation"/>
  <testcase name="Do_Parameterization" time="73.001" classname="DriverScripts_Scenarios.EventSubscription_proudction_csr_Validation"/>
  <testcase name="Do_Parameterization" time="74.665" classname="DriverScripts_Scenarios.EventSubscription_proudction_csr_Validation"/>
  <testcase name="Do_Parameterization" time="0.000" classname="DriverScripts_Scenarios.EventSubscription_proudction_csr_Validation"/>
  <testcase name="Do_Parameterization" time="0.000" classname="DriverScripts_Scenarios.EventSubscription_proudction_csr_Validation"/>
  <testcase name="Do_Parameterization" time="0.000" classname="DriverScripts_Scenarios.EventSubscription_proudction_csr_Validation"/>
  <testcase name="Do_Parameterization" time="76.197" classname="DriverScripts_Scenarios.EventSubscription_proudction_csr_Validation"/>
  <testcase name="Do_Parameterization" time="0.000" classname="DriverScripts_Scenarios.EventSubscription_proudction_csr_Validation"/>
  <testcase name="Do_Parameterization" time="78.675" classname="DriverScripts_Scenarios.EventSubscription_proudction_csr_Validation"/>
  <testcase name="Do_Parameterization" time="0.000" classname="DriverScripts_Scenarios.EventSubscription_proudction_csr_Validation"/>
  <testcase name="Do_Parameterization" time="0.000" classname="DriverScripts_Scenarios.EventSubscription_proudction_csr_Validation"/>
  <testcase name="Do_Parameterization" time="0.000" classname="DriverScripts_Scenarios.EventSubscription_proudction_csr_Validation"/>
  <testcase name="Do_Parameterization" time="0.000" classname="DriverScripts_Scenarios.EventSubscription_proudction_csr_Validation"/>
  <testcase name="Do_Parameterization" time="75.002" classname="DriverScripts_Scenarios.EventSubscription_proudction_csr_Validation"/>
  <testcase name="Do_Parameterization" time="0.000" classname="DriverScripts_Scenarios.EventSubscription_proudction_csr_Validation"/>
  <testcase name="Do_Parameterization" time="75.045" classname="DriverScripts_Scenarios.EventSubscription_proudction_csr_Validation"/>
  <testcase name="Do_Parameterization" time="0.000" classname="DriverScripts_Scenarios.EventSubscription_proudction_csr_Validation"/>
  <testcase name="Do_Parameterization" time="0.000" classname="DriverScripts_Scenarios.EventSubscription_proudction_csr_Validation"/>
  <testcase name="Do_Parameterization" time="74.885" classname="DriverScripts_Scenarios.EventSubscription_proudction_csr_Validation"/>
  <testcase name="Do_Parameterization" time="0.000" classname="DriverScripts_Scenarios.EventSubscription_proudction_csr_Validation"/>
  <testcase name="Do_Parameterization" time="74.823" classname="DriverScripts_Scenarios.EventSubscription_proudction_csr_Validation"/>
  <testcase name="Do_Parameterization" time="0.000" classname="DriverScripts_Scenarios.EventSubscription_proudction_csr_Validation"/>
  <testcase name="Do_Parameterization" time="0.000" classname="DriverScripts_Scenarios.EventSubscription_proudction_csr_Validation"/>
  <testcase name="Do_Parameterization" time="0.000" classname="DriverScripts_Scenarios.EventSubscription_proudction_csr_Validation"/>
  <testcase name="Do_Parameterization" time="74.454" classname="DriverScripts_Scenarios.EventSubscription_proudction_csr_Validation"/>
  <testcase name="Do_Parameterization" time="0.000" classname="DriverScripts_Scenarios.EventSubscription_proudction_csr_Validation"/>
  <testcase name="Do_Parameterization" time="71.209" classname="DriverScripts_Scenarios.EventSubscription_proudction_csr_Validation"/>
  <testcase name="Do_Parameterization" time="0.000" classname="DriverScripts_Scenarios.EventSubscription_proudction_csr_Validation"/>
  <testcase name="Do_Parameterization" time="75.934" classname="DriverScripts_Scenarios.EventSubscription_proudction_csr_Validation"/>
  <testcase name="Do_Parameterization" time="73.447" classname="DriverScripts_Scenarios.EventSubscription_proudction_csr_Validation"/>
  <testcase name="Do_Parameterization" time="0.000" classname="DriverScripts_Scenarios.EventSubscription_proudction_csr_Validation"/>
  <testcase name="Do_Parameterization" time="69.879" classname="DriverScripts_Scenarios.EventSubscription_proudction_csr_Validation"/>
  <testcase name="Do_Parameterization" time="0.000" classname="DriverScripts_Scenarios.EventSubscription_proudction_csr_Validation"/>
  <testcase name="Do_Parameterization" time="0.000" classname="DriverScripts_Scenarios.EventSubscription_proudction_csr_Validation"/>
  <testcase name="Do_Parameterization" time="73.456" classname="DriverScripts_Scenarios.EventSubscription_proudction_csr_Validation"/>
  <testcase name="Do_Parameterization" time="0.000" classname="DriverScripts_Scenarios.EventSubscription_proudction_csr_Validation"/>
  <testcase name="Do_Parameterization" time="0.000" classname="DriverScripts_Scenarios.EventSubscription_proudction_csr_Validation"/>
  <testcase name="Do_Parameterization" time="73.934" classname="DriverScripts_Scenarios.EventSubscription_proudction_csr_Validation"/>
  <testcase name="Do_Parameterization" time="73.532" classname="DriverScripts_Scenarios.EventSubscription_proudction_csr_Validation"/>
  <testcase name="Do_Parameterization" time="0.016" classname="DriverScripts_Scenarios.EventSubscription_proudction_csr_Validation"/>
  <testcase name="Do_Parameterization" time="74.010" classname="DriverScripts_Scenarios.EventSubscription_proudction_csr_Validation"/>
  <testcase name="Do_Parameterization" time="0.000" classname="DriverScripts_Scenarios.EventSubscription_proudction_csr_Validation"/>
  <testcase name="Do_Parameterization" time="74.446" classname="DriverScripts_Scenarios.EventSubscription_proudction_csr_Validation"/>
  <testcase name="Do_Parameterization" time="0.000" classname="DriverScripts_Scenarios.EventSubscription_proudction_csr_Validation"/>
  <testcase name="Do_Parameterization" time="0.000" classname="DriverScripts_Scenarios.EventSubscription_proudction_csr_Validation"/>
  <testcase name="Do_Parameterization" time="74.767" classname="DriverScripts_Scenarios.EventSubscription_proudction_csr_Validation"/>
  <testcase name="Do_Parameterization" time="0.000" classname="DriverScripts_Scenarios.EventSubscription_proudction_csr_Validation"/>
  <testcase name="Do_Parameterization" time="0.000" classname="DriverScripts_Scenarios.EventSubscription_proudction_csr_Validation"/>
  <testcase name="Do_Parameterization" time="0.000" classname="DriverScripts_Scenarios.EventSubscription_proudction_csr_Validation"/>
  <testcase name="Do_Parameterization" time="76.760" classname="DriverScripts_Scenarios.EventSubscription_proudction_csr_Validation"/>
  <testcase name="Do_Parameterization" time="0.000" classname="DriverScripts_Scenarios.EventSubscription_proudction_csr_Validation"/>
  <testcase name="Do_Parameterization" time="75.263" classname="DriverScripts_Scenarios.EventSubscription_proudction_csr_Validation"/>
  <testcase name="Do_Parameterization" time="0.000" classname="DriverScripts_Scenarios.EventSubscription_proudction_csr_Validation"/>
  <testcase name="Do_Parameterization" time="0.000" classname="DriverScripts_Scenarios.EventSubscription_proudction_csr_Validation"/>
  <testcase name="Do_Parameterization" time="75.075" classname="DriverScripts_Scenarios.EventSubscription_proudction_csr_Validation"/>
  <testcase name="Do_Parameterization" time="71.249" classname="DriverScripts_Scenarios.EventSubscription_proudction_csr_Validation"/>
  <testcase name="Do_Parameterization" time="0.000" classname="DriverScripts_Scenarios.EventSubscription_proudction_csr_Validation"/>
  <testcase name="Do_Parameterization" time="0.000" classname="DriverScripts_Scenarios.EventSubscription_proudction_csr_Validation"/>
  <testcase name="Do_Parameterization" time="0.000" classname="DriverScripts_Scenarios.EventSubscription_proudction_csr_Validation"/>
  <testcase name="Do_Parameterization" time="0.000" classname="DriverScripts_Scenarios.EventSubscription_proudction_csr_Validation"/>
  <testcase name="Do_Parameterization" time="0.000" classname="DriverScripts_Scenarios.EventSubscription_proudction_csr_Validation"/>
  <testcase name="Do_Parameterization" time="0.000" classname="DriverScripts_Scenarios.EventSubscription_proudction_csr_Validation"/>
  <testcase name="Do_Parameterization" time="0.000" classname="DriverScripts_Scenarios.EventSubscription_proudction_csr_Validation"/>
  <testcase name="Do_Parameterization" time="0.016" classname="DriverScripts_Scenarios.EventSubscription_proudction_csr_Validation"/>
  <testcase name="Do_Parameterization" time="74.471" classname="DriverScripts_Scenarios.EventSubscription_proudction_csr_Validation"/>
  <testcase name="Do_Parameterization" time="0.000" classname="DriverScripts_Scenarios.EventSubscription_proudction_csr_Validation"/>
  <testcase name="Do_Parameterization" time="75.516" classname="DriverScripts_Scenarios.EventSubscription_proudction_csr_Validation"/>
  <testcase name="Do_Parameterization" time="0.000" classname="DriverScripts_Scenarios.EventSubscription_proudction_csr_Validation"/>
  <testcase name="Do_Parameterization" time="0.000" classname="DriverScripts_Scenarios.EventSubscription_proudction_csr_Validation"/>
  <testcase name="Do_Parameterization" time="0.000" classname="DriverScripts_Scenarios.EventSubscription_proudction_csr_Validation"/>
  <testcase name="Do_Parameterization" time="0.000" classname="DriverScripts_Scenarios.EventSubscription_proudction_csr_Validation"/>
  <testcase name="Do_Parameterization" time="71.154" classname="DriverScripts_Scenarios.EventSubscription_proudction_csr_Validation"/>
  <testcase name="Do_Parameterization" time="0.000" classname="DriverScripts_Scenarios.EventSubscription_proudction_csr_Validation"/>
  <testcase name="Do_Parameterization" time="0.000" classname="DriverScripts_Scenarios.EventSubscription_proudction_csr_Validation"/>
  <testcase name="Do_Parameterization" time="75.593" classname="DriverScripts_Scenarios.EventSubscription_proudction_csr_Validation"/>
  <testcase name="Do_Parameterization" time="0.000" classname="DriverScripts_Scenarios.EventSubscription_proudction_csr_Validation"/>
  <testcase name="Do_Parameterization" time="93.839" classname="DriverScripts_Scenarios.EventSubscription_proudction_csr_Validation"/>
  <testcase name="Do_Parameterization" time="0.000" classname="DriverScripts_Scenarios.EventSubscription_proudction_csr_Validation"/>
  <testcase name="Do_Parameterization" time="0.000" classname="DriverScripts_Scenarios.EventSubscription_proudction_csr_Validation"/>
  <testcase name="Do_Parameterization" time="0.000" classname="DriverScripts_Scenarios.EventSubscription_proudction_csr_Validation"/>
  <testcase name="Do_Parameterization" time="0.000" classname="DriverScripts_Scenarios.EventSubscription_proudction_csr_Validation"/>
  <testcase name="Do_Parameterization" time="74.390" classname="DriverScripts_Scenarios.EventSubscription_proudction_csr_Validation"/>
  <testcase name="Do_Parameterization" time="72.578" classname="DriverScripts_Scenarios.EventSubscription_proudction_csr_Validation"/>
  <testcase name="Do_Parameterization" time="71.943" classname="DriverScripts_Scenarios.EventSubscription_proudction_csr_Validation"/>
  <testcase name="Do_Parameterization" time="0.000" classname="DriverScripts_Scenarios.EventSubscription_proudction_csr_Validation"/>
  <testcase name="Do_Parameterization" time="0.016" classname="DriverScripts_Scenarios.EventSubscription_proudction_csr_Validation"/>
  <testcase name="Do_Parameterization" time="78.940" classname="DriverScripts_Scenarios.EventSubscription_proudction_csr_Validation"/>
  <testcase name="Do_Parameterization" time="0.000" classname="DriverScripts_Scenarios.EventSubscription_proudction_csr_Validation"/>
  <testcase name="Do_Parameterization" time="0.000" classname="DriverScripts_Scenarios.EventSubscription_proudction_csr_Validation"/>
  <testcase name="Do_Parameterization" time="0.000" classname="DriverScripts_Scenarios.EventSubscription_proudction_csr_Validation"/>
  <testcase name="Do_Parameterization" time="0.000" classname="DriverScripts_Scenarios.EventSubscription_proudction_csr_Validation"/>
  <testcase name="Do_Parameterization" time="0.000" classname="DriverScripts_Scenarios.EventSubscription_proudction_csr_Validation"/>
  <testcase name="Do_Parameterization" time="0.000" classname="DriverScripts_Scenarios.EventSubscription_proudction_csr_Validation"/>
  <testcase name="Do_Parameterization" time="0.000" classname="DriverScripts_Scenarios.EventSubscription_proudction_csr_Validation"/>
  <testcase name="Do_Parameterization" time="74.701" classname="DriverScripts_Scenarios.EventSubscription_proudction_csr_Validation"/>
  <testcase name="Do_Parameterization" time="0.000" classname="DriverScripts_Scenarios.EventSubscription_proudction_csr_Validation"/>
  <testcase name="Do_Parameterization" time="0.000" classname="DriverScripts_Scenarios.EventSubscription_proudction_csr_Validation"/>
  <testcase name="Do_Parameterization" time="0.000" classname="DriverScripts_Scenarios.EventSubscription_proudction_csr_Validation"/>
  <testcase name="Do_Parameterization" time="0.000" classname="DriverScripts_Scenarios.EventSubscription_proudction_csr_Validation"/>
  <testcase name="Do_Parameterization" time="0.000" classname="DriverScripts_Scenarios.EventSubscription_proudction_csr_Validation"/>
  <testcase name="Do_Parameterization" time="0.000" classname="DriverScripts_Scenarios.EventSubscription_proudction_csr_Validation"/>
  <testcase name="Do_Parameterization" time="0.031" classname="DriverScripts_Scenarios.EventSubscription_proudction_csr_Validation"/>
  <testcase name="Do_Parameterization" time="0.000" classname="DriverScripts_Scenarios.EventSubscription_proudction_csr_Validation"/>
  <testcase name="Do_Parameterization" time="74.289" classname="DriverScripts_Scenarios.EventSubscription_proudction_csr_Validation"/>
  <testcase name="Do_Parameterization" time="0.000" classname="DriverScripts_Scenarios.EventSubscription_proudction_csr_Validation"/>
  <testcase name="Do_Parameterization" time="0.000" classname="DriverScripts_Scenarios.EventSubscription_proudction_csr_Validation"/>
  <testcase name="Do_Parameterization" time="0.000" classname="DriverScripts_Scenarios.EventSubscription_proudction_csr_Validation"/>
  <testcase name="Do_Parameterization" time="0.000" classname="DriverScripts_Scenarios.EventSubscription_proudction_csr_Validation"/>
  <testcase name="Do_Parameterization" time="0.000" classname="DriverScripts_Scenarios.EventSubscription_proudction_csr_Validation"/>
  <testcase name="Do_Parameterization" time="0.000" classname="DriverScripts_Scenarios.EventSubscription_proudction_csr_Validation"/>
  <testcase name="Do_Parameterization" time="76.384" classname="DriverScripts_Scenarios.EventSubscription_proudction_csr_Validation"/>
  <testcase name="Do_Parameterization" time="74.809" classname="DriverScripts_Scenarios.EventSubscription_proudction_csr_Validation"/>
  <testcase name="Do_Parameterization" time="76.349" classname="DriverScripts_Scenarios.EventSubscription_proudction_csr_Validation"/>
  <testcase name="Do_Parameterization" time="75.870" classname="DriverScripts_Scenarios.EventSubscription_proudction_csr_Validation"/>
  <testcase name="Do_Parameterization" time="75.360" classname="DriverScripts_Scenarios.EventSubscription_proudction_csr_Validation"/>
  <testcase name="Do_Parameterization" time="0.000" classname="DriverScripts_Scenarios.EventSubscription_proudction_csr_Validation"/>
  <testcase name="Do_Parameterization" time="0.000" classname="DriverScripts_Scenarios.EventSubscription_proudction_csr_Validation"/>
  <testcase name="Do_Parameterization" time="0.000" classname="DriverScripts_Scenarios.EventSubscription_proudction_csr_Validation"/>
  <testcase name="Do_Parameterization" time="0.000" classname="DriverScripts_Scenarios.EventSubscription_proudction_csr_Validation"/>
  <testcase name="Do_Parameterization" time="0.000" classname="DriverScripts_Scenarios.EventSubscription_proudction_csr_Validation"/>
  <testcase name="Do_Parameterization" time="76.116" classname="DriverScripts_Scenarios.EventSubscription_proudction_csr_Validation"/>
  <testcase name="Do_Parameterization" time="73.702" classname="DriverScripts_Scenarios.EventSubscription_proudction_csr_Validation"/>
  <testcase name="Do_Parameterization" time="74.494" classname="DriverScripts_Scenarios.EventSubscription_proudction_csr_Validation"/>
  <testcase name="Do_Parameterization" time="75.568" classname="DriverScripts_Scenarios.EventSubscription_proudction_csr_Validation"/>
  <testcase name="Do_Parameterization" time="0.000" classname="DriverScripts_Scenarios.EventSubscription_proudction_csr_Validation"/>
  <testcase name="Do_Parameterization" time="71.687" classname="DriverScripts_Scenarios.EventSubscription_proudction_csr_Validation"/>
  <testcase name="Do_Parameterization" time="0.000" classname="DriverScripts_Scenarios.EventSubscription_proudction_csr_Validation"/>
  <testcase name="Do_Parameterization" time="74.241" classname="DriverScripts_Scenarios.EventSubscription_proudction_csr_Validation"/>
  <testcase name="Do_Parameterization" time="73.565" classname="DriverScripts_Scenarios.EventSubscription_proudction_csr_Validation"/>
  <testcase name="Do_Parameterization" time="0.000" classname="DriverScripts_Scenarios.EventSubscription_proudction_csr_Validation"/>
  <testcase name="Do_Parameterization" time="0.015" classname="DriverScripts_Scenarios.EventSubscription_proudction_csr_Validation"/>
  <testcase name="Do_Parameterization" time="73.069" classname="DriverScripts_Scenarios.EventSubscription_proudction_csr_Validation"/>
  <testcase name="Do_Parameterization" time="0.000" classname="DriverScripts_Scenarios.EventSubscription_proudction_csr_Validation"/>
  <testcase name="Do_Parameterization" time="73.503" classname="DriverScripts_Scenarios.EventSubscription_proudction_csr_Validation"/>
  <testcase name="Do_Parameterization" time="0.000" classname="DriverScripts_Scenarios.EventSubscription_proudction_csr_Validation"/>
  <testcase name="Do_Parameterization" time="74.278" classname="DriverScripts_Scenarios.EventSubscription_proudction_csr_Validation"/>
  <testcase name="Do_Parameterization" time="0.000" classname="DriverScripts_Scenarios.EventSubscription_proudction_csr_Validation"/>
  <testcase name="Do_Parameterization" time="0.000" classname="DriverScripts_Scenarios.EventSubscription_proudction_csr_Validation"/>
  <testcase name="Do_Parameterization" time="0.000" classname="DriverScripts_Scenarios.EventSubscription_proudction_csr_Validation"/>
  <testcase name="Do_Parameterization" time="0.000" classname="DriverScripts_Scenarios.EventSubscription_proudction_csr_Validation"/>
  <testcase name="Do_Parameterization" time="75.696" classname="DriverScripts_Scenarios.EventSubscription_proudction_csr_Validation"/>
  <testcase name="Do_Parameterization" time="0.000" classname="DriverScripts_Scenarios.EventSubscription_proudction_csr_Validation"/>
  <testcase name="Do_Parameterization" time="0.000" classname="DriverScripts_Scenarios.EventSubscription_proudction_csr_Validation"/>
  <testcase name="Do_Parameterization" time="0.000" classname="DriverScripts_Scenarios.EventSubscription_proudction_csr_Validation"/>
  <testcase name="Do_Parameterization" time="0.000" classname="DriverScripts_Scenarios.EventSubscription_proudction_csr_Validation"/>
  <testcase name="Do_Parameterization" time="0.000" classname="DriverScripts_Scenarios.EventSubscription_proudction_csr_Validation"/>
  <testcase name="Do_Parameterization" time="0.000" classname="DriverScripts_Scenarios.EventSubscription_proudction_csr_Validation"/>
  <testcase name="Do_Parameterization" time="0.000" classname="DriverScripts_Scenarios.EventSubscription_proudction_csr_Validation"/>
  <testcase name="Do_Parameterization" time="0.000" classname="DriverScripts_Scenarios.EventSubscription_proudction_csr_Validation"/>
  <testcase name="Do_Parameterization" time="0.000" classname="DriverScripts_Scenarios.EventSubscription_proudction_csr_Validation"/>
  <testcase name="Do_Parameterization" time="69.136" classname="DriverScripts_Scenarios.EventSubscription_proudction_csr_Validation"/>
  <testcase name="Do_Parameterization" time="79.678" classname="DriverScripts_Scenarios.EventSubscription_proudction_csr_Validation"/>
  <testcase name="Do_Parameterization" time="0.000" classname="DriverScripts_Scenarios.EventSubscription_proudction_csr_Validation"/>
  <testcase name="Do_Parameterization" time="0.000" classname="DriverScripts_Scenarios.EventSubscription_proudction_csr_Validation"/>
  <testcase name="Do_Parameterization" time="0.000" classname="DriverScripts_Scenarios.EventSubscription_proudction_csr_Validation"/>
  <testcase name="Do_Parameterization" time="0.000" classname="DriverScripts_Scenarios.EventSubscription_proudction_csr_Validation"/>
  <testcase name="Do_Parameterization" time="80.120" classname="DriverScripts_Scenarios.EventSubscription_proudction_csr_Validation"/>
  <testcase name="Do_Parameterization" time="0.000" classname="DriverScripts_Scenarios.EventSubscription_proudction_csr_Validation"/>
  <testcase name="Do_Parameterization" time="0.000" classname="DriverScripts_Scenarios.EventSubscription_proudction_csr_Validation"/>
  <testcase name="Do_Parameterization" time="0.000" classname="DriverScripts_Scenarios.EventSubscription_proudction_csr_Validation"/>
  <testcase name="Do_Parameterization" time="74.410" classname="DriverScripts_Scenarios.EventSubscription_proudction_csr_Validation"/>
  <testcase name="Do_Parameterization" time="0.000" classname="DriverScripts_Scenarios.EventSubscription_proudction_csr_Validation"/>
  <testcase name="Do_Parameterization" time="74.432" classname="DriverScripts_Scenarios.EventSubscription_proudction_csr_Validation"/>
  <testcase name="Do_Parameterization" time="0.000" classname="DriverScripts_Scenarios.EventSubscription_proudction_csr_Validation"/>
  <testcase name="Do_Parameterization" time="70.525" classname="DriverScripts_Scenarios.EventSubscription_proudction_csr_Validation"/>
  <testcase name="Do_Parameterization" time="0.000" classname="DriverScripts_Scenarios.EventSubscription_proudction_csr_Validation"/>
  <testcase name="Do_Parameterization" time="0.000" classname="DriverScripts_Scenarios.EventSubscription_proudction_csr_Validation"/>
  <testcase name="Do_Parameterization" time="0.000" classname="DriverScripts_Scenarios.EventSubscription_proudction_csr_Validation"/>
  <testcase name="Do_Parameterization" time="95.047" classname="DriverScripts_Scenarios.EventSubscription_proudction_csr_Validation"/>
  <testcase name="Do_Parameterization" time="0.000" classname="DriverScripts_Scenarios.EventSubscription_proudction_csr_Validation"/>
  <testcase name="Do_Parameterization" time="0.000" classname="DriverScripts_Scenarios.EventSubscription_proudction_csr_Validation"/>
  <testcase name="Do_Parameterization" time="0.000" classname="DriverScripts_Scenarios.EventSubscription_proudction_csr_Validation"/>
  <testcase name="Do_Parameterization" time="0.001" classname="DriverScripts_Scenarios.EventSubscription_proudction_csr_Validation"/>
  <testcase name="Do_Parameterization" time="72.907" classname="DriverScripts_Scenarios.EventSubscription_proudction_csr_Validation"/>
  <testcase name="Do_Parameterization" time="74.254" classname="DriverScripts_Scenarios.EventSubscription_proudction_csr_Validation"/>
  <testcase name="Do_Parameterization" time="73.918" classname="DriverScripts_Scenarios.EventSubscription_proudction_csr_Validation"/>
  <testcase name="Do_Parameterization" time="0.000" classname="DriverScripts_Scenarios.EventSubscription_proudction_csr_Validation"/>
  <testcase name="Do_Parameterization" time="0.000" classname="DriverScripts_Scenarios.EventSubscription_proudction_csr_Validation"/>
  <testcase name="Do_Parameterization" time="67.915" classname="DriverScripts_Scenarios.EventSubscription_proudction_csr_Validation"/>
  <testcase name="Do_Parameterization" time="0.000" classname="DriverScripts_Scenarios.EventSubscription_proudction_csr_Validation"/>
  <testcase name="Do_Parameterization" time="0.000" classname="DriverScripts_Scenarios.EventSubscription_proudction_csr_Validation"/>
  <testcase name="Do_Parameterization" time="0.000" classname="DriverScripts_Scenarios.EventSubscription_proudction_csr_Validation"/>
  <testcase name="Do_Parameterization" time="76.480" classname="DriverScripts_Scenarios.EventSubscription_proudction_csr_Validation"/>
  <testcase name="Do_Parameterization" time="0.000" classname="DriverScripts_Scenarios.EventSubscription_proudction_csr_Validation"/>
  <testcase name="Do_Parameterization" time="0.000" classname="DriverScripts_Scenarios.EventSubscription_proudction_csr_Validation"/>
  <testcase name="Do_Parameterization" time="74.096" classname="DriverScripts_Scenarios.EventSubscription_proudction_csr_Validation"/>
  <testcase name="Do_Parameterization" time="70.239" classname="DriverScripts_Scenarios.EventSubscription_proudction_csr_Validation"/>
  <testcase name="Do_Parameterization" time="76.615" classname="DriverScripts_Scenarios.EventSubscription_proudction_csr_Validation"/>
  <testcase name="Do_Parameterization" time="0.000" classname="DriverScripts_Scenarios.EventSubscription_proudction_csr_Validation"/>
  <testcase name="Do_Parameterization" time="74.215" classname="DriverScripts_Scenarios.EventSubscription_proudction_csr_Validation"/>
  <testcase name="Do_Parameterization" time="0.000" classname="DriverScripts_Scenarios.EventSubscription_proudction_csr_Validation"/>
  <testcase name="Do_Parameterization" time="71.685" classname="DriverScripts_Scenarios.EventSubscription_proudction_csr_Validation"/>
  <testcase name="Do_Parameterization" time="75.009" classname="DriverScripts_Scenarios.EventSubscription_proudction_csr_Validation"/>
  <testcase name="Do_Parameterization" time="0.000" classname="DriverScripts_Scenarios.EventSubscription_proudction_csr_Validation"/>
  <testcase name="Do_Parameterization" time="0.000" classname="DriverScripts_Scenarios.EventSubscription_proudction_csr_Validation"/>
  <testcase name="Do_Parameterization" time="74.085" classname="DriverScripts_Scenarios.EventSubscription_proudction_csr_Validation"/>
  <testcase name="Do_Parameterization" time="81.198" classname="DriverScripts_Scenarios.EventSubscription_proudction_csr_Validation"/>
  <testcase name="Do_Parameterization" time="0.000" classname="DriverScripts_Scenarios.EventSubscription_proudction_csr_Validation"/>
  <testcase name="Do_Parameterization" time="0.000" classname="DriverScripts_Scenarios.EventSubscription_proudction_csr_Validation"/>
  <testcase name="Do_Parameterization" time="76.929" classname="DriverScripts_Scenarios.EventSubscription_proudction_csr_Validation"/>
  <testcase name="Do_Parameterization" time="70.230" classname="DriverScripts_Scenarios.EventSubscription_proudction_csr_Validation"/>
  <testcase name="Do_Parameterization" time="75.011" classname="DriverScripts_Scenarios.EventSubscription_proudction_csr_Validation"/>
  <testcase name="Do_Parameterization" time="0.000" classname="DriverScripts_Scenarios.EventSubscription_proudction_csr_Validation"/>
  <testcase name="Do_Parameterization" time="0.000" classname="DriverScripts_Scenarios.EventSubscription_proudction_csr_Validation"/>
  <testcase name="Do_Parameterization" time="0.000" classname="DriverScripts_Scenarios.EventSubscription_proudction_csr_Validation"/>
  <testcase name="Do_Parameterization" time="0.000" classname="DriverScripts_Scenarios.EventSubscription_proudction_csr_Validation"/>
  <testcase name="Do_Parameterization" time="73.542" classname="DriverScripts_Scenarios.EventSubscription_proudction_csr_Validation"/>
  <testcase name="Do_Parameterization" time="0.000" classname="DriverScripts_Scenarios.EventSubscription_proudction_csr_Validation"/>
  <testcase name="Do_Parameterization" time="0.000" classname="DriverScripts_Scenarios.EventSubscription_proudction_csr_Validation"/>
  <testcase name="Do_Parameterization" time="0.000" classname="DriverScripts_Scenarios.EventSubscription_proudction_csr_Validation"/>
  <testcase name="Do_Parameterization" time="0.000" classname="DriverScripts_Scenarios.EventSubscription_proudction_csr_Validation"/>
  <testcase name="Do_Parameterization" time="0.000" classname="DriverScripts_Scenarios.EventSubscription_proudction_csr_Validation"/>
  <testcase name="Do_Parameterization" time="0.000" classname="DriverScripts_Scenarios.EventSubscription_proudction_csr_Validation"/>
  <testcase name="Do_Parameterization" time="79.237" classname="DriverScripts_Scenarios.EventSubscription_proudction_csr_Validation"/>
  <testcase name="Do_Parameterization" time="74.875" classname="DriverScripts_Scenarios.EventSubscription_proudction_csr_Validation"/>
  <testcase name="Do_Parameterization" time="0.000" classname="DriverScripts_Scenarios.EventSubscription_proudction_csr_Validation"/>
  <testcase name="Do_Parameterization" time="0.000" classname="DriverScripts_Scenarios.EventSubscription_proudction_csr_Validation"/>
  <testcase name="Do_Parameterization" time="0.000" classname="DriverScripts_Scenarios.EventSubscription_proudction_csr_Validation"/>
  <testcase name="Do_Parameterization" time="0.000" classname="DriverScripts_Scenarios.EventSubscription_proudction_csr_Validation"/>
  <testcase name="Do_Parameterization" time="0.000" classname="DriverScripts_Scenarios.EventSubscription_proudction_csr_Validation"/>
  <testcase name="Do_Parameterization" time="0.000" classname="DriverScripts_Scenarios.EventSubscription_proudction_csr_Validation"/>
  <testcase name="Do_Parameterization" time="75.921" classname="DriverScripts_Scenarios.EventSubscription_proudction_csr_Validation"/>
  <testcase name="Do_Parameterization" time="73.799" classname="DriverScripts_Scenarios.EventSubscription_proudction_csr_Validation"/>
  <testcase name="Do_Parameterization" time="0.001" classname="DriverScripts_Scenarios.EventSubscription_proudction_csr_Validation"/>
  <testcase name="Do_Parameterization" time="0.000" classname="DriverScripts_Scenarios.EventSubscription_proudction_csr_Validation"/>
  <testcase name="Do_Parameterization" time="0.000" classname="DriverScripts_Scenarios.EventSubscription_proudction_csr_Validation"/>
  <testcase name="Do_Parameterization" time="71.032" classname="DriverScripts_Scenarios.EventSubscription_proudction_csr_Validation"/>
  <testcase name="Do_Parameterization" time="0.000" classname="DriverScripts_Scenarios.EventSubscription_proudction_csr_Validation"/>
  <testcase name="Do_Parameterization" time="0.000" classname="DriverScripts_Scenarios.EventSubscription_proudction_csr_Validation"/>
  <testcase name="Do_Parameterization" time="75.737" classname="DriverScripts_Scenarios.EventSubscription_proudction_csr_Validation"/>
  <testcase name="Do_Parameterization" time="0.000" classname="DriverScripts_Scenarios.EventSubscription_proudction_csr_Validation"/>
  <testcase name="Do_Parameterization" time="76.119" classname="DriverScripts_Scenarios.EventSubscription_proudction_csr_Validation"/>
  <testcase name="Do_Parameterization" time="74.819" classname="DriverScripts_Scenarios.EventSubscription_proudction_csr_Validation"/>
  <testcase name="Do_Parameterization" time="0.000" classname="DriverScripts_Scenarios.EventSubscription_proudction_csr_Validation"/>
  <testcase name="Do_Parameterization" time="76.329" classname="DriverScripts_Scenarios.EventSubscription_proudction_csr_Validation"/>
  <testcase name="Do_Parameterization" time="74.877" classname="DriverScripts_Scenarios.EventSubscription_proudction_csr_Validation"/>
  <testcase name="Do_Parameterization" time="75.251" classname="DriverScripts_Scenarios.EventSubscription_proudction_csr_Validation"/>
  <testcase name="Do_Parameterization" time="0.000" classname="DriverScripts_Scenarios.EventSubscription_proudction_csr_Validation"/>
  <testcase name="Do_Parameterization" time="0.000" classname="DriverScripts_Scenarios.EventSubscription_proudction_csr_Validation"/>
  <testcase name="Do_Parameterization" time="74.859" classname="DriverScripts_Scenarios.EventSubscription_proudction_csr_Validation"/>
  <testcase name="Do_Parameterization" time="0.000" classname="DriverScripts_Scenarios.EventSubscription_proudction_csr_Validation"/>
  <testcase name="Do_Parameterization" time="0.000" classname="DriverScripts_Scenarios.EventSubscription_proudction_csr_Validation"/>
  <testcase name="Do_Parameterization" time="0.000" classname="DriverScripts_Scenarios.EventSubscription_proudction_csr_Validation"/>
  <testcase name="Do_Parameterization" time="0.000" classname="DriverScripts_Scenarios.EventSubscription_proudction_csr_Validation"/>
  <testcase name="Do_Parameterization" time="0.016" classname="DriverScripts_Scenarios.EventSubscription_proudction_csr_Validation"/>
  <testcase name="Do_Parameterization" time="0.000" classname="DriverScripts_Scenarios.EventSubscription_proudction_csr_Validation"/>
  <testcase name="Do_Parameterization" time="0.000" classname="DriverScripts_Scenarios.EventSubscription_proudction_csr_Validation"/>
  <testcase name="Do_Parameterization" time="0.000" classname="DriverScripts_Scenarios.EventSubscription_proudction_csr_Validation"/>
  <testcase name="Do_Parameterization" time="0.000" classname="DriverScripts_Scenarios.EventSubscription_proudction_csr_Validation"/>
  <testcase name="Do_Parameterization" time="0.000" classname="DriverScripts_Scenarios.EventSubscription_proudction_csr_Validation"/>
  <testcase name="Do_Parameterization" time="0.000" classname="DriverScripts_Scenarios.EventSubscription_proudction_csr_Validation"/>
  <testcase name="Do_Parameterization" time="0.000" classname="DriverScripts_Scenarios.EventSubscription_proudction_csr_Validation"/>
  <testcase name="Do_Parameterization" time="75.735" classname="DriverScripts_Scenarios.EventSubscription_proudction_csr_Validation"/>
  <testcase name="Do_Parameterization" time="74.683" classname="DriverScripts_Scenarios.EventSubscription_proudction_csr_Validation"/>
  <testcase name="Do_Parameterization" time="0.000" classname="DriverScripts_Scenarios.EventSubscription_proudction_csr_Validation"/>
  <testcase name="Do_Parameterization" time="76.581" classname="DriverScripts_Scenarios.EventSubscription_proudction_csr_Validation"/>
  <testcase name="Do_Parameterization" time="0.000" classname="DriverScripts_Scenarios.EventSubscription_proudction_csr_Validation"/>
  <testcase name="Do_Parameterization" time="0.000" classname="DriverScripts_Scenarios.EventSubscription_proudction_csr_Validation"/>
  <testcase name="Do_Parameterization" time="75.923" classname="DriverScripts_Scenarios.EventSubscription_proudction_csr_Validation"/>
  <testcase name="Do_Parameterization" time="75.284" classname="DriverScripts_Scenarios.EventSubscription_proudction_csr_Validation"/>
  <testcase name="Do_Parameterization" time="0.000" classname="DriverScripts_Scenarios.EventSubscription_proudction_csr_Validation"/>
  <testcase name="Do_Parameterization" time="74.443" classname="DriverScripts_Scenarios.EventSubscription_proudction_csr_Validation"/>
  <testcase name="Do_Parameterization" time="76.161" classname="DriverScripts_Scenarios.EventSubscription_proudction_csr_Validation"/>
  <testcase name="Do_Parameterization" time="0.000" classname="DriverScripts_Scenarios.EventSubscription_proudction_csr_Validation"/>
  <testcase name="Do_Parameterization" time="0.000" classname="DriverScripts_Scenarios.EventSubscription_proudction_csr_Validation"/>
  <testcase name="Do_Parameterization" time="74.043" classname="DriverScripts_Scenarios.EventSubscription_proudction_csr_Validation"/>
  <testcase name="Do_Parameterization" time="77.675" classname="DriverScripts_Scenarios.EventSubscription_proudction_csr_Validation"/>
  <testcase name="Do_Parameterization" time="73.150" classname="DriverScripts_Scenarios.EventSubscription_proudction_csr_Validation"/>
  <testcase name="Do_Parameterization" time="0.000" classname="DriverScripts_Scenarios.EventSubscription_proudction_csr_Validation"/>
  <testcase name="Do_Parameterization" time="75.785" classname="DriverScripts_Scenarios.EventSubscription_proudction_csr_Validation"/>
  <testcase name="Do_Parameterization" time="92.074" classname="DriverScripts_Scenarios.EventSubscription_proudction_csr_Validation"/>
  <testcase name="Do_Parameterization" time="0.000" classname="DriverScripts_Scenarios.EventSubscription_proudction_csr_Validation"/>
  <testcase name="Do_Parameterization" time="74.520" classname="DriverScripts_Scenarios.EventSubscription_proudction_csr_Validation"/>
  <testcase name="Do_Parameterization" time="0.000" classname="DriverScripts_Scenarios.EventSubscription_proudction_csr_Validation"/>
  <testcase name="Do_Parameterization" time="0.000" classname="DriverScripts_Scenarios.EventSubscription_proudction_csr_Validation"/>
  <testcase name="Do_Parameterization" time="0.000" classname="DriverScripts_Scenarios.EventSubscription_proudction_csr_Validation"/>
  <testcase name="Do_Parameterization" time="0.000" classname="DriverScripts_Scenarios.EventSubscription_proudction_csr_Validation"/>
  <testcase name="Do_Parameterization" time="0.000" classname="DriverScripts_Scenarios.EventSubscription_proudction_csr_Validation"/>
  <testcase name="Do_Parameterization" time="0.000" classname="DriverScripts_Scenarios.EventSubscription_proudction_csr_Validation"/>
  <testcase name="Do_Parameterization" time="71.253" classname="DriverScripts_Scenarios.EventSubscription_proudction_csr_Validation"/>
  <testcase name="Do_Parameterization" time="74.042" classname="DriverScripts_Scenarios.EventSubscription_proudction_csr_Validation"/>
  <testcase name="Do_Parameterization" time="70.077" classname="DriverScripts_Scenarios.EventSubscription_proudction_csr_Validation"/>
  <testcase name="Do_Parameterization" time="0.000" classname="DriverScripts_Scenarios.EventSubscription_proudction_csr_Validation"/>
  <testcase name="Do_Parameterization" time="74.128" classname="DriverScripts_Scenarios.EventSubscription_proudction_csr_Validation"/>
  <testcase name="Do_Parameterization" time="0.000" classname="DriverScripts_Scenarios.EventSubscription_proudction_csr_Validation"/>
  <testcase name="Do_Parameterization" time="75.689" classname="DriverScripts_Scenarios.EventSubscription_proudction_csr_Validation"/>
  <testcase name="Do_Parameterization" time="0.000" classname="DriverScripts_Scenarios.EventSubscription_proudction_csr_Validation"/>
  <testcase name="Do_Parameterization" time="0.000" classname="DriverScripts_Scenarios.EventSubscription_proudction_csr_Validation"/>
  <testcase name="Do_Parameterization" time="0.031" classname="DriverScripts_Scenarios.EventSubscription_proudction_csr_Validation"/>
  <testcase name="Do_Parameterization" time="71.882" classname="DriverScripts_Scenarios.EventSubscription_proudction_csr_Validation"/>
  <testcase name="Do_Parameterization" time="73.600" classname="DriverScripts_Scenarios.EventSubscription_proudction_csr_Validation"/>
  <testcase name="Do_Parameterization" time="76.020" classname="DriverScripts_Scenarios.EventSubscription_proudction_csr_Validation"/>
  <testcase name="Do_Parameterization" time="74.204" classname="DriverScripts_Scenarios.EventSubscription_proudction_csr_Validation"/>
  <testcase name="Do_Parameterization" time="0.000" classname="DriverScripts_Scenarios.EventSubscription_proudction_csr_Validation"/>
  <testcase name="Do_Parameterization" time="0.000" classname="DriverScripts_Scenarios.EventSubscription_proudction_csr_Validation"/>
  <testcase name="Do_Parameterization" time="0.000" classname="DriverScripts_Scenarios.EventSubscription_proudction_csr_Validation"/>
  <testcase name="Do_Parameterization" time="71.684" classname="DriverScripts_Scenarios.EventSubscription_proudction_csr_Validation"/>
  <testcase name="Do_Parameterization" time="0.000" classname="DriverScripts_Scenarios.EventSubscription_proudction_csr_Validation"/>
  <testcase name="Do_Parameterization" time="69.937" classname="DriverScripts_Scenarios.EventSubscription_proudction_csr_Validation"/>
  <testcase name="Do_Parameterization" time="0.000" classname="DriverScripts_Scenarios.EventSubscription_proudction_csr_Validation"/>
  <testcase name="Do_Parameterization" time="0.000" classname="DriverScripts_Scenarios.EventSubscription_proudction_csr_Validation"/>
  <testcase name="Do_Parameterization" time="0.000" classname="DriverScripts_Scenarios.EventSubscription_proudction_csr_Validation"/>
  <testcase name="Do_Parameterization" time="0.000" classname="DriverScripts_Scenarios.EventSubscription_proudction_csr_Validation"/>
  <testcase name="Do_Parameterization" time="0.000" classname="DriverScripts_Scenarios.EventSubscription_proudction_csr_Validation"/>
  <testcase name="Do_Parameterization" time="75.264" classname="DriverScripts_Scenarios.EventSubscription_proudction_csr_Validation"/>
  <testcase name="Do_Parameterization" time="74.368" classname="DriverScripts_Scenarios.EventSubscription_proudction_csr_Validation"/>
  <testcase name="Do_Parameterization" time="0.000" classname="DriverScripts_Scenarios.EventSubscription_proudction_csr_Validation"/>
  <testcase name="Do_Parameterization" time="75.457" classname="DriverScripts_Scenarios.EventSubscription_proudction_csr_Validation"/>
  <testcase name="Do_Parameterization" time="0.001" classname="DriverScripts_Scenarios.EventSubscription_proudction_csr_Validation"/>
  <testcase name="Do_Parameterization" time="0.000" classname="DriverScripts_Scenarios.EventSubscription_proudction_csr_Validation"/>
  <testcase name="Do_Parameterization" time="75.090" classname="DriverScripts_Scenarios.EventSubscription_proudction_csr_Validation"/>
  <testcase name="Do_Parameterization" time="0.000" classname="DriverScripts_Scenarios.EventSubscription_proudction_csr_Validation"/>
  <testcase name="Do_Parameterization" time="0.000" classname="DriverScripts_Scenarios.EventSubscription_proudction_csr_Validation"/>
  <testcase name="Do_Parameterization" time="0.000" classname="DriverScripts_Scenarios.EventSubscription_proudction_csr_Validation"/>
  <testcase name="Do_Parameterization" time="0.015" classname="DriverScripts_Scenarios.EventSubscription_proudction_csr_Validation"/>
  <testcase name="Do_Parameterization" time="0.000" classname="DriverScripts_Scenarios.EventSubscription_proudction_csr_Validation"/>
  <testcase name="Do_Parameterization" time="0.000" classname="DriverScripts_Scenarios.EventSubscription_proudction_csr_Validation"/>
  <testcase name="Do_Parameterization" time="0.015" classname="DriverScripts_Scenarios.EventSubscription_proudction_csr_Validation"/>
  <testcase name="Do_Parameterization" time="0.000" classname="DriverScripts_Scenarios.EventSubscription_proudction_csr_Validation"/>
  <testcase name="Do_Parameterization" time="0.000" classname="DriverScripts_Scenarios.EventSubscription_proudction_csr_Validation"/>
  <testcase name="Do_Parameterization" time="73.740" classname="DriverScripts_Scenarios.EventSubscription_proudction_csr_Validation"/>
  <testcase name="Do_Parameterization" time="0.000" classname="DriverScripts_Scenarios.EventSubscription_proudction_csr_Validation"/>
  <testcase name="Do_Parameterization" time="0.000" classname="DriverScripts_Scenarios.EventSubscription_proudction_csr_Validation"/>
  <testcase name="Do_Parameterization" time="0.000" classname="DriverScripts_Scenarios.EventSubscription_proudction_csr_Validation"/>
  <testcase name="Do_Parameterization" time="0.000" classname="DriverScripts_Scenarios.EventSubscription_proudction_csr_Validation"/>
  <testcase name="Do_Parameterization" time="0.000" classname="DriverScripts_Scenarios.EventSubscription_proudction_csr_Validation"/>
  <testcase name="Do_Parameterization" time="0.000" classname="DriverScripts_Scenarios.EventSubscription_proudction_csr_Validation"/>
  <testcase name="Do_Parameterization" time="75.803" classname="DriverScripts_Scenarios.EventSubscription_proudction_csr_Validation"/>
  <testcase name="Do_Parameterization" time="75.082" classname="DriverScripts_Scenarios.EventSubscription_proudction_csr_Validation"/>
  <testcase name="Do_Parameterization" time="0.000" classname="DriverScripts_Scenarios.EventSubscription_proudction_csr_Validation"/>
  <testcase name="Do_Parameterization" time="0.000" classname="DriverScripts_Scenarios.EventSubscription_proudction_csr_Validation"/>
  <testcase name="Do_Parameterization" time="74.331" classname="DriverScripts_Scenarios.EventSubscription_proudction_csr_Validation"/>
  <testcase name="Do_Parameterization" time="73.909" classname="DriverScripts_Scenarios.EventSubscription_proudction_csr_Validation"/>
  <testcase name="Do_Parameterization" time="74.790" classname="DriverScripts_Scenarios.EventSubscription_proudction_csr_Validation"/>
  <testcase name="Do_Parameterization" time="0.000" classname="DriverScripts_Scenarios.EventSubscription_proudction_csr_Validation"/>
  <testcase name="Do_Parameterization" time="0.000" classname="DriverScripts_Scenarios.EventSubscription_proudction_csr_Validation"/>
  <testcase name="Do_Parameterization" time="75.980" classname="DriverScripts_Scenarios.EventSubscription_proudction_csr_Validation"/>
  <testcase name="Do_Parameterization" time="75.576" classname="DriverScripts_Scenarios.EventSubscription_proudction_csr_Validation"/>
  <testcase name="Do_Parameterization" time="0.000" classname="DriverScripts_Scenarios.EventSubscription_proudction_csr_Validation"/>
  <testcase name="Do_Parameterization" time="76.283" classname="DriverScripts_Scenarios.EventSubscription_proudction_csr_Validation"/>
  <testcase name="Do_Parameterization" time="0.000" classname="DriverScripts_Scenarios.EventSubscription_proudction_csr_Validation"/>
  <testcase name="Do_Parameterization" time="0.000" classname="DriverScripts_Scenarios.EventSubscription_proudction_csr_Validation"/>
  <testcase name="Do_Parameterization" time="74.250" classname="DriverScripts_Scenarios.EventSubscription_proudction_csr_Validation"/>
  <testcase name="Do_Parameterization" time="74.179" classname="DriverScripts_Scenarios.EventSubscription_proudction_csr_Validation"/>
  <testcase name="Do_Parameterization" time="72.148" classname="DriverScripts_Scenarios.EventSubscription_proudction_csr_Validation"/>
  <testcase name="Do_Parameterization" time="0.000" classname="DriverScripts_Scenarios.EventSubscription_proudction_csr_Validation"/>
  <testcase name="Do_Parameterization" time="0.000" classname="DriverScripts_Scenarios.EventSubscription_proudction_csr_Validation"/>
  <testcase name="Do_Parameterization" time="75.663" classname="DriverScripts_Scenarios.EventSubscription_proudction_csr_Validation"/>
  <testcase name="Do_Parameterization" time="0.000" classname="DriverScripts_Scenarios.EventSubscription_proudction_csr_Validation"/>
  <testcase name="Do_Parameterization" time="73.973" classname="DriverScripts_Scenarios.EventSubscription_proudction_csr_Validation"/>
  <testcase name="Do_Parameterization" time="0.000" classname="DriverScripts_Scenarios.EventSubscription_proudction_csr_Validation"/>
  <testcase name="Do_Parameterization" time="0.000" classname="DriverScripts_Scenarios.EventSubscription_proudction_csr_Validation"/>
  <testcase name="Do_Parameterization" time="0.016" classname="DriverScripts_Scenarios.EventSubscription_proudction_csr_Validation"/>
  <testcase name="Do_Parameterization" time="0.000" classname="DriverScripts_Scenarios.EventSubscription_proudction_csr_Validation"/>
  <testcase name="Do_Parameterization" time="0.000" classname="DriverScripts_Scenarios.EventSubscription_proudction_csr_Validation"/>
  <testcase name="Do_Parameterization" time="0.000" classname="DriverScripts_Scenarios.EventSubscription_proudction_csr_Validation"/>
  <testcase name="Do_Parameterization" time="71.491" classname="DriverScripts_Scenarios.EventSubscription_proudction_csr_Validation"/>
  <testcase name="Do_Parameterization" time="0.000" classname="DriverScripts_Scenarios.EventSubscription_proudction_csr_Validation"/>
  <testcase name="Do_Parameterization" time="69.640" classname="DriverScripts_Scenarios.EventSubscription_proudction_csr_Validation"/>
  <testcase name="Do_Parameterization" time="0.000" classname="DriverScripts_Scenarios.EventSubscription_proudction_csr_Validation"/>
  <testcase name="Do_Parameterization" time="0.000" classname="DriverScripts_Scenarios.EventSubscription_proudction_csr_Validation"/>
  <testcase name="Do_Parameterization" time="0.000" classname="DriverScripts_Scenarios.EventSubscription_proudction_csr_Validation"/>
  <testcase name="Do_Parameterization" time="0.000" classname="DriverScripts_Scenarios.EventSubscription_proudction_csr_Validation"/>
  <testcase name="Do_Parameterization" time="0.000" classname="DriverScripts_Scenarios.EventSubscription_proudction_csr_Validation"/>
  <testcase name="Do_Parameterization" time="0.000" classname="DriverScripts_Scenarios.EventSubscription_proudction_csr_Validation"/>
  <testcase name="Do_Parameterization" time="0.000" classname="DriverScripts_Scenarios.EventSubscription_proudction_csr_Validation"/>
  <testcase name="Do_Parameterization" time="72.029" classname="DriverScripts_Scenarios.EventSubscription_proudction_csr_Validation"/>
  <testcase name="Do_Parameterization" time="0.000" classname="DriverScripts_Scenarios.EventSubscription_proudction_csr_Validation"/>
  <testcase name="Do_Parameterization" time="74.286" classname="DriverScripts_Scenarios.EventSubscription_proudction_csr_Validation"/>
  <testcase name="Do_Parameterization" time="0.000" classname="DriverScripts_Scenarios.EventSubscription_proudction_csr_Validation"/>
  <testcase name="Do_Parameterization" time="0.000" classname="DriverScripts_Scenarios.EventSubscription_proudction_csr_Validation"/>
  <testcase name="Do_Parameterization" time="0.000" classname="DriverScripts_Scenarios.EventSubscription_proudction_csr_Validation"/>
  <testcase name="Do_Parameterization" time="0.000" classname="DriverScripts_Scenarios.EventSubscription_proudction_csr_Validation"/>
  <testcase name="Do_Parameterization" time="0.000" classname="DriverScripts_Scenarios.EventSubscription_proudction_csr_Validation"/>
  <testcase name="Do_Parameterization" time="0.000" classname="DriverScripts_Scenarios.EventSubscription_proudction_csr_Validation"/>
  <testcase name="Do_Parameterization" time="0.000" classname="DriverScripts_Scenarios.EventSubscription_proudction_csr_Validation"/>
  <testcase name="Do_Parameterization" time="70.932" classname="DriverScripts_Scenarios.EventSubscription_proudction_csr_Validation"/>
  <testcase name="Do_Parameterization" time="76.007" classname="DriverScripts_Scenarios.EventSubscription_proudction_csr_Validation"/>
  <testcase name="Do_Parameterization" time="0.016" classname="DriverScripts_Scenarios.EventSubscription_proudction_csr_Validation"/>
  <testcase name="Do_Parameterization" time="0.015" classname="DriverScripts_Scenarios.EventSubscription_proudction_csr_Validation"/>
  <testcase name="Do_Parameterization" time="75.009" classname="DriverScripts_Scenarios.EventSubscription_proudction_csr_Validation"/>
  <testcase name="Do_Parameterization" time="0.000" classname="DriverScripts_Scenarios.EventSubscription_proudction_csr_Validation"/>
  <testcase name="Do_Parameterization" time="0.000" classname="DriverScripts_Scenarios.EventSubscription_proudction_csr_Validation"/>
  <testcase name="Do_Parameterization" time="0.047" classname="DriverScripts_Scenarios.EventSubscription_proudction_csr_Validation"/>
  <testcase name="Do_Parameterization" time="0.000" classname="DriverScripts_Scenarios.EventSubscription_proudction_csr_Validation"/>
  <testcase name="Do_Parameterization" time="70.626" classname="DriverScripts_Scenarios.EventSubscription_proudction_csr_Validation"/>
  <testcase name="Do_Parameterization" time="0.016" classname="DriverScripts_Scenarios.EventSubscription_proudction_csr_Validation"/>
  <testcase name="Do_Parameterization" time="0.000" classname="DriverScripts_Scenarios.EventSubscription_proudction_csr_Validation"/>
  <testcase name="Do_Parameterization" time="0.000" classname="DriverScripts_Scenarios.EventSubscription_proudction_csr_Validation"/>
  <testcase name="Do_Parameterization" time="0.000" classname="DriverScripts_Scenarios.EventSubscription_proudction_csr_Validation"/>
  <testcase name="Do_Parameterization" time="0.000" classname="DriverScripts_Scenarios.EventSubscription_proudction_csr_Validation"/>
  <testcase name="Do_Parameterization" time="74.041" classname="DriverScripts_Scenarios.EventSubscription_proudction_csr_Validation"/>
  <testcase name="Do_Parameterization" time="0.000" classname="DriverScripts_Scenarios.EventSubscription_proudction_csr_Validation"/>
  <testcase name="Do_Parameterization" time="75.306" classname="DriverScripts_Scenarios.EventSubscription_proudction_csr_Validation"/>
  <testcase name="Do_Parameterization" time="0.000" classname="DriverScripts_Scenarios.EventSubscription_proudction_csr_Validation"/>
  <testcase name="Do_Parameterization" time="74.995" classname="DriverScripts_Scenarios.EventSubscription_proudction_csr_Validation"/>
  <testcase name="Do_Parameterization" time="0.000" classname="DriverScripts_Scenarios.EventSubscription_proudction_csr_Validation"/>
  <testcase name="Do_Parameterization" time="0.015" classname="DriverScripts_Scenarios.EventSubscription_proudction_csr_Validation"/>
  <testcase name="Do_Parameterization" time="0.000" classname="DriverScripts_Scenarios.EventSubscription_proudction_csr_Validation"/>
  <testcase name="Do_Parameterization" time="73.022" classname="DriverScripts_Scenarios.EventSubscription_proudction_csr_Validation"/>
  <testcase name="Do_Parameterization" time="0.000" classname="DriverScripts_Scenarios.EventSubscription_proudction_csr_Validation"/>
  <testcase name="Do_Parameterization" time="0.000" classname="DriverScripts_Scenarios.EventSubscription_proudction_csr_Validation"/>
  <testcase name="Do_Parameterization" time="0.000" classname="DriverScripts_Scenarios.EventSubscription_proudction_csr_Validation"/>
  <testcase name="Do_Parameterization" time="73.587" classname="DriverScripts_Scenarios.EventSubscription_proudction_csr_Validation"/>
  <testcase name="Do_Parameterization" time="76.457" classname="DriverScripts_Scenarios.EventSubscription_proudction_csr_Validation"/>
  <testcase name="Do_Parameterization" time="0.016" classname="DriverScripts_Scenarios.EventSubscription_proudction_csr_Validation"/>
  <testcase name="Do_Parameterization" time="0.000" classname="DriverScripts_Scenarios.EventSubscription_proudction_csr_Validation"/>
  <testcase name="Do_Parameterization" time="0.000" classname="DriverScripts_Scenarios.EventSubscription_proudction_csr_Validation"/>
  <testcase name="Do_Parameterization" time="0.000" classname="DriverScripts_Scenarios.EventSubscription_proudction_csr_Validation"/>
  <testcase name="Do_Parameterization" time="0.016" classname="DriverScripts_Scenarios.EventSubscription_proudction_csr_Validation"/>
  <testcase name="Do_Parameterization" time="0.000" classname="DriverScripts_Scenarios.EventSubscription_proudction_csr_Validation"/>
  <testcase name="Do_Parameterization" time="75.063" classname="DriverScripts_Scenarios.EventSubscription_proudction_csr_Validation"/>
  <testcase name="Do_Parameterization" time="0.000" classname="DriverScripts_Scenarios.EventSubscription_proudction_csr_Validation"/>
  <testcase name="Do_Parameterization" time="0.000" classname="DriverScripts_Scenarios.EventSubscription_proudction_csr_Validation"/>
  <testcase name="Do_Parameterization" time="74.384" classname="DriverScripts_Scenarios.EventSubscription_proudction_csr_Validation"/>
  <testcase name="Do_Parameterization" time="0.000" classname="DriverScripts_Scenarios.EventSubscription_proudction_csr_Validation"/>
  <testcase name="Do_Parameterization" time="0.000" classname="DriverScripts_Scenarios.EventSubscription_proudction_csr_Validation"/>
  <testcase name="Do_Parameterization" time="0.000" classname="DriverScripts_Scenarios.EventSubscription_proudction_csr_Validation"/>
  <testcase name="Do_Parameterization" time="0.015" classname="DriverScripts_Scenarios.EventSubscription_proudction_csr_Validation"/>
  <testcase name="Do_Parameterization" time="0.000" classname="DriverScripts_Scenarios.EventSubscription_proudction_csr_Validation"/>
  <testcase name="Do_Parameterization" time="75.147" classname="DriverScripts_Scenarios.EventSubscription_proudction_csr_Validation"/>
  <testcase name="Do_Parameterization" time="73.539" classname="DriverScripts_Scenarios.EventSubscription_proudction_csr_Validation"/>
  <testcase name="Do_Parameterization" time="75.486" classname="DriverScripts_Scenarios.EventSubscription_proudction_csr_Validation"/>
  <testcase name="Do_Parameterization" time="0.000" classname="DriverScripts_Scenarios.EventSubscription_proudction_csr_Validation"/>
  <testcase name="Do_Parameterization" time="0.000" classname="DriverScripts_Scenarios.EventSubscription_proudction_csr_Validation"/>
  <testcase name="Do_Parameterization" time="74.334" classname="DriverScripts_Scenarios.EventSubscription_proudction_csr_Validation"/>
  <testcase name="Do_Parameterization" time="73.169" classname="DriverScripts_Scenarios.EventSubscription_proudction_csr_Validation"/>
  <testcase name="Do_Parameterization" time="0.000" classname="DriverScripts_Scenarios.EventSubscription_proudction_csr_Validation"/>
  <testcase name="Do_Parameterization" time="0.000" classname="DriverScripts_Scenarios.EventSubscription_proudction_csr_Validation"/>
  <testcase name="Do_Parameterization" time="74.114" classname="DriverScripts_Scenarios.EventSubscription_proudction_csr_Validation"/>
  <testcase name="Do_Parameterization" time="0.000" classname="DriverScripts_Scenarios.EventSubscription_proudction_csr_Validation"/>
  <testcase name="Do_Parameterization" time="0.000" classname="DriverScripts_Scenarios.EventSubscription_proudction_csr_Validation"/>
  <testcase name="Do_Parameterization" time="79.531" classname="DriverScripts_Scenarios.EventSubscription_proudction_csr_Validation"/>
  <testcase name="Do_Parameterization" time="73.452" classname="DriverScripts_Scenarios.EventSubscription_proudction_csr_Validation"/>
  <testcase name="Do_Parameterization" time="74.644" classname="DriverScripts_Scenarios.EventSubscription_proudction_csr_Validation"/>
  <testcase name="Do_Parameterization" time="0.000" classname="DriverScripts_Scenarios.EventSubscription_proudction_csr_Validation"/>
  <testcase name="Do_Parameterization" time="0.000" classname="DriverScripts_Scenarios.EventSubscription_proudction_csr_Validation"/>
  <testcase name="Do_Parameterization" time="0.000" classname="DriverScripts_Scenarios.EventSubscription_proudction_csr_Validation"/>
  <testcase name="Do_Parameterization" time="0.000" classname="DriverScripts_Scenarios.EventSubscription_proudction_csr_Validation"/>
  <testcase name="Do_Parameterization" time="0.000" classname="DriverScripts_Scenarios.EventSubscription_proudction_csr_Validation"/>
  <testcase name="Do_Parameterization" time="0.016" classname="DriverScripts_Scenarios.EventSubscription_proudction_csr_Validation"/>
  <testcase name="Do_Parameterization" time="73.655" classname="DriverScripts_Scenarios.EventSubscription_proudction_csr_Validation"/>
  <testcase name="Do_Parameterization" time="74.515" classname="DriverScripts_Scenarios.EventSubscription_proudction_csr_Validation"/>
  <testcase name="Do_Parameterization" time="76.189" classname="DriverScripts_Scenarios.EventSubscription_proudction_csr_Validation"/>
  <testcase name="Do_Parameterization" time="0.000" classname="DriverScripts_Scenarios.EventSubscription_proudction_csr_Validation"/>
  <testcase name="Do_Parameterization" time="74.742" classname="DriverScripts_Scenarios.EventSubscription_proudction_csr_Validation"/>
  <testcase name="Do_Parameterization" time="0.000" classname="DriverScripts_Scenarios.EventSubscription_proudction_csr_Validation"/>
  <testcase name="Do_Parameterization" time="73.819" classname="DriverScripts_Scenarios.EventSubscription_proudction_csr_Validation"/>
  <testcase name="Do_Parameterization" time="0.000" classname="DriverScripts_Scenarios.EventSubscription_proudction_csr_Validation"/>
  <testcase name="Do_Parameterization" time="0.000" classname="DriverScripts_Scenarios.EventSubscription_proudction_csr_Validation"/>
  <testcase name="Do_Parameterization" time="76.790" classname="DriverScripts_Scenarios.EventSubscription_proudction_csr_Validation"/>
  <testcase name="Do_Parameterization" time="0.000" classname="DriverScripts_Scenarios.EventSubscription_proudction_csr_Validation"/>
  <testcase name="Do_Parameterization" time="0.000" classname="DriverScripts_Scenarios.EventSubscription_proudction_csr_Validation"/>
  <testcase name="Do_Parameterization" time="0.000" classname="DriverScripts_Scenarios.EventSubscription_proudction_csr_Validation"/>
  <testcase name="Do_Parameterization" time="75.441" classname="DriverScripts_Scenarios.EventSubscription_proudction_csr_Validation"/>
  <testcase name="Do_Parameterization" time="0.000" classname="DriverScripts_Scenarios.EventSubscription_proudction_csr_Validation"/>
  <testcase name="Do_Parameterization" time="0.000" classname="DriverScripts_Scenarios.EventSubscription_proudction_csr_Validation"/>
  <testcase name="Do_Parameterization" time="0.000" classname="DriverScripts_Scenarios.EventSubscription_proudction_csr_Validation"/>
  <testcase name="Do_Parameterization" time="75.132" classname="DriverScripts_Scenarios.EventSubscription_proudction_csr_Validation"/>
  <testcase name="Do_Parameterization" time="74.649" classname="DriverScripts_Scenarios.EventSubscription_proudction_csr_Validation"/>
  <testcase name="Do_Parameterization" time="70.835" classname="DriverScripts_Scenarios.EventSubscription_proudction_csr_Validation"/>
  <testcase name="Do_Parameterization" time="0.000" classname="DriverScripts_Scenarios.EventSubscription_proudction_csr_Validation"/>
  <testcase name="Do_Parameterization" time="73.137" classname="DriverScripts_Scenarios.EventSubscription_proudction_csr_Validation"/>
  <testcase name="Do_Parameterization" time="0.000" classname="DriverScripts_Scenarios.EventSubscription_proudction_csr_Validation"/>
  <testcase name="Do_Parameterization" time="75.360" classname="DriverScripts_Scenarios.EventSubscription_proudction_csr_Validation"/>
  <testcase name="Do_Parameterization" time="71.769" classname="DriverScripts_Scenarios.EventSubscription_proudction_csr_Validation"/>
  <testcase name="Do_Parameterization" time="0.000" classname="DriverScripts_Scenarios.EventSubscription_proudction_csr_Validation"/>
  <testcase name="Do_Parameterization" time="0.000" classname="DriverScripts_Scenarios.EventSubscription_proudction_csr_Validation"/>
  <testcase name="Do_Parameterization" time="0.000" classname="DriverScripts_Scenarios.EventSubscription_proudction_csr_Validation"/>
  <testcase name="Do_Parameterization" time="0.000" classname="DriverScripts_Scenarios.EventSubscription_proudction_csr_Validation"/>
  <testcase name="Do_Parameterization" time="0.000" classname="DriverScripts_Scenarios.EventSubscription_proudction_csr_Validation"/>
  <testcase name="Do_Parameterization" time="0.000" classname="DriverScripts_Scenarios.EventSubscription_proudction_csr_Validation"/>
  <testcase name="Do_Parameterization" time="0.000" classname="DriverScripts_Scenarios.EventSubscription_proudction_csr_Validation"/>
  <testcase name="Do_Parameterization" time="0.000" classname="DriverScripts_Scenarios.EventSubscription_proudction_csr_Validation"/>
  <testcase name="Do_Parameterization" time="0.000" classname="DriverScripts_Scenarios.EventSubscription_proudction_csr_Validation"/>
  <testcase name="Do_Parameterization" time="77.125" classname="DriverScripts_Scenarios.EventSubscription_proudction_csr_Validation"/>
  <testcase name="Do_Parameterization" time="75.146" classname="DriverScripts_Scenarios.EventSubscription_proudction_csr_Validation"/>
  <testcase name="Do_Parameterization" time="0.000" classname="DriverScripts_Scenarios.EventSubscription_proudction_csr_Validation"/>
  <testcase name="Do_Parameterization" time="0.000" classname="DriverScripts_Scenarios.EventSubscription_proudction_csr_Validation"/>
  <testcase name="Do_Parameterization" time="0.000" classname="DriverScripts_Scenarios.EventSubscription_proudction_csr_Validation"/>
  <testcase name="Do_Parameterization" time="0.000" classname="DriverScripts_Scenarios.EventSubscription_proudction_csr_Validation"/>
  <testcase name="Do_Parameterization" time="0.000" classname="DriverScripts_Scenarios.EventSubscription_proudction_csr_Validation"/>
  <testcase name="Do_Parameterization" time="0.000" classname="DriverScripts_Scenarios.EventSubscription_proudction_csr_Validation"/>
  <testcase name="Do_Parameterization" time="0.000" classname="DriverScripts_Scenarios.EventSubscription_proudction_csr_Validation"/>
  <testcase name="Do_Parameterization" time="85.546" classname="DriverScripts_Scenarios.EventSubscription_proudction_csr_Validation"/>
  <testcase name="Do_Parameterization" time="0.000" classname="DriverScripts_Scenarios.EventSubscription_proudction_csr_Validation"/>
  <testcase name="Do_Parameterization" time="76.297" classname="DriverScripts_Scenarios.EventSubscription_proudction_csr_Validation"/>
  <testcase name="Do_Parameterization" time="0.000" classname="DriverScripts_Scenarios.EventSubscription_proudction_csr_Validation"/>
  <testcase name="Do_Parameterization" time="0.000" classname="DriverScripts_Scenarios.EventSubscription_proudction_csr_Validation"/>
  <testcase name="Do_Parameterization" time="0.000" classname="DriverScripts_Scenarios.EventSubscription_proudction_csr_Validation"/>
  <testcase name="Do_Parameterization" time="0.000" classname="DriverScripts_Scenarios.EventSubscription_proudction_csr_Validation"/>
  <testcase name="Do_Parameterization" time="74.420" classname="DriverScripts_Scenarios.EventSubscription_proudction_csr_Validation"/>
  <testcase name="Do_Parameterization" time="73.871" classname="DriverScripts_Scenarios.EventSubscription_proudction_csr_Validation"/>
  <testcase name="Do_Parameterization" time="77.357" classname="DriverScripts_Scenarios.EventSubscription_proudction_csr_Validation"/>
  <testcase name="Do_Parameterization" time="0.000" classname="DriverScripts_Scenarios.EventSubscription_proudction_csr_Validation"/>
  <testcase name="Do_Parameterization" time="73.619" classname="DriverScripts_Scenarios.EventSubscription_proudction_csr_Validation"/>
  <testcase name="Do_Parameterization" time="0.000" classname="DriverScripts_Scenarios.EventSubscription_proudction_csr_Validation"/>
  <testcase name="Do_Parameterization" time="0.000" classname="DriverScripts_Scenarios.EventSubscription_proudction_csr_Validation"/>
  <testcase name="Do_Parameterization" time="74.731" classname="DriverScripts_Scenarios.EventSubscription_proudction_csr_Validation"/>
  <testcase name="Do_Parameterization" time="0.000" classname="DriverScripts_Scenarios.EventSubscription_proudction_csr_Validation"/>
  <testcase name="Do_Parameterization" time="0.000" classname="DriverScripts_Scenarios.EventSubscription_proudction_csr_Validation"/>
  <testcase name="Do_Parameterization" time="76.545" classname="DriverScripts_Scenarios.EventSubscription_proudction_csr_Validation"/>
  <testcase name="Do_Parameterization" time="0.000" classname="DriverScripts_Scenarios.EventSubscription_proudction_csr_Validation"/>
  <testcase name="Do_Parameterization" time="71.772" classname="DriverScripts_Scenarios.EventSubscription_proudction_csr_Validation"/>
  <testcase name="Do_Parameterization" time="0.000" classname="DriverScripts_Scenarios.EventSubscription_proudction_csr_Validation"/>
  <testcase name="Do_Parameterization" time="0.000" classname="DriverScripts_Scenarios.EventSubscription_proudction_csr_Validation"/>
  <testcase name="Do_Parameterization" time="0.000" classname="DriverScripts_Scenarios.EventSubscription_proudction_csr_Validation"/>
  <testcase name="Do_Parameterization" time="78.894" classname="DriverScripts_Scenarios.EventSubscription_proudction_csr_Validation"/>
  <testcase name="Do_Parameterization" time="0.000" classname="DriverScripts_Scenarios.EventSubscription_proudction_csr_Validation"/>
  <testcase name="Do_Parameterization" time="0.000" classname="DriverScripts_Scenarios.EventSubscription_proudction_csr_Validation"/>
  <testcase name="Do_Parameterization" time="74.844" classname="DriverScripts_Scenarios.EventSubscription_proudction_csr_Validation"/>
  <testcase name="Do_Parameterization" time="0.000" classname="DriverScripts_Scenarios.EventSubscription_proudction_csr_Validation"/>
  <testcase name="Do_Parameterization" time="0.000" classname="DriverScripts_Scenarios.EventSubscription_proudction_csr_Validation"/>
  <testcase name="Do_Parameterization" time="74.209" classname="DriverScripts_Scenarios.EventSubscription_proudction_csr_Validation"/>
  <testcase name="Do_Parameterization" time="74.670" classname="DriverScripts_Scenarios.EventSubscription_proudction_csr_Validation"/>
  <testcase name="Do_Parameterization" time="0.000" classname="DriverScripts_Scenarios.EventSubscription_proudction_csr_Validation"/>
  <testcase name="Do_Parameterization" time="0.000" classname="DriverScripts_Scenarios.EventSubscription_proudction_csr_Validation"/>
  <testcase name="Do_Parameterization" time="0.000" classname="DriverScripts_Scenarios.EventSubscription_proudction_csr_Validation"/>
  <testcase name="Do_Parameterization" time="0.000" classname="DriverScripts_Scenarios.EventSubscription_proudction_csr_Validation"/>
  <testcase name="Do_Parameterization" time="0.000" classname="DriverScripts_Scenarios.EventSubscription_proudction_csr_Validation"/>
  <testcase name="Do_Parameterization" time="0.000" classname="DriverScripts_Scenarios.EventSubscription_proudction_csr_Validation"/>
  <testcase name="Do_Parameterization" time="0.000" classname="DriverScripts_Scenarios.EventSubscription_proudction_csr_Validation"/>
  <testcase name="Do_Parameterization" time="70.475" classname="DriverScripts_Scenarios.EventSubscription_proudction_csr_Validation"/>
  <testcase name="Do_Parameterization" time="0.000" classname="DriverScripts_Scenarios.EventSubscription_proudction_csr_Validation"/>
  <testcase name="Do_Parameterization" time="70.399" classname="DriverScripts_Scenarios.EventSubscription_proudction_csr_Validation"/>
  <testcase name="Do_Parameterization" time="71.776" classname="DriverScripts_Scenarios.EventSubscription_proudction_csr_Validation"/>
  <testcase name="Do_Parameterization" time="0.000" classname="DriverScripts_Scenarios.EventSubscription_proudction_csr_Validation"/>
  <testcase name="Do_Parameterization" time="75.901" classname="DriverScripts_Scenarios.EventSubscription_proudction_csr_Validation"/>
  <testcase name="Do_Parameterization" time="74.625" classname="DriverScripts_Scenarios.EventSubscription_proudction_csr_Validation"/>
  <testcase name="Do_Parameterization" time="73.807" classname="DriverScripts_Scenarios.EventSubscription_proudction_csr_Validation"/>
  <testcase name="Do_Parameterization" time="0.000" classname="DriverScripts_Scenarios.EventSubscription_proudction_csr_Validation"/>
  <testcase name="Do_Parameterization" time="0.000" classname="DriverScripts_Scenarios.EventSubscription_proudction_csr_Validation"/>
  <testcase name="Do_Parameterization" time="0.000" classname="DriverScripts_Scenarios.EventSubscription_proudction_csr_Validation"/>
  <testcase name="Do_Parameterization" time="0.000" classname="DriverScripts_Scenarios.EventSubscription_proudction_csr_Validation"/>
  <testcase name="Do_Parameterization" time="0.016" classname="DriverScripts_Scenarios.EventSubscription_proudction_csr_Validation"/>
  <testcase name="Do_Parameterization" time="75.805" classname="DriverScripts_Scenarios.EventSubscription_proudction_csr_Validation"/>
  <testcase name="Do_Parameterization" time="74.519" classname="DriverScripts_Scenarios.EventSubscription_proudction_csr_Validation"/>
  <testcase name="Do_Parameterization" time="0.000" classname="DriverScripts_Scenarios.EventSubscription_proudction_csr_Validation"/>
  <testcase name="Do_Parameterization" time="0.000" classname="DriverScripts_Scenarios.EventSubscription_proudction_csr_Validation"/>
  <testcase name="Do_Parameterization" time="74.179" classname="DriverScripts_Scenarios.EventSubscription_proudction_csr_Validation"/>
  <testcase name="Do_Parameterization" time="76.128" classname="DriverScripts_Scenarios.EventSubscription_proudction_csr_Validation"/>
  <testcase name="Do_Parameterization" time="0.000" classname="DriverScripts_Scenarios.EventSubscription_proudction_csr_Validation"/>
  <testcase name="Do_Parameterization" time="0.000" classname="DriverScripts_Scenarios.EventSubscription_proudction_csr_Validation"/>
  <testcase name="Do_Parameterization" time="0.000" classname="DriverScripts_Scenarios.EventSubscription_proudction_csr_Validation"/>
  <testcase name="Do_Parameterization" time="75.418" classname="DriverScripts_Scenarios.EventSubscription_proudction_csr_Validation"/>
  <testcase name="Do_Parameterization" time="74.383" classname="DriverScripts_Scenarios.EventSubscription_proudction_csr_Validation"/>
  <testcase name="Do_Parameterization" time="0.000" classname="DriverScripts_Scenarios.EventSubscription_proudction_csr_Validation"/>
  <testcase name="Do_Parameterization" time="0.000" classname="DriverScripts_Scenarios.EventSubscription_proudction_csr_Validation"/>
  <testcase name="Do_Parameterization" time="75.777" classname="DriverScripts_Scenarios.EventSubscription_proudction_csr_Validation"/>
  <testcase name="Do_Parameterization" time="71.413" classname="DriverScripts_Scenarios.EventSubscription_proudction_csr_Validation"/>
  <testcase name="Do_Parameterization" time="0.000" classname="DriverScripts_Scenarios.EventSubscription_proudction_csr_Validation"/>
  <testcase name="Do_Parameterization" time="0.000" classname="DriverScripts_Scenarios.EventSubscription_proudction_csr_Validation"/>
  <testcase name="Do_Parameterization" time="0.000" classname="DriverScripts_Scenarios.EventSubscription_proudction_csr_Validation"/>
  <testcase name="Do_Parameterization" time="0.000" classname="DriverScripts_Scenarios.EventSubscription_proudction_csr_Validation"/>
  <testcase name="Do_Parameterization" time="0.000" classname="DriverScripts_Scenarios.EventSubscription_proudction_csr_Validation"/>
  <testcase name="Do_Parameterization" time="0.000" classname="DriverScripts_Scenarios.EventSubscription_proudction_csr_Validation"/>
  <testcase name="Do_Parameterization" time="0.000" classname="DriverScripts_Scenarios.EventSubscription_proudction_csr_Validation"/>
  <testcase name="Do_Parameterization" time="0.000" classname="DriverScripts_Scenarios.EventSubscription_proudction_csr_Validation"/>
  <testcase name="Do_Parameterization" time="74.730" classname="DriverScripts_Scenarios.EventSubscription_proudction_csr_Validation"/>
  <testcase name="Do_Parameterization" time="75.300" classname="DriverScripts_Scenarios.EventSubscription_proudction_csr_Validation"/>
  <testcase name="Do_Parameterization" time="0.000" classname="DriverScripts_Scenarios.EventSubscription_proudction_csr_Validation"/>
  <testcase name="Do_Parameterization" time="79.337" classname="DriverScripts_Scenarios.EventSubscription_proudction_csr_Validation"/>
  <testcase name="Do_Parameterization" time="0.000" classname="DriverScripts_Scenarios.EventSubscription_proudction_csr_Validation"/>
  <testcase name="Do_Parameterization" time="0.000" classname="DriverScripts_Scenarios.EventSubscription_proudction_csr_Validation"/>
  <testcase name="Do_Parameterization" time="74.456" classname="DriverScripts_Scenarios.EventSubscription_proudction_csr_Validation"/>
  <testcase name="Do_Parameterization" time="0.000" classname="DriverScripts_Scenarios.EventSubscription_proudction_csr_Validation"/>
  <testcase name="Do_Parameterization" time="73.971" classname="DriverScripts_Scenarios.EventSubscription_proudction_csr_Validation"/>
  <testcase name="Do_Parameterization" time="76.751" classname="DriverScripts_Scenarios.EventSubscription_proudction_csr_Validation"/>
  <testcase name="Do_Parameterization" time="0.000" classname="DriverScripts_Scenarios.EventSubscription_proudction_csr_Validation"/>
  <testcase name="Do_Parameterization" time="0.000" classname="DriverScripts_Scenarios.EventSubscription_proudction_csr_Validation"/>
  <testcase name="Do_Parameterization" time="0.000" classname="DriverScripts_Scenarios.EventSubscription_proudction_csr_Validation"/>
  <testcase name="Do_Parameterization" time="0.000" classname="DriverScripts_Scenarios.EventSubscription_proudction_csr_Validation"/>
  <testcase name="Do_Parameterization" time="0.000" classname="DriverScripts_Scenarios.EventSubscription_proudction_csr_Validation"/>
  <testcase name="Do_Parameterization" time="74.646" classname="DriverScripts_Scenarios.EventSubscription_proudction_csr_Validation"/>
  <testcase name="Do_Parameterization" time="75.229" classname="DriverScripts_Scenarios.EventSubscription_proudction_csr_Validation"/>
  <testcase name="Do_Parameterization" time="74.168" classname="DriverScripts_Scenarios.EventSubscription_proudction_csr_Validation"/>
  <testcase name="Do_Parameterization" time="73.164" classname="DriverScripts_Scenarios.EventSubscription_proudction_csr_Validation"/>
  <testcase name="Do_Parameterization" time="0.000" classname="DriverScripts_Scenarios.EventSubscription_proudction_csr_Validation"/>
  <testcase name="Do_Parameterization" time="0.000" classname="DriverScripts_Scenarios.EventSubscription_proudction_csr_Validation"/>
  <testcase name="Do_Parameterization" time="0.000" classname="DriverScripts_Scenarios.EventSubscription_proudction_csr_Validation"/>
  <testcase name="Do_Parameterization" time="0.000" classname="DriverScripts_Scenarios.EventSubscription_proudction_csr_Validation"/>
  <testcase name="Do_Parameterization" time="0.000" classname="DriverScripts_Scenarios.EventSubscription_proudction_csr_Validation"/>
  <testcase name="Do_Parameterization" time="0.000" classname="DriverScripts_Scenarios.EventSubscription_proudction_csr_Validation"/>
  <testcase name="Do_Parameterization" time="73.483" classname="DriverScripts_Scenarios.EventSubscription_proudction_csr_Validation"/>
  <testcase name="Do_Parameterization" time="0.000" classname="DriverScripts_Scenarios.EventSubscription_proudction_csr_Validation"/>
  <testcase name="Do_Parameterization" time="0.000" classname="DriverScripts_Scenarios.EventSubscription_proudction_csr_Validation"/>
  <testcase name="Do_Parameterization" time="0.000" classname="DriverScripts_Scenarios.EventSubscription_proudction_csr_Validation"/>
  <testcase name="Do_Parameterization" time="0.000" classname="DriverScripts_Scenarios.EventSubscription_proudction_csr_Validation"/>
  <testcase name="Do_Parameterization" time="0.000" classname="DriverScripts_Scenarios.EventSubscription_proudction_csr_Validation"/>
  <testcase name="Do_Parameterization" time="0.000" classname="DriverScripts_Scenarios.EventSubscription_proudction_csr_Validation"/>
  <testcase name="Do_Parameterization" time="0.016" classname="DriverScripts_Scenarios.EventSubscription_proudction_csr_Validation"/>
  <testcase name="Do_Parameterization" time="0.031" classname="DriverScripts_Scenarios.EventSubscription_proudction_csr_Validation"/>
  <testcase name="Do_Parameterization" time="76.911" classname="DriverScripts_Scenarios.EventSubscription_proudction_csr_Validation"/>
  <testcase name="Do_Parameterization" time="73.182" classname="DriverScripts_Scenarios.EventSubscription_proudction_csr_Validation"/>
  <testcase name="Do_Parameterization" time="0.000" classname="DriverScripts_Scenarios.EventSubscription_proudction_csr_Validation"/>
  <testcase name="Do_Parameterization" time="0.000" classname="DriverScripts_Scenarios.EventSubscription_proudction_csr_Validation"/>
  <testcase name="Do_Parameterization" time="0.001" classname="DriverScripts_Scenarios.EventSubscription_proudction_csr_Validation"/>
  <testcase name="Do_Parameterization" time="74.819" classname="DriverScripts_Scenarios.EventSubscription_proudction_csr_Validation"/>
  <testcase name="Do_Parameterization" time="0.000" classname="DriverScripts_Scenarios.EventSubscription_proudction_csr_Validation"/>
  <testcase name="Do_Parameterization" time="75.896" classname="DriverScripts_Scenarios.EventSubscription_proudction_csr_Validation"/>
  <testcase name="Do_Parameterization" time="0.001" classname="DriverScripts_Scenarios.EventSubscription_proudction_csr_Validation"/>
  <testcase name="Do_Parameterization" time="75.909" classname="DriverScripts_Scenarios.EventSubscription_proudction_csr_Validation"/>
  <testcase name="Do_Parameterization" time="71.576" classname="DriverScripts_Scenarios.EventSubscription_proudction_csr_Validation"/>
  <testcase name="Do_Parameterization" time="85.176" classname="DriverScripts_Scenarios.EventSubscription_proudction_csr_Validation"/>
  <testcase name="Do_Parameterization" time="74.573" classname="DriverScripts_Scenarios.EventSubscription_proudction_csr_Validation"/>
  <testcase name="Do_Parameterization" time="0.000" classname="DriverScripts_Scenarios.EventSubscription_proudction_csr_Validation"/>
  <testcase name="Do_Parameterization" time="0.000" classname="DriverScripts_Scenarios.EventSubscription_proudction_csr_Validation"/>
  <testcase name="Do_Parameterization" time="0.000" classname="DriverScripts_Scenarios.EventSubscription_proudction_csr_Validation"/>
  <testcase name="Do_Parameterization" time="0.000" classname="DriverScripts_Scenarios.EventSubscription_proudction_csr_Validation"/>
  <testcase name="Do_Parameterization" time="0.000" classname="DriverScripts_Scenarios.EventSubscription_proudction_csr_Validation"/>
  <testcase name="Do_Parameterization" time="0.000" classname="DriverScripts_Scenarios.EventSubscription_proudction_csr_Validation"/>
  <testcase name="Do_Parameterization" time="0.000" classname="DriverScripts_Scenarios.EventSubscription_proudction_csr_Validation"/>
  <testcase name="Do_Parameterization" time="75.070" classname="DriverScripts_Scenarios.EventSubscription_proudction_csr_Validation"/>
  <testcase name="Do_Parameterization" time="74.949" classname="DriverScripts_Scenarios.EventSubscription_proudction_csr_Validation"/>
  <testcase name="Do_Parameterization" time="0.000" classname="DriverScripts_Scenarios.EventSubscription_proudction_csr_Validation"/>
  <testcase name="Do_Parameterization" time="0.000" classname="DriverScripts_Scenarios.EventSubscription_proudction_csr_Validation"/>
  <testcase name="Do_Parameterization" time="71.115" classname="DriverScripts_Scenarios.EventSubscription_proudction_csr_Validation"/>
  <testcase name="Do_Parameterization" time="0.000" classname="DriverScripts_Scenarios.EventSubscription_proudction_csr_Validation"/>
  <testcase name="Do_Parameterization" time="0.000" classname="DriverScripts_Scenarios.EventSubscription_proudction_csr_Validation"/>
  <testcase name="Do_Parameterization" time="73.908" classname="DriverScripts_Scenarios.EventSubscription_proudction_csr_Validation"/>
  <testcase name="Do_Parameterization" time="74.271" classname="DriverScripts_Scenarios.EventSubscription_proudction_csr_Validation"/>
  <testcase name="Do_Parameterization" time="0.000" classname="DriverScripts_Scenarios.EventSubscription_proudction_csr_Validation"/>
  <testcase name="Do_Parameterization" time="0.000" classname="DriverScripts_Scenarios.EventSubscription_proudction_csr_Validation"/>
  <testcase name="Do_Parameterization" time="0.000" classname="DriverScripts_Scenarios.EventSubscription_proudction_csr_Validation"/>
  <testcase name="Do_Parameterization" time="73.414" classname="DriverScripts_Scenarios.EventSubscription_proudction_csr_Validation"/>
  <testcase name="Do_Parameterization" time="72.485" classname="DriverScripts_Scenarios.EventSubscription_proudction_csr_Validation"/>
  <testcase name="Do_Parameterization" time="0.000" classname="DriverScripts_Scenarios.EventSubscription_proudction_csr_Validation"/>
  <testcase name="Do_Parameterization" time="76.080" classname="DriverScripts_Scenarios.EventSubscription_proudction_csr_Validation"/>
  <testcase name="Do_Parameterization" time="0.000" classname="DriverScripts_Scenarios.EventSubscription_proudction_csr_Validation"/>
  <testcase name="Do_Parameterization" time="0.000" classname="DriverScripts_Scenarios.EventSubscription_proudction_csr_Validation"/>
  <testcase name="Do_Parameterization" time="74.040" classname="DriverScripts_Scenarios.EventSubscription_proudction_csr_Validation"/>
  <testcase name="Do_Parameterization" time="0.000" classname="DriverScripts_Scenarios.EventSubscription_proudction_csr_Validation"/>
  <testcase name="Do_Parameterization" time="75.377" classname="DriverScripts_Scenarios.EventSubscription_proudction_csr_Validation"/>
  <testcase name="Do_Parameterization" time="0.000" classname="DriverScripts_Scenarios.EventSubscription_proudction_csr_Validation"/>
  <testcase name="Do_Parameterization" time="0.000" classname="DriverScripts_Scenarios.EventSubscription_proudction_csr_Validation"/>
  <testcase name="Do_Parameterization" time="0.000" classname="DriverScripts_Scenarios.EventSubscription_proudction_csr_Validation"/>
  <testcase name="Do_Parameterization" time="69.795" classname="DriverScripts_Scenarios.EventSubscription_proudction_csr_Validation"/>
  <testcase name="Do_Parameterization" time="73.161" classname="DriverScripts_Scenarios.EventSubscription_proudction_csr_Validation"/>
  <testcase name="Do_Parameterization" time="0.000" classname="DriverScripts_Scenarios.EventSubscription_proudction_csr_Validation"/>
  <testcase name="Do_Parameterization" time="0.000" classname="DriverScripts_Scenarios.EventSubscription_proudction_csr_Validation"/>
  <testcase name="Do_Parameterization" time="76.729" classname="DriverScripts_Scenarios.EventSubscription_proudction_csr_Validation"/>
  <testcase name="Do_Parameterization" time="75.654" classname="DriverScripts_Scenarios.EventSubscription_proudction_csr_Validation"/>
  <testcase name="Do_Parameterization" time="0.000" classname="DriverScripts_Scenarios.EventSubscription_proudction_csr_Validation"/>
  <testcase name="Do_Parameterization" time="74.636" classname="DriverScripts_Scenarios.EventSubscription_proudction_csr_Validation"/>
  <testcase name="Do_Parameterization" time="0.000" classname="DriverScripts_Scenarios.EventSubscription_proudction_csr_Validation"/>
  <testcase name="Do_Parameterization" time="0.000" classname="DriverScripts_Scenarios.EventSubscription_proudction_csr_Validation"/>
  <testcase name="Do_Parameterization" time="0.000" classname="DriverScripts_Scenarios.EventSubscription_proudction_csr_Validation"/>
  <testcase name="Do_Parameterization" time="0.000" classname="DriverScripts_Scenarios.EventSubscription_proudction_csr_Validation"/>
  <testcase name="Do_Parameterization" time="73.926" classname="DriverScripts_Scenarios.EventSubscription_proudction_csr_Validation"/>
  <testcase name="Do_Parameterization" time="0.000" classname="DriverScripts_Scenarios.EventSubscription_proudction_csr_Validation"/>
  <testcase name="Do_Parameterization" time="0.000" classname="DriverScripts_Scenarios.EventSubscription_proudction_csr_Validation"/>
  <testcase name="Do_Parameterization" time="0.000" classname="DriverScripts_Scenarios.EventSubscription_proudction_csr_Validation"/>
  <testcase name="Do_Parameterization" time="72.696" classname="DriverScripts_Scenarios.EventSubscription_proudction_csr_Validation"/>
  <testcase name="Do_Parameterization" time="0.000" classname="DriverScripts_Scenarios.EventSubscription_proudction_csr_Validation"/>
  <testcase name="Do_Parameterization" time="0.000" classname="DriverScripts_Scenarios.EventSubscription_proudction_csr_Validation"/>
  <testcase name="Do_Parameterization" time="0.000" classname="DriverScripts_Scenarios.EventSubscription_proudction_csr_Validation"/>
  <testcase name="Do_Parameterization" time="72.766" classname="DriverScripts_Scenarios.EventSubscription_proudction_csr_Validation"/>
  <testcase name="Do_Parameterization" time="73.456" classname="DriverScripts_Scenarios.EventSubscription_proudction_csr_Validation"/>
  <testcase name="Do_Parameterization" time="0.000" classname="DriverScripts_Scenarios.EventSubscription_proudction_csr_Validation"/>
  <testcase name="Do_Parameterization" time="0.000" classname="DriverScripts_Scenarios.EventSubscription_proudction_csr_Validation"/>
  <testcase name="Do_Parameterization" time="0.000" classname="DriverScripts_Scenarios.EventSubscription_proudction_csr_Validation"/>
  <testcase name="Do_Parameterization" time="74.201" classname="DriverScripts_Scenarios.EventSubscription_proudction_csr_Validation"/>
  <testcase name="Do_Parameterization" time="0.000" classname="DriverScripts_Scenarios.EventSubscription_proudction_csr_Validation"/>
  <testcase name="Do_Parameterization" time="74.103" classname="DriverScripts_Scenarios.EventSubscription_proudction_csr_Validation"/>
  <testcase name="Do_Parameterization" time="0.000" classname="DriverScripts_Scenarios.EventSubscription_proudction_csr_Validation"/>
  <testcase name="Do_Parameterization" time="0.000" classname="DriverScripts_Scenarios.EventSubscription_proudction_csr_Validation"/>
  <testcase name="Do_Parameterization" time="0.000" classname="DriverScripts_Scenarios.EventSubscription_proudction_csr_Validation"/>
  <testcase name="Do_Parameterization" time="0.000" classname="DriverScripts_Scenarios.EventSubscription_proudction_csr_Validation"/>
  <testcase name="Do_Parameterization" time="0.001" classname="DriverScripts_Scenarios.EventSubscription_proudction_csr_Validation"/>
  <testcase name="Do_Parameterization" time="0.000" classname="DriverScripts_Scenarios.EventSubscription_proudction_csr_Validation"/>
  <testcase name="Do_Parameterization" time="0.000" classname="DriverScripts_Scenarios.EventSubscription_proudction_csr_Validation"/>
  <testcase name="Do_Parameterization" time="73.387" classname="DriverScripts_Scenarios.EventSubscription_proudction_csr_Validation"/>
  <testcase name="Do_Parameterization" time="0.000" classname="DriverScripts_Scenarios.EventSubscription_proudction_csr_Validation"/>
  <testcase name="Do_Parameterization" time="0.000" classname="DriverScripts_Scenarios.EventSubscription_proudction_csr_Validation"/>
  <testcase name="Do_Parameterization" time="0.000" classname="DriverScripts_Scenarios.EventSubscription_proudction_csr_Validation"/>
  <testcase name="Do_Parameterization" time="0.000" classname="DriverScripts_Scenarios.EventSubscription_proudction_csr_Validation"/>
  <testcase name="Do_Parameterization" time="0.000" classname="DriverScripts_Scenarios.EventSubscription_proudction_csr_Validation"/>
  <testcase name="Do_Parameterization" time="0.000" classname="DriverScripts_Scenarios.EventSubscription_proudction_csr_Validation"/>
  <testcase name="Do_Parameterization" time="73.079" classname="DriverScripts_Scenarios.EventSubscription_proudction_csr_Validation"/>
  <testcase name="Do_Parameterization" time="0.000" classname="DriverScripts_Scenarios.EventSubscription_proudction_csr_Validation"/>
  <testcase name="Do_Parameterization" time="76.022" classname="DriverScripts_Scenarios.EventSubscription_proudction_csr_Validation"/>
  <testcase name="Do_Parameterization" time="75.404" classname="DriverScripts_Scenarios.EventSubscription_proudction_csr_Validation"/>
  <testcase name="Do_Parameterization" time="0.000" classname="DriverScripts_Scenarios.EventSubscription_proudction_csr_Validation"/>
  <testcase name="Do_Parameterization" time="75.243" classname="DriverScripts_Scenarios.EventSubscription_proudction_csr_Validation"/>
  <testcase name="Do_Parameterization" time="0.000" classname="DriverScripts_Scenarios.EventSubscription_proudction_csr_Validation"/>
  <testcase name="Do_Parameterization" time="0.000" classname="DriverScripts_Scenarios.EventSubscription_proudction_csr_Validation"/>
  <testcase name="Do_Parameterization" time="71.446" classname="DriverScripts_Scenarios.EventSubscription_proudction_csr_Validation"/>
  <testcase name="Do_Parameterization" time="0.000" classname="DriverScripts_Scenarios.EventSubscription_proudction_csr_Validation"/>
  <testcase name="Do_Parameterization" time="0.000" classname="DriverScripts_Scenarios.EventSubscription_proudction_csr_Validation"/>
  <testcase name="Do_Parameterization" time="0.000" classname="DriverScripts_Scenarios.EventSubscription_proudction_csr_Validation"/>
  <testcase name="Do_Parameterization" time="72.550" classname="DriverScripts_Scenarios.EventSubscription_proudction_csr_Validation"/>
  <testcase name="Do_Parameterization" time="0.000" classname="DriverScripts_Scenarios.EventSubscription_proudction_csr_Validation"/>
  <testcase name="Do_Parameterization" time="0.026" classname="DriverScripts_Scenarios.EventSubscription_proudction_csr_Validation"/>
  <testcase name="Do_Parameterization" time="0.000" classname="DriverScripts_Scenarios.EventSubscription_proudction_csr_Validation"/>
  <testcase name="Do_Parameterization" time="0.016" classname="DriverScripts_Scenarios.EventSubscription_proudction_csr_Validation"/>
  <testcase name="Do_Parameterization" time="75.164" classname="DriverScripts_Scenarios.EventSubscription_proudction_csr_Validation"/>
  <testcase name="Do_Parameterization" time="0.000" classname="DriverScripts_Scenarios.EventSubscription_proudction_csr_Validation"/>
  <testcase name="Do_Parameterization" time="75.730" classname="DriverScripts_Scenarios.EventSubscription_proudction_csr_Validation"/>
  <testcase name="Do_Parameterization" time="0.000" classname="DriverScripts_Scenarios.EventSubscription_proudction_csr_Validation"/>
  <testcase name="Do_Parameterization" time="0.000" classname="DriverScripts_Scenarios.EventSubscription_proudction_csr_Validation"/>
  <testcase name="Do_Parameterization" time="0.000" classname="DriverScripts_Scenarios.EventSubscription_proudction_csr_Validation"/>
  <testcase name="Do_Parameterization" time="75.408" classname="DriverScripts_Scenarios.EventSubscription_proudction_csr_Validation"/>
  <testcase name="Do_Parameterization" time="75.983" classname="DriverScripts_Scenarios.EventSubscription_proudction_csr_Validation"/>
  <testcase name="Do_Parameterization" time="0.000" classname="DriverScripts_Scenarios.EventSubscription_proudction_csr_Validation"/>
  <testcase name="Do_Parameterization" time="0.000" classname="DriverScripts_Scenarios.EventSubscription_proudction_csr_Validation"/>
  <testcase name="Do_Parameterization" time="73.102" classname="DriverScripts_Scenarios.EventSubscription_proudction_csr_Validation"/>
  <testcase name="Do_Parameterization" time="72.522" classname="DriverScripts_Scenarios.EventSubscription_proudction_csr_Validation"/>
  <testcase name="Do_Parameterization" time="0.000" classname="DriverScripts_Scenarios.EventSubscription_proudction_csr_Validation"/>
  <testcase name="Do_Parameterization" time="0.000" classname="DriverScripts_Scenarios.EventSubscription_proudction_csr_Validation"/>
  <testcase name="Do_Parameterization" time="0.000" classname="DriverScripts_Scenarios.EventSubscription_proudction_csr_Validation"/>
  <testcase name="Do_Parameterization" time="0.000" classname="DriverScripts_Scenarios.EventSubscription_proudction_csr_Validation"/>
  <testcase name="Do_Parameterization" time="0.000" classname="DriverScripts_Scenarios.EventSubscription_proudction_csr_Validation"/>
  <testcase name="Do_Parameterization" time="74.136" classname="DriverScripts_Scenarios.EventSubscription_proudction_csr_Validation"/>
  <testcase name="Do_Parameterization" time="0.000" classname="DriverScripts_Scenarios.EventSubscription_proudction_csr_Validation"/>
  <testcase name="Do_Parameterization" time="0.000" classname="DriverScripts_Scenarios.EventSubscription_proudction_csr_Validation"/>
  <testcase name="Do_Parameterization" time="0.000" classname="DriverScripts_Scenarios.EventSubscription_proudction_csr_Validation"/>
  <testcase name="Do_Parameterization" time="0.000" classname="DriverScripts_Scenarios.EventSubscription_proudction_csr_Validation"/>
  <testcase name="Do_Parameterization" time="0.000" classname="DriverScripts_Scenarios.EventSubscription_proudction_csr_Validation"/>
  <testcase name="Do_Parameterization" time="73.195" classname="DriverScripts_Scenarios.EventSubscription_proudction_csr_Validation"/>
  <testcase name="Do_Parameterization" time="0.000" classname="DriverScripts_Scenarios.EventSubscription_proudction_csr_Validation"/>
  <testcase name="Do_Parameterization" time="0.000" classname="DriverScripts_Scenarios.EventSubscription_proudction_csr_Validation"/>
  <testcase name="Do_Parameterization" time="73.415" classname="DriverScripts_Scenarios.EventSubscription_proudction_csr_Validation"/>
  <testcase name="Do_Parameterization" time="76.180" classname="DriverScripts_Scenarios.EventSubscription_proudction_csr_Validation"/>
  <testcase name="Do_Parameterization" time="0.001" classname="DriverScripts_Scenarios.EventSubscription_proudction_csr_Validation"/>
  <testcase name="Do_Parameterization" time="74.193" classname="DriverScripts_Scenarios.EventSubscription_proudction_csr_Validation"/>
  <testcase name="Do_Parameterization" time="0.000" classname="DriverScripts_Scenarios.EventSubscription_proudction_csr_Validation"/>
  <testcase name="Do_Parameterization" time="0.000" classname="DriverScripts_Scenarios.EventSubscription_proudction_csr_Validation"/>
  <testcase name="Do_Parameterization" time="0.000" classname="DriverScripts_Scenarios.EventSubscription_proudction_csr_Validation"/>
  <testcase name="Do_Parameterization" time="0.000" classname="DriverScripts_Scenarios.EventSubscription_proudction_csr_Validation"/>
  <testcase name="Do_Parameterization" time="0.000" classname="DriverScripts_Scenarios.EventSubscription_proudction_csr_Validation"/>
  <testcase name="Do_Parameterization" time="0.000" classname="DriverScripts_Scenarios.EventSubscription_proudction_csr_Validation"/>
  <testcase name="Do_Parameterization" time="76.504" classname="DriverScripts_Scenarios.EventSubscription_proudction_csr_Validation"/>
  <testcase name="Do_Parameterization" time="0.000" classname="DriverScripts_Scenarios.EventSubscription_proudction_csr_Validation"/>
  <testcase name="Do_Parameterization" time="0.000" classname="DriverScripts_Scenarios.EventSubscription_proudction_csr_Validation"/>
  <testcase name="Do_Parameterization" time="74.913" classname="DriverScripts_Scenarios.EventSubscription_proudction_csr_Validation"/>
  <testcase name="Do_Parameterization" time="0.000" classname="DriverScripts_Scenarios.EventSubscription_proudction_csr_Validation"/>
  <testcase name="Do_Parameterization" time="75.059" classname="DriverScripts_Scenarios.EventSubscription_proudction_csr_Validation"/>
  <testcase name="Do_Parameterization" time="0.000" classname="DriverScripts_Scenarios.EventSubscription_proudction_csr_Validation"/>
  <testcase name="Do_Parameterization" time="0.000" classname="DriverScripts_Scenarios.EventSubscription_proudction_csr_Validation"/>
  <testcase name="Do_Parameterization" time="0.000" classname="DriverScripts_Scenarios.EventSubscription_proudction_csr_Validation"/>
  <testcase name="Do_Parameterization" time="84.139" classname="DriverScripts_Scenarios.EventSubscription_proudction_csr_Validation"/>
  <testcase name="Do_Parameterization" time="70.878" classname="DriverScripts_Scenarios.EventSubscription_proudction_csr_Validation"/>
  <testcase name="Do_Parameterization" time="0.000" classname="DriverScripts_Scenarios.EventSubscription_proudction_csr_Validation"/>
  <testcase name="Do_Parameterization" time="73.536" classname="DriverScripts_Scenarios.EventSubscription_proudction_csr_Validation"/>
  <testcase name="Do_Parameterization" time="74.925" classname="DriverScripts_Scenarios.EventSubscription_proudction_csr_Validation"/>
  <testcase name="Do_Parameterization" time="0.000" classname="DriverScripts_Scenarios.EventSubscription_proudction_csr_Validation"/>
  <testcase name="Do_Parameterization" time="75.635" classname="DriverScripts_Scenarios.EventSubscription_proudction_csr_Validation"/>
  <testcase name="Do_Parameterization" time="0.000" classname="DriverScripts_Scenarios.EventSubscription_proudction_csr_Validation"/>
  <testcase name="Do_Parameterization" time="80.142" classname="DriverScripts_Scenarios.EventSubscription_proudction_csr_Validation"/>
  <testcase name="Do_Parameterization" time="76.142" classname="DriverScripts_Scenarios.EventSubscription_proudction_csr_Validation"/>
  <testcase name="Do_Parameterization" time="69.439" classname="DriverScripts_Scenarios.EventSubscription_proudction_csr_Validation"/>
  <testcase name="Do_Parameterization" time="0.000" classname="DriverScripts_Scenarios.EventSubscription_proudction_csr_Validation"/>
  <testcase name="Do_Parameterization" time="0.000" classname="DriverScripts_Scenarios.EventSubscription_proudction_csr_Validation"/>
  <testcase name="Do_Parameterization" time="74.454" classname="DriverScripts_Scenarios.EventSubscription_proudction_csr_Validation"/>
  <testcase name="Do_Parameterization" time="0.000" classname="DriverScripts_Scenarios.EventSubscription_proudction_csr_Validation"/>
  <testcase name="Do_Parameterization" time="75.586" classname="DriverScripts_Scenarios.EventSubscription_proudction_csr_Validation"/>
  <testcase name="Do_Parameterization" time="72.639" classname="DriverScripts_Scenarios.EventSubscription_proudction_csr_Validation"/>
  <testcase name="Do_Parameterization" time="0.000" classname="DriverScripts_Scenarios.EventSubscription_proudction_csr_Validation"/>
  <testcase name="Do_Parameterization" time="0.000" classname="DriverScripts_Scenarios.EventSubscription_proudction_csr_Validation"/>
  <testcase name="Do_Parameterization" time="76.935" classname="DriverScripts_Scenarios.EventSubscription_proudction_csr_Validation"/>
  <testcase name="Do_Parameterization" time="0.000" classname="DriverScripts_Scenarios.EventSubscription_proudction_csr_Validation"/>
  <testcase name="Do_Parameterization" time="0.000" classname="DriverScripts_Scenarios.EventSubscription_proudction_csr_Validation"/>
  <testcase name="Do_Parameterization" time="0.000" classname="DriverScripts_Scenarios.EventSubscription_proudction_csr_Validation"/>
  <testcase name="Do_Parameterization" time="75.015" classname="DriverScripts_Scenarios.EventSubscription_proudction_csr_Validation"/>
  <testcase name="Do_Parameterization" time="0.000" classname="DriverScripts_Scenarios.EventSubscription_proudction_csr_Validation"/>
  <testcase name="Do_Parameterization" time="0.031" classname="DriverScripts_Scenarios.EventSubscription_proudction_csr_Validation"/>
  <testcase name="Do_Parameterization" time="0.000" classname="DriverScripts_Scenarios.EventSubscription_proudction_csr_Validation"/>
  <testcase name="Do_Parameterization" time="76.416" classname="DriverScripts_Scenarios.EventSubscription_proudction_csr_Validation"/>
  <testcase name="Do_Parameterization" time="0.000" classname="DriverScripts_Scenarios.EventSubscription_proudction_csr_Validation"/>
  <testcase name="Do_Parameterization" time="0.000" classname="DriverScripts_Scenarios.EventSubscription_proudction_csr_Validation"/>
  <testcase name="Do_Parameterization" time="0.000" classname="DriverScripts_Scenarios.EventSubscription_proudction_csr_Validation"/>
  <testcase name="Do_Parameterization" time="0.000" classname="DriverScripts_Scenarios.EventSubscription_proudction_csr_Validation"/>
  <testcase name="Do_Parameterization" time="75.208" classname="DriverScripts_Scenarios.EventSubscription_proudction_csr_Validation"/>
  <testcase name="Do_Parameterization" time="75.019" classname="DriverScripts_Scenarios.EventSubscription_proudction_csr_Validation"/>
  <testcase name="Do_Parameterization" time="0.000" classname="DriverScripts_Scenarios.EventSubscription_proudction_csr_Validation"/>
  <testcase name="Do_Parameterization" time="0.000" classname="DriverScripts_Scenarios.EventSubscription_proudction_csr_Validation"/>
  <testcase name="Do_Parameterization" time="0.000" classname="DriverScripts_Scenarios.EventSubscription_proudction_csr_Validation"/>
  <testcase name="Do_Parameterization" time="0.000" classname="DriverScripts_Scenarios.EventSubscription_proudction_csr_Validation"/>
  <testcase name="Do_Parameterization" time="73.596" classname="DriverScripts_Scenarios.EventSubscription_proudction_csr_Validation"/>
  <testcase name="Do_Parameterization" time="0.000" classname="DriverScripts_Scenarios.EventSubscription_proudction_csr_Validation"/>
  <testcase name="Do_Parameterization" time="0.000" classname="DriverScripts_Scenarios.EventSubscription_proudction_csr_Validation"/>
  <testcase name="Do_Parameterization" time="0.000" classname="DriverScripts_Scenarios.EventSubscription_proudction_csr_Validation"/>
  <testcase name="Do_Parameterization" time="74.304" classname="DriverScripts_Scenarios.EventSubscription_proudction_csr_Validation"/>
  <testcase name="Do_Parameterization" time="75.719" classname="DriverScripts_Scenarios.EventSubscription_proudction_csr_Validation"/>
  <testcase name="Do_Parameterization" time="0.000" classname="DriverScripts_Scenarios.EventSubscription_proudction_csr_Validation"/>
  <testcase name="Do_Parameterization" time="0.000" classname="DriverScripts_Scenarios.EventSubscription_proudction_csr_Validation"/>
  <testcase name="Do_Parameterization" time="76.305" classname="DriverScripts_Scenarios.EventSubscription_proudction_csr_Validation"/>
  <testcase name="Do_Parameterization" time="73.293" classname="DriverScripts_Scenarios.EventSubscription_proudction_csr_Validation"/>
  <testcase name="Do_Parameterization" time="74.637" classname="DriverScripts_Scenarios.EventSubscription_proudction_csr_Validation"/>
  <testcase name="Do_Parameterization" time="0.000" classname="DriverScripts_Scenarios.EventSubscription_proudction_csr_Validation"/>
  <testcase name="Do_Parameterization" time="75.108" classname="DriverScripts_Scenarios.EventSubscription_proudction_csr_Validation"/>
  <testcase name="Do_Parameterization" time="0.000" classname="DriverScripts_Scenarios.EventSubscription_proudction_csr_Validation"/>
  <testcase name="Do_Parameterization" time="71.978" classname="DriverScripts_Scenarios.EventSubscription_proudction_csr_Validation"/>
  <testcase name="Do_Parameterization" time="0.000" classname="DriverScripts_Scenarios.EventSubscription_proudction_csr_Validation"/>
  <testcase name="Do_Parameterization" time="0.000" classname="DriverScripts_Scenarios.EventSubscription_proudction_csr_Validation"/>
  <testcase name="Do_Parameterization" time="0.000" classname="DriverScripts_Scenarios.EventSubscription_proudction_csr_Validation"/>
  <testcase name="Do_Parameterization" time="73.832" classname="DriverScripts_Scenarios.EventSubscription_proudction_csr_Validation"/>
  <testcase name="Do_Parameterization" time="0.000" classname="DriverScripts_Scenarios.EventSubscription_proudction_csr_Validation"/>
  <testcase name="Do_Parameterization" time="0.000" classname="DriverScripts_Scenarios.EventSubscription_proudction_csr_Validation"/>
  <testcase name="Do_Parameterization" time="75.332" classname="DriverScripts_Scenarios.EventSubscription_proudction_csr_Validation"/>
  <testcase name="Do_Parameterization" time="0.000" classname="DriverScripts_Scenarios.EventSubscription_proudction_csr_Validation"/>
  <testcase name="Do_Parameterization" time="75.512" classname="DriverScripts_Scenarios.EventSubscription_proudction_csr_Validation"/>
  <testcase name="Do_Parameterization" time="0.000" classname="DriverScripts_Scenarios.EventSubscription_proudction_csr_Validation"/>
  <testcase name="Do_Parameterization" time="0.016" classname="DriverScripts_Scenarios.EventSubscription_proudction_csr_Validation"/>
  <testcase name="Do_Parameterization" time="74.270" classname="DriverScripts_Scenarios.EventSubscription_proudction_csr_Validation"/>
  <testcase name="Do_Parameterization" time="0.000" classname="DriverScripts_Scenarios.EventSubscription_proudction_csr_Validation"/>
  <testcase name="Do_Parameterization" time="74.348" classname="DriverScripts_Scenarios.EventSubscription_proudction_csr_Validation"/>
  <testcase name="Do_Parameterization" time="75.895" classname="DriverScripts_Scenarios.EventSubscription_proudction_csr_Validation"/>
  <testcase name="Do_Parameterization" time="69.665" classname="DriverScripts_Scenarios.EventSubscription_proudction_csr_Validation"/>
  <testcase name="Do_Parameterization" time="0.000" classname="DriverScripts_Scenarios.EventSubscription_proudction_csr_Validation"/>
  <testcase name="Do_Parameterization" time="75.137" classname="DriverScripts_Scenarios.EventSubscription_proudction_csr_Validation"/>
  <testcase name="Do_Parameterization" time="0.000" classname="DriverScripts_Scenarios.EventSubscription_proudction_csr_Validation"/>
  <testcase name="Do_Parameterization" time="0.000" classname="DriverScripts_Scenarios.EventSubscription_proudction_csr_Validation"/>
  <testcase name="Do_Parameterization" time="0.000" classname="DriverScripts_Scenarios.EventSubscription_proudction_csr_Validation"/>
  <testcase name="Do_Parameterization" time="70.845" classname="DriverScripts_Scenarios.EventSubscription_proudction_csr_Validation"/>
  <testcase name="Do_Parameterization" time="75.688" classname="DriverScripts_Scenarios.EventSubscription_proudction_csr_Validation"/>
  <testcase name="Do_Parameterization" time="0.000" classname="DriverScripts_Scenarios.EventSubscription_proudction_csr_Validation"/>
  <testcase name="Do_Parameterization" time="0.000" classname="DriverScripts_Scenarios.EventSubscription_proudction_csr_Validation"/>
  <testcase name="Do_Parameterization" time="78.532" classname="DriverScripts_Scenarios.EventSubscription_proudction_csr_Validation"/>
  <testcase name="Do_Parameterization" time="0.000" classname="DriverScripts_Scenarios.EventSubscription_proudction_csr_Validation"/>
  <testcase name="Do_Parameterization" time="75.160" classname="DriverScripts_Scenarios.EventSubscription_proudction_csr_Validation"/>
  <testcase name="Do_Parameterization" time="0.000" classname="DriverScripts_Scenarios.EventSubscription_proudction_csr_Validation"/>
  <testcase name="Do_Parameterization" time="0.000" classname="DriverScripts_Scenarios.EventSubscription_proudction_csr_Validation"/>
  <testcase name="Do_Parameterization" time="0.000" classname="DriverScripts_Scenarios.EventSubscription_proudction_csr_Validation"/>
  <testcase name="Do_Parameterization" time="73.457" classname="DriverScripts_Scenarios.EventSubscription_proudction_csr_Validation"/>
  <testcase name="Do_Parameterization" time="71.072" classname="DriverScripts_Scenarios.EventSubscription_proudction_csr_Validation"/>
  <testcase name="Do_Parameterization" time="75.092" classname="DriverScripts_Scenarios.EventSubscription_proudction_csr_Validation"/>
  <testcase name="Do_Parameterization" time="76.883" classname="DriverScripts_Scenarios.EventSubscription_proudction_csr_Validation"/>
  <testcase name="Do_Parameterization" time="0.000" classname="DriverScripts_Scenarios.EventSubscription_proudction_csr_Validation"/>
  <testcase name="Do_Parameterization" time="0.000" classname="DriverScripts_Scenarios.EventSubscription_proudction_csr_Validation"/>
  <testcase name="Do_Parameterization" time="0.000" classname="DriverScripts_Scenarios.EventSubscription_proudction_csr_Validation"/>
  <testcase name="Do_Parameterization" time="0.000" classname="DriverScripts_Scenarios.EventSubscription_proudction_csr_Validation"/>
  <testcase name="Do_Parameterization" time="74.822" classname="DriverScripts_Scenarios.EventSubscription_proudction_csr_Validation"/>
  <testcase name="Do_Parameterization" time="74.863" classname="DriverScripts_Scenarios.EventSubscription_proudction_csr_Validation"/>
  <testcase name="Do_Parameterization" time="74.724" classname="DriverScripts_Scenarios.EventSubscription_proudction_csr_Validation"/>
  <testcase name="Do_Parameterization" time="73.154" classname="DriverScripts_Scenarios.EventSubscription_proudction_csr_Validation"/>
  <testcase name="Do_Parameterization" time="75.529" classname="DriverScripts_Scenarios.EventSubscription_proudction_csr_Validation"/>
  <testcase name="Do_Parameterization" time="70.917" classname="DriverScripts_Scenarios.EventSubscription_proudction_csr_Validation"/>
  <testcase name="Do_Parameterization" time="0.000" classname="DriverScripts_Scenarios.EventSubscription_proudction_csr_Validation"/>
  <testcase name="Do_Parameterization" time="74.367" classname="DriverScripts_Scenarios.EventSubscription_proudction_csr_Validation"/>
  <testcase name="Do_Parameterization" time="74.106" classname="DriverScripts_Scenarios.EventSubscription_proudction_csr_Validation"/>
  <testcase name="Do_Parameterization" time="73.974" classname="DriverScripts_Scenarios.EventSubscription_proudction_csr_Validation"/>
  <testcase name="Do_Parameterization" time="75.713" classname="DriverScripts_Scenarios.EventSubscription_proudction_csr_Validation"/>
  <testcase name="Do_Parameterization" time="0.000" classname="DriverScripts_Scenarios.EventSubscription_proudction_csr_Validation"/>
  <testcase name="Do_Parameterization" time="0.000" classname="DriverScripts_Scenarios.EventSubscription_proudction_csr_Validation"/>
  <testcase name="Do_Parameterization" time="0.016" classname="DriverScripts_Scenarios.EventSubscription_proudction_csr_Validation"/>
  <testcase name="Do_Parameterization" time="0.000" classname="DriverScripts_Scenarios.EventSubscription_proudction_csr_Validation"/>
  <testcase name="Do_Parameterization" time="0.000" classname="DriverScripts_Scenarios.EventSubscription_proudction_csr_Validation"/>
  <testcase name="Do_Parameterization" time="76.403" classname="DriverScripts_Scenarios.EventSubscription_proudction_csr_Validation"/>
  <testcase name="Do_Parameterization" time="75.359" classname="DriverScripts_Scenarios.EventSubscription_proudction_csr_Validation"/>
  <testcase name="Do_Parameterization" time="76.720" classname="DriverScripts_Scenarios.EventSubscription_proudction_csr_Validation"/>
  <testcase name="Do_Parameterization" time="0.000" classname="DriverScripts_Scenarios.EventSubscription_proudction_csr_Validation"/>
  <testcase name="Do_Parameterization" time="0.000" classname="DriverScripts_Scenarios.EventSubscription_proudction_csr_Validation"/>
  <testcase name="Do_Parameterization" time="0.000" classname="DriverScripts_Scenarios.EventSubscription_proudction_csr_Validation"/>
  <testcase name="Do_Parameterization" time="75.774" classname="DriverScripts_Scenarios.EventSubscription_proudction_csr_Validation"/>
  <testcase name="Do_Parameterization" time="75.202" classname="DriverScripts_Scenarios.EventSubscription_proudction_csr_Validation"/>
  <testcase name="Do_Parameterization" time="76.641" classname="DriverScripts_Scenarios.EventSubscription_proudction_csr_Validation"/>
  <testcase name="Do_Parameterization" time="71.668" classname="DriverScripts_Scenarios.EventSubscription_proudction_csr_Validation"/>
  <testcase name="Do_Parameterization" time="74.702" classname="DriverScripts_Scenarios.EventSubscription_proudction_csr_Validation"/>
  <testcase name="Do_Parameterization" time="0.000" classname="DriverScripts_Scenarios.EventSubscription_proudction_csr_Validation"/>
  <testcase name="Do_Parameterization" time="0.000" classname="DriverScripts_Scenarios.EventSubscription_proudction_csr_Validation"/>
  <testcase name="Do_Parameterization" time="76.380" classname="DriverScripts_Scenarios.EventSubscription_proudction_csr_Validation"/>
  <testcase name="Do_Parameterization" time="0.000" classname="DriverScripts_Scenarios.EventSubscription_proudction_csr_Validation"/>
  <testcase name="Do_Parameterization" time="75.222" classname="DriverScripts_Scenarios.EventSubscription_proudction_csr_Validation"/>
  <testcase name="Do_Parameterization" time="76.751" classname="DriverScripts_Scenarios.EventSubscription_proudction_csr_Validation"/>
  <testcase name="Do_Parameterization" time="78.938" classname="DriverScripts_Scenarios.EventSubscription_proudction_csr_Validation"/>
  <testcase name="Do_Parameterization" time="73.863" classname="DriverScripts_Scenarios.EventSubscription_proudction_csr_Validation"/>
  <testcase name="Do_Parameterization" time="0.000" classname="DriverScripts_Scenarios.EventSubscription_proudction_csr_Validation"/>
  <testcase name="Do_Parameterization" time="0.000" classname="DriverScripts_Scenarios.EventSubscription_proudction_csr_Validation"/>
  <testcase name="Do_Parameterization" time="74.866" classname="DriverScripts_Scenarios.EventSubscription_proudction_csr_Validation"/>
  <testcase name="Do_Parameterization" time="0.015" classname="DriverScripts_Scenarios.EventSubscription_proudction_csr_Validation"/>
  <testcase name="Do_Parameterization" time="0.011" classname="DriverScripts_Scenarios.EventSubscription_proudction_csr_Validation"/>
  <testcase name="Do_Parameterization" time="0.000" classname="DriverScripts_Scenarios.EventSubscription_proudction_csr_Validation"/>
  <testcase name="Do_Parameterization" time="73.306" classname="DriverScripts_Scenarios.EventSubscription_proudction_csr_Validation"/>
  <testcase name="Do_Parameterization" time="0.000" classname="DriverScripts_Scenarios.EventSubscription_proudction_csr_Validation"/>
  <testcase name="Do_Parameterization" time="75.523" classname="DriverScripts_Scenarios.EventSubscription_proudction_csr_Validation"/>
  <testcase name="Do_Parameterization" time="74.722" classname="DriverScripts_Scenarios.EventSubscription_proudction_csr_Validation"/>
  <testcase name="Do_Parameterization" time="76.582" classname="DriverScripts_Scenarios.EventSubscription_proudction_csr_Validation"/>
  <testcase name="Do_Parameterization" time="0.000" classname="DriverScripts_Scenarios.EventSubscription_proudction_csr_Validation"/>
  <testcase name="Do_Parameterization" time="0.000" classname="DriverScripts_Scenarios.EventSubscription_proudction_csr_Validation"/>
  <testcase name="Do_Parameterization" time="75.637" classname="DriverScripts_Scenarios.EventSubscription_proudction_csr_Validation"/>
  <testcase name="Do_Parameterization" time="0.000" classname="DriverScripts_Scenarios.EventSubscription_proudction_csr_Validation"/>
  <testcase name="Do_Parameterization" time="0.000" classname="DriverScripts_Scenarios.EventSubscription_proudction_csr_Validation"/>
  <testcase name="Do_Parameterization" time="76.399" classname="DriverScripts_Scenarios.EventSubscription_proudction_csr_Validation"/>
  <testcase name="Do_Parameterization" time="74.447" classname="DriverScripts_Scenarios.EventSubscription_proudction_csr_Validation"/>
  <testcase name="Do_Parameterization" time="71.475" classname="DriverScripts_Scenarios.EventSubscription_proudction_csr_Validation"/>
  <testcase name="Do_Parameterization" time="0.000" classname="DriverScripts_Scenarios.EventSubscription_proudction_csr_Validation"/>
  <testcase name="Do_Parameterization" time="91.837" classname="DriverScripts_Scenarios.EventSubscription_proudction_csr_Validation"/>
  <testcase name="Do_Parameterization" time="75.614" classname="DriverScripts_Scenarios.EventSubscription_proudction_csr_Validation"/>
  <testcase name="Do_Parameterization" time="0.001" classname="DriverScripts_Scenarios.EventSubscription_proudction_csr_Validation"/>
  <testcase name="Do_Parameterization" time="73.757" classname="DriverScripts_Scenarios.EventSubscription_proudction_csr_Validation"/>
  <testcase name="Do_Parameterization" time="0.000" classname="DriverScripts_Scenarios.EventSubscription_proudction_csr_Validation"/>
  <testcase name="Do_Parameterization" time="0.000" classname="DriverScripts_Scenarios.EventSubscription_proudction_csr_Validation"/>
  <testcase name="Do_Parameterization" time="72.569" classname="DriverScripts_Scenarios.EventSubscription_proudction_csr_Validation"/>
  <testcase name="Do_Parameterization" time="0.000" classname="DriverScripts_Scenarios.EventSubscription_proudction_csr_Validation"/>
  <testcase name="Do_Parameterization" time="76.054" classname="DriverScripts_Scenarios.EventSubscription_proudction_csr_Validation"/>
  <testcase name="Do_Parameterization" time="0.000" classname="DriverScripts_Scenarios.EventSubscription_proudction_csr_Validation"/>
  <testcase name="Do_Parameterization" time="80.154" classname="DriverScripts_Scenarios.EventSubscription_proudction_csr_Validation"/>
  <testcase name="Do_Parameterization" time="75.591" classname="DriverScripts_Scenarios.EventSubscription_proudction_csr_Validation"/>
  <testcase name="Do_Parameterization" time="0.000" classname="DriverScripts_Scenarios.EventSubscription_proudction_csr_Validation"/>
  <testcase name="Do_Parameterization" time="75.114" classname="DriverScripts_Scenarios.EventSubscription_proudction_csr_Validation"/>
  <testcase name="Do_Parameterization" time="0.016" classname="DriverScripts_Scenarios.EventSubscription_proudction_csr_Validation"/>
  <testcase name="Do_Parameterization" time="0.000" classname="DriverScripts_Scenarios.EventSubscription_proudction_csr_Validation"/>
  <testcase name="Do_Parameterization" time="0.000" classname="DriverScripts_Scenarios.EventSubscription_proudction_csr_Validation"/>
  <testcase name="Do_Parameterization" time="0.000" classname="DriverScripts_Scenarios.EventSubscription_proudction_csr_Validation"/>
  <testcase name="Do_Parameterization" time="0.000" classname="DriverScripts_Scenarios.EventSubscription_proudction_csr_Validation"/>
  <testcase name="Do_Parameterization" time="0.016" classname="DriverScripts_Scenarios.EventSubscription_proudction_csr_Validation"/>
  <testcase name="Do_Parameterization" time="0.000" classname="DriverScripts_Scenarios.EventSubscription_proudction_csr_Validation"/>
  <testcase name="Do_Parameterization" time="75.034" classname="DriverScripts_Scenarios.EventSubscription_proudction_csr_Validation"/>
  <testcase name="Do_Parameterization" time="0.000" classname="DriverScripts_Scenarios.EventSubscription_proudction_csr_Validation"/>
  <testcase name="Do_Parameterization" time="0.000" classname="DriverScripts_Scenarios.EventSubscription_proudction_csr_Validation"/>
  <testcase name="Do_Parameterization" time="74.674" classname="DriverScripts_Scenarios.EventSubscription_proudction_csr_Validation"/>
  <testcase name="Do_Parameterization" time="0.000" classname="DriverScripts_Scenarios.EventSubscription_proudction_csr_Validation"/>
  <testcase name="Do_Parameterization" time="77.516" classname="DriverScripts_Scenarios.EventSubscription_proudction_csr_Validation"/>
  <testcase name="Do_Parameterization" time="0.000" classname="DriverScripts_Scenarios.EventSubscription_proudction_csr_Validation"/>
  <testcase name="Do_Parameterization" time="0.000" classname="DriverScripts_Scenarios.EventSubscription_proudction_csr_Validation"/>
  <testcase name="Do_Parameterization" time="71.036" classname="DriverScripts_Scenarios.EventSubscription_proudction_csr_Validation"/>
  <testcase name="Do_Parameterization" time="71.820" classname="DriverScripts_Scenarios.EventSubscription_proudction_csr_Validation"/>
  <testcase name="Do_Parameterization" time="0.000" classname="DriverScripts_Scenarios.EventSubscription_proudction_csr_Validation"/>
  <testcase name="Do_Parameterization" time="0.000" classname="DriverScripts_Scenarios.EventSubscription_proudction_csr_Validation"/>
  <testcase name="Do_Parameterization" time="75.825" classname="DriverScripts_Scenarios.EventSubscription_proudction_csr_Validation"/>
  <testcase name="Do_Parameterization" time="73.614" classname="DriverScripts_Scenarios.EventSubscription_proudction_csr_Validation"/>
  <testcase name="Do_Parameterization" time="0.000" classname="DriverScripts_Scenarios.EventSubscription_proudction_csr_Validation"/>
  <testcase name="Do_Parameterization" time="0.000" classname="DriverScripts_Scenarios.EventSubscription_proudction_csr_Validation"/>
  <testcase name="Do_Parameterization" time="71.834" classname="DriverScripts_Scenarios.EventSubscription_proudction_csr_Validation"/>
  <testcase name="Do_Parameterization" time="0.000" classname="DriverScripts_Scenarios.EventSubscription_proudction_csr_Validation"/>
  <testcase name="Do_Parameterization" time="75.502" classname="DriverScripts_Scenarios.EventSubscription_proudction_csr_Validation"/>
  <testcase name="Do_Parameterization" time="0.000" classname="DriverScripts_Scenarios.EventSubscription_proudction_csr_Validation"/>
  <testcase name="Do_Parameterization" time="74.796" classname="DriverScripts_Scenarios.EventSubscription_proudction_csr_Validation"/>
  <testcase name="Do_Parameterization" time="72.621" classname="DriverScripts_Scenarios.EventSubscription_proudction_csr_Validation"/>
  <testcase name="Do_Parameterization" time="77.944" classname="DriverScripts_Scenarios.EventSubscription_proudction_csr_Validation"/>
  <testcase name="Do_Parameterization" time="0.000" classname="DriverScripts_Scenarios.EventSubscription_proudction_csr_Validation"/>
  <testcase name="Do_Parameterization" time="70.761" classname="DriverScripts_Scenarios.EventSubscription_proudction_csr_Validation"/>
  <testcase name="Do_Parameterization" time="0.000" classname="DriverScripts_Scenarios.EventSubscription_proudction_csr_Validation"/>
  <testcase name="Do_Parameterization" time="0.007" classname="DriverScripts_Scenarios.EventSubscription_proudction_csr_Validation"/>
  <testcase name="Do_Parameterization" time="74.437" classname="DriverScripts_Scenarios.EventSubscription_proudction_csr_Validation"/>
  <testcase name="Do_Parameterization" time="0.000" classname="DriverScripts_Scenarios.EventSubscription_proudction_csr_Validation"/>
  <testcase name="Do_Parameterization" time="0.000" classname="DriverScripts_Scenarios.EventSubscription_proudction_csr_Validation"/>
  <testcase name="Do_Parameterization" time="72.957" classname="DriverScripts_Scenarios.EventSubscription_proudction_csr_Validation"/>
  <testcase name="Do_Parameterization" time="73.552" classname="DriverScripts_Scenarios.EventSubscription_proudction_csr_Validation"/>
  <testcase name="Do_Parameterization" time="0.000" classname="DriverScripts_Scenarios.EventSubscription_proudction_csr_Validation"/>
  <testcase name="Do_Parameterization" time="0.000" classname="DriverScripts_Scenarios.EventSubscription_proudction_csr_Validation"/>
  <testcase name="Do_Parameterization" time="0.000" classname="DriverScripts_Scenarios.EventSubscription_proudction_csr_Validation"/>
  <testcase name="Do_Parameterization" time="74.797" classname="DriverScripts_Scenarios.EventSubscription_proudction_csr_Validation"/>
  <testcase name="Do_Parameterization" time="0.000" classname="DriverScripts_Scenarios.EventSubscription_proudction_csr_Validation"/>
  <testcase name="Do_Parameterization" time="89.347" classname="DriverScripts_Scenarios.EventSubscription_proudction_csr_Validation"/>
  <testcase name="Do_Parameterization" time="70.204" classname="DriverScripts_Scenarios.EventSubscription_proudction_csr_Validation"/>
  <testcase name="Do_Parameterization" time="0.000" classname="DriverScripts_Scenarios.EventSubscription_proudction_csr_Validation"/>
  <testcase name="Do_Parameterization" time="0.000" classname="DriverScripts_Scenarios.EventSubscription_proudction_csr_Validation"/>
  <testcase name="Do_Parameterization" time="74.621" classname="DriverScripts_Scenarios.EventSubscription_proudction_csr_Validation"/>
  <testcase name="Do_Parameterization" time="72.833" classname="DriverScripts_Scenarios.EventSubscription_proudction_csr_Validation"/>
  <testcase name="Do_Parameterization" time="74.175" classname="DriverScripts_Scenarios.EventSubscription_proudction_csr_Validation"/>
  <testcase name="Do_Parameterization" time="0.000" classname="DriverScripts_Scenarios.EventSubscription_proudction_csr_Validation"/>
  <testcase name="Do_Parameterization" time="0.000" classname="DriverScripts_Scenarios.EventSubscription_proudction_csr_Validation"/>
  <testcase name="Do_Parameterization" time="0.000" classname="DriverScripts_Scenarios.EventSubscription_proudction_csr_Validation"/>
  <testcase name="Do_Parameterization" time="74.199" classname="DriverScripts_Scenarios.EventSubscription_proudction_csr_Validation"/>
  <testcase name="Do_Parameterization" time="74.714" classname="DriverScripts_Scenarios.EventSubscription_proudction_csr_Validation"/>
  <testcase name="Do_Parameterization" time="0.000" classname="DriverScripts_Scenarios.EventSubscription_proudction_csr_Validation"/>
  <testcase name="Do_Parameterization" time="0.000" classname="DriverScripts_Scenarios.EventSubscription_proudction_csr_Validation"/>
  <testcase name="Do_Parameterization" time="73.796" classname="DriverScripts_Scenarios.EventSubscription_proudction_csr_Validation"/>
  <testcase name="Do_Parameterization" time="74.356" classname="DriverScripts_Scenarios.EventSubscription_proudction_csr_Validation"/>
  <testcase name="Do_Parameterization" time="0.000" classname="DriverScripts_Scenarios.EventSubscription_proudction_csr_Validation"/>
  <testcase name="Do_Parameterization" time="0.000" classname="DriverScripts_Scenarios.EventSubscription_proudction_csr_Validation"/>
  <testcase name="Do_Parameterization" time="71.570" classname="DriverScripts_Scenarios.EventSubscription_proudction_csr_Validation"/>
  <testcase name="Do_Parameterization" time="74.465" classname="DriverScripts_Scenarios.EventSubscription_proudction_csr_Validation"/>
  <testcase name="Do_Parameterization" time="0.000" classname="DriverScripts_Scenarios.EventSubscription_proudction_csr_Validation"/>
  <testcase name="Do_Parameterization" time="72.786" classname="DriverScripts_Scenarios.EventSubscription_proudction_csr_Validation"/>
  <testcase name="Do_Parameterization" time="0.001" classname="DriverScripts_Scenarios.EventSubscription_proudction_csr_Validation"/>
  <testcase name="Do_Parameterization" time="0.000" classname="DriverScripts_Scenarios.EventSubscription_proudction_csr_Validation"/>
  <testcase name="Do_Parameterization" time="76.001" classname="DriverScripts_Scenarios.EventSubscription_proudction_csr_Validation"/>
  <testcase name="Do_Parameterization" time="73.978" classname="DriverScripts_Scenarios.EventSubscription_proudction_csr_Validation"/>
  <testcase name="Do_Parameterization" time="0.000" classname="DriverScripts_Scenarios.EventSubscription_proudction_csr_Validation"/>
  <testcase name="Do_Parameterization" time="0.000" classname="DriverScripts_Scenarios.EventSubscription_proudction_csr_Validation"/>
  <testcase name="Do_Parameterization" time="0.000" classname="DriverScripts_Scenarios.EventSubscription_proudction_csr_Validation"/>
  <testcase name="Do_Parameterization" time="0.000" classname="DriverScripts_Scenarios.EventSubscription_proudction_csr_Validation"/>
  <testcase name="Do_Parameterization" time="0.000" classname="DriverScripts_Scenarios.EventSubscription_proudction_csr_Validation"/>
  <testcase name="Do_Parameterization" time="0.000" classname="DriverScripts_Scenarios.EventSubscription_proudction_csr_Validation"/>
  <testcase name="Do_Parameterization" time="75.882" classname="DriverScripts_Scenarios.EventSubscription_proudction_csr_Validation"/>
  <testcase name="Do_Parameterization" time="0.000" classname="DriverScripts_Scenarios.EventSubscription_proudction_csr_Validation"/>
  <testcase name="Do_Parameterization" time="0.000" classname="DriverScripts_Scenarios.EventSubscription_proudction_csr_Validation"/>
  <testcase name="Do_Parameterization" time="74.258" classname="DriverScripts_Scenarios.EventSubscription_proudction_csr_Validation"/>
  <testcase name="Do_Parameterization" time="71.131" classname="DriverScripts_Scenarios.EventSubscription_proudction_csr_Validation"/>
  <testcase name="Do_Parameterization" time="73.915" classname="DriverScripts_Scenarios.EventSubscription_proudction_csr_Validation"/>
  <testcase name="Do_Parameterization" time="0.000" classname="DriverScripts_Scenarios.EventSubscription_proudction_csr_Validation"/>
  <testcase name="Do_Parameterization" time="0.000" classname="DriverScripts_Scenarios.EventSubscription_proudction_csr_Validation"/>
  <testcase name="Do_Parameterization" time="0.000" classname="DriverScripts_Scenarios.EventSubscription_proudction_csr_Validation"/>
  <testcase name="Do_Parameterization" time="0.000" classname="DriverScripts_Scenarios.EventSubscription_proudction_csr_Validation"/>
  <testcase name="Do_Parameterization" time="0.000" classname="DriverScripts_Scenarios.EventSubscription_proudction_csr_Validation"/>
  <testcase name="Do_Parameterization" time="70.691" classname="DriverScripts_Scenarios.EventSubscription_proudction_csr_Validation"/>
  <testcase name="Do_Parameterization" time="0.000" classname="DriverScripts_Scenarios.EventSubscription_proudction_csr_Validation"/>
  <testcase name="Do_Parameterization" time="0.000" classname="DriverScripts_Scenarios.EventSubscription_proudction_csr_Validation"/>
  <testcase name="Do_Parameterization" time="0.000" classname="DriverScripts_Scenarios.EventSubscription_proudction_csr_Validation"/>
  <testcase name="Do_Parameterization" time="0.000" classname="DriverScripts_Scenarios.EventSubscription_proudction_csr_Validation"/>
  <testcase name="Do_Parameterization" time="75.703" classname="DriverScripts_Scenarios.EventSubscription_proudction_csr_Validation"/>
  <testcase name="Do_Parameterization" time="0.000" classname="DriverScripts_Scenarios.EventSubscription_proudction_csr_Validation"/>
  <testcase name="Do_Parameterization" time="75.041" classname="DriverScripts_Scenarios.EventSubscription_proudction_csr_Validation"/>
  <testcase name="Do_Parameterization" time="0.000" classname="DriverScripts_Scenarios.EventSubscription_proudction_csr_Validation"/>
  <testcase name="Do_Parameterization" time="0.000" classname="DriverScripts_Scenarios.EventSubscription_proudction_csr_Validation"/>
  <testcase name="Do_Parameterization" time="0.000" classname="DriverScripts_Scenarios.EventSubscription_proudction_csr_Validation"/>
  <testcase name="Do_Parameterization" time="0.000" classname="DriverScripts_Scenarios.EventSubscription_proudction_csr_Validation"/>
  <testcase name="Do_Parameterization" time="76.923" classname="DriverScripts_Scenarios.EventSubscription_proudction_csr_Validation"/>
  <testcase name="Do_Parameterization" time="0.000" classname="DriverScripts_Scenarios.EventSubscription_proudction_csr_Validation"/>
  <testcase name="Do_Parameterization" time="0.000" classname="DriverScripts_Scenarios.EventSubscription_proudction_csr_Validation"/>
  <testcase name="Do_Parameterization" time="0.000" classname="DriverScripts_Scenarios.EventSubscription_proudction_csr_Validation"/>
  <testcase name="Do_Parameterization" time="75.671" classname="DriverScripts_Scenarios.EventSubscription_proudction_csr_Validation"/>
  <testcase name="Do_Parameterization" time="74.456" classname="DriverScripts_Scenarios.EventSubscription_proudction_csr_Validation"/>
  <testcase name="Do_Parameterization" time="0.000" classname="DriverScripts_Scenarios.EventSubscription_proudction_csr_Validation"/>
  <testcase name="Do_Parameterization" time="0.000" classname="DriverScripts_Scenarios.EventSubscription_proudction_csr_Validation"/>
  <testcase name="Do_Parameterization" time="0.000" classname="DriverScripts_Scenarios.EventSubscription_proudction_csr_Validation"/>
  <testcase name="Do_Parameterization" time="0.000" classname="DriverScripts_Scenarios.EventSubscription_proudction_csr_Validation"/>
  <testcase name="Do_Parameterization" time="0.000" classname="DriverScripts_Scenarios.EventSubscription_proudction_csr_Validation"/>
  <testcase name="Do_Parameterization" time="73.723" classname="DriverScripts_Scenarios.EventSubscription_proudction_csr_Validation"/>
  <testcase name="Do_Parameterization" time="0.000" classname="DriverScripts_Scenarios.EventSubscription_proudction_csr_Validation"/>
  <testcase name="Do_Parameterization" time="0.000" classname="DriverScripts_Scenarios.EventSubscription_proudction_csr_Validation"/>
  <testcase name="Do_Parameterization" time="0.000" classname="DriverScripts_Scenarios.EventSubscription_proudction_csr_Validation"/>
  <testcase name="Do_Parameterization" time="0.016" classname="DriverScripts_Scenarios.EventSubscription_proudction_csr_Validation"/>
  <testcase name="Do_Parameterization" time="0.000" classname="DriverScripts_Scenarios.EventSubscription_proudction_csr_Validation"/>
  <testcase name="Do_Parameterization" time="0.000" classname="DriverScripts_Scenarios.EventSubscription_proudction_csr_Validation"/>
  <testcase name="Do_Parameterization" time="73.877" classname="DriverScripts_Scenarios.EventSubscription_proudction_csr_Validation"/>
  <testcase name="Do_Parameterization" time="73.962" classname="DriverScripts_Scenarios.EventSubscription_proudction_csr_Validation"/>
  <testcase name="Do_Parameterization" time="0.000" classname="DriverScripts_Scenarios.EventSubscription_proudction_csr_Validation"/>
  <testcase name="Do_Parameterization" time="74.381" classname="DriverScripts_Scenarios.EventSubscription_proudction_csr_Validation"/>
  <testcase name="Do_Parameterization" time="0.000" classname="DriverScripts_Scenarios.EventSubscription_proudction_csr_Validation"/>
  <testcase name="Do_Parameterization" time="0.000" classname="DriverScripts_Scenarios.EventSubscription_proudction_csr_Validation"/>
  <testcase name="Do_Parameterization" time="72.840" classname="DriverScripts_Scenarios.EventSubscription_proudction_csr_Validation"/>
  <testcase name="Do_Parameterization" time="0.000" classname="DriverScripts_Scenarios.EventSubscription_proudction_csr_Validation"/>
  <testcase name="Do_Parameterization" time="0.000" classname="DriverScripts_Scenarios.EventSubscription_proudction_csr_Validation"/>
  <testcase name="Do_Parameterization" time="76.444" classname="DriverScripts_Scenarios.EventSubscription_proudction_csr_Validation"/>
  <testcase name="Do_Parameterization" time="0.000" classname="DriverScripts_Scenarios.EventSubscription_proudction_csr_Validation"/>
  <testcase name="Do_Parameterization" time="84.291" classname="DriverScripts_Scenarios.EventSubscription_proudction_csr_Validation"/>
  <testcase name="Do_Parameterization" time="0.000" classname="DriverScripts_Scenarios.EventSubscription_proudction_csr_Validation"/>
  <testcase name="Do_Parameterization" time="0.000" classname="DriverScripts_Scenarios.EventSubscription_proudction_csr_Validation"/>
  <testcase name="Do_Parameterization" time="73.885" classname="DriverScripts_Scenarios.EventSubscription_proudction_csr_Validation"/>
  <testcase name="Do_Parameterization" time="73.987" classname="DriverScripts_Scenarios.EventSubscription_proudction_csr_Validation"/>
  <testcase name="Do_Parameterization" time="0.000" classname="DriverScripts_Scenarios.EventSubscription_proudction_csr_Validation"/>
  <testcase name="Do_Parameterization" time="75.477" classname="DriverScripts_Scenarios.EventSubscription_proudction_csr_Validation"/>
  <testcase name="Do_Parameterization" time="73.499" classname="DriverScripts_Scenarios.EventSubscription_proudction_csr_Validation"/>
  <testcase name="Do_Parameterization" time="74.188" classname="DriverScripts_Scenarios.EventSubscription_proudction_csr_Validation"/>
  <testcase name="Do_Parameterization" time="73.036" classname="DriverScripts_Scenarios.EventSubscription_proudction_csr_Validation"/>
  <testcase name="Do_Parameterization" time="75.902" classname="DriverScripts_Scenarios.EventSubscription_proudction_csr_Validation"/>
  <testcase name="Do_Parameterization" time="0.016" classname="DriverScripts_Scenarios.EventSubscription_proudction_csr_Validation"/>
  <testcase name="Do_Parameterization" time="74.691" classname="DriverScripts_Scenarios.EventSubscription_proudction_csr_Validation"/>
  <testcase name="Do_Parameterization" time="0.000" classname="DriverScripts_Scenarios.EventSubscription_proudction_csr_Validation"/>
  <testcase name="Do_Parameterization" time="0.000" classname="DriverScripts_Scenarios.EventSubscription_proudction_csr_Validation"/>
  <testcase name="Do_Parameterization" time="73.863" classname="DriverScripts_Scenarios.EventSubscription_proudction_csr_Validation"/>
  <testcase name="Do_Parameterization" time="75.923" classname="DriverScripts_Scenarios.EventSubscription_proudction_csr_Validation"/>
  <testcase name="Do_Parameterization" time="0.000" classname="DriverScripts_Scenarios.EventSubscription_proudction_csr_Validation"/>
  <testcase name="Do_Parameterization" time="73.318" classname="DriverScripts_Scenarios.EventSubscription_proudction_csr_Validation"/>
  <testcase name="Do_Parameterization" time="73.817" classname="DriverScripts_Scenarios.EventSubscription_proudction_csr_Validation"/>
  <testcase name="Do_Parameterization" time="0.000" classname="DriverScripts_Scenarios.EventSubscription_proudction_csr_Validation"/>
  <testcase name="Do_Parameterization" time="0.000" classname="DriverScripts_Scenarios.EventSubscription_proudction_csr_Validation"/>
  <testcase name="Do_Parameterization" time="74.314" classname="DriverScripts_Scenarios.EventSubscription_proudction_csr_Validation"/>
  <testcase name="Do_Parameterization" time="0.000" classname="DriverScripts_Scenarios.EventSubscription_proudction_csr_Validation"/>
  <testcase name="Do_Parameterization" time="0.000" classname="DriverScripts_Scenarios.EventSubscription_proudction_csr_Validation"/>
  <testcase name="Do_Parameterization" time="0.000" classname="DriverScripts_Scenarios.EventSubscription_proudction_csr_Validation"/>
  <testcase name="Do_Parameterization" time="0.000" classname="DriverScripts_Scenarios.EventSubscription_proudction_csr_Validation"/>
  <testcase name="Do_Parameterization" time="73.557" classname="DriverScripts_Scenarios.EventSubscription_proudction_csr_Validation"/>
  <testcase name="Do_Parameterization" time="0.000" classname="DriverScripts_Scenarios.EventSubscription_proudction_csr_Validation"/>
  <testcase name="Do_Parameterization" time="70.477" classname="DriverScripts_Scenarios.EventSubscription_proudction_csr_Validation"/>
  <testcase name="Do_Parameterization" time="0.000" classname="DriverScripts_Scenarios.EventSubscription_proudction_csr_Validation"/>
  <testcase name="Do_Parameterization" time="70.515" classname="DriverScripts_Scenarios.EventSubscription_proudction_csr_Validation"/>
  <testcase name="Do_Parameterization" time="0.000" classname="DriverScripts_Scenarios.EventSubscription_proudction_csr_Validation"/>
  <testcase name="Do_Parameterization" time="0.000" classname="DriverScripts_Scenarios.EventSubscription_proudction_csr_Validation"/>
  <testcase name="Do_Parameterization" time="74.064" classname="DriverScripts_Scenarios.EventSubscription_proudction_csr_Validation"/>
  <testcase name="Do_Parameterization" time="0.000" classname="DriverScripts_Scenarios.EventSubscription_proudction_csr_Validation"/>
  <testcase name="Do_Parameterization" time="0.009" classname="DriverScripts_Scenarios.EventSubscription_proudction_csr_Validation"/>
  <testcase name="Do_Parameterization" time="74.616" classname="DriverScripts_Scenarios.EventSubscription_proudction_csr_Validation"/>
  <testcase name="Do_Parameterization" time="0.000" classname="DriverScripts_Scenarios.EventSubscription_proudction_csr_Validation"/>
  <testcase name="Do_Parameterization" time="74.881" classname="DriverScripts_Scenarios.EventSubscription_proudction_csr_Validation"/>
  <testcase name="Do_Parameterization" time="75.502" classname="DriverScripts_Scenarios.EventSubscription_proudction_csr_Validation"/>
  <testcase name="Do_Parameterization" time="0.000" classname="DriverScripts_Scenarios.EventSubscription_proudction_csr_Validation"/>
  <testcase name="Do_Parameterization" time="0.000" classname="DriverScripts_Scenarios.EventSubscription_proudction_csr_Validation"/>
  <testcase name="Do_Parameterization" time="0.000" classname="DriverScripts_Scenarios.EventSubscription_proudction_csr_Validation"/>
  <testcase name="Do_Parameterization" time="71.342" classname="DriverScripts_Scenarios.EventSubscription_proudction_csr_Validation"/>
  <testcase name="Do_Parameterization" time="75.240" classname="DriverScripts_Scenarios.EventSubscription_proudction_csr_Validation"/>
  <testcase name="Do_Parameterization" time="71.810" classname="DriverScripts_Scenarios.EventSubscription_proudction_csr_Validation"/>
  <testcase name="Do_Parameterization" time="0.000" classname="DriverScripts_Scenarios.EventSubscription_proudction_csr_Validation"/>
  <testcase name="Do_Parameterization" time="0.000" classname="DriverScripts_Scenarios.EventSubscription_proudction_csr_Validation"/>
  <testcase name="Do_Parameterization" time="0.000" classname="DriverScripts_Scenarios.EventSubscription_proudction_csr_Validation"/>
  <testcase name="Do_Parameterization" time="74.243" classname="DriverScripts_Scenarios.EventSubscription_proudction_csr_Validation"/>
  <testcase name="Do_Parameterization" time="75.643" classname="DriverScripts_Scenarios.EventSubscription_proudction_csr_Validation"/>
  <testcase name="Do_Parameterization" time="0.000" classname="DriverScripts_Scenarios.EventSubscription_proudction_csr_Validation"/>
  <testcase name="Do_Parameterization" time="0.000" classname="DriverScripts_Scenarios.EventSubscription_proudction_csr_Validation"/>
  <testcase name="Do_Parameterization" time="0.000" classname="DriverScripts_Scenarios.EventSubscription_proudction_csr_Validation"/>
  <testcase name="Do_Parameterization" time="0.000" classname="DriverScripts_Scenarios.EventSubscription_proudction_csr_Validation"/>
  <testcase name="Do_Parameterization" time="0.000" classname="DriverScripts_Scenarios.EventSubscription_proudction_csr_Validation"/>
  <testcase name="Do_Parameterization" time="0.000" classname="DriverScripts_Scenarios.EventSubscription_proudction_csr_Validation"/>
  <testcase name="Do_Parameterization" time="0.000" classname="DriverScripts_Scenarios.EventSubscription_proudction_csr_Validation"/>
  <testcase name="Do_Parameterization" time="0.000" classname="DriverScripts_Scenarios.EventSubscription_proudction_csr_Validation"/>
  <testcase name="Do_Parameterization" time="73.791" classname="DriverScripts_Scenarios.EventSubscription_proudction_csr_Validation"/>
  <testcase name="Do_Parameterization" time="0.015" classname="DriverScripts_Scenarios.EventSubscription_proudction_csr_Validation"/>
  <testcase name="Do_Parameterization" time="0.016" classname="DriverScripts_Scenarios.EventSubscription_proudction_csr_Validation"/>
  <testcase name="Do_Parameterization" time="73.355" classname="DriverScripts_Scenarios.EventSubscription_proudction_csr_Validation"/>
  <testcase name="Do_Parameterization" time="0.000" classname="DriverScripts_Scenarios.EventSubscription_proudction_csr_Validation"/>
  <testcase name="Do_Parameterization" time="71.837" classname="DriverScripts_Scenarios.EventSubscription_proudction_csr_Validation"/>
  <testcase name="Do_Parameterization" time="0.000" classname="DriverScripts_Scenarios.EventSubscription_proudction_csr_Validation"/>
  <testcase name="Do_Parameterization" time="0.000" classname="DriverScripts_Scenarios.EventSubscription_proudction_csr_Validation"/>
  <testcase name="Do_Parameterization" time="0.000" classname="DriverScripts_Scenarios.EventSubscription_proudction_csr_Validation"/>
  <testcase name="Do_Parameterization" time="0.000" classname="DriverScripts_Scenarios.EventSubscription_proudction_csr_Validation"/>
  <testcase name="Do_Parameterization" time="0.000" classname="DriverScripts_Scenarios.EventSubscription_proudction_csr_Validation"/>
  <testcase name="Do_Parameterization" time="0.000" classname="DriverScripts_Scenarios.EventSubscription_proudction_csr_Validation"/>
  <testcase name="Do_Parameterization" time="0.000" classname="DriverScripts_Scenarios.EventSubscription_proudction_csr_Validation"/>
  <testcase name="Do_Parameterization" time="0.000" classname="DriverScripts_Scenarios.EventSubscription_proudction_csr_Validation"/>
  <testcase name="Do_Parameterization" time="0.000" classname="DriverScripts_Scenarios.EventSubscription_proudction_csr_Validation"/>
  <testcase name="Do_Parameterization" time="0.000" classname="DriverScripts_Scenarios.EventSubscription_proudction_csr_Validation"/>
  <testcase name="Do_Parameterization" time="0.000" classname="DriverScripts_Scenarios.EventSubscription_proudction_csr_Validation"/>
  <testcase name="Do_Parameterization" time="0.000" classname="DriverScripts_Scenarios.EventSubscription_proudction_csr_Validation"/>
  <testcase name="Do_Parameterization" time="0.001" classname="DriverScripts_Scenarios.EventSubscription_proudction_csr_Validation"/>
  <testcase name="Do_Parameterization" time="0.000" classname="DriverScripts_Scenarios.EventSubscription_proudction_csr_Validation"/>
  <testcase name="Do_Parameterization" time="0.000" classname="DriverScripts_Scenarios.EventSubscription_proudction_csr_Validation"/>
  <testcase name="Do_Parameterization" time="75.018" classname="DriverScripts_Scenarios.EventSubscription_proudction_csr_Validation"/>
  <testcase name="Do_Parameterization" time="0.000" classname="DriverScripts_Scenarios.EventSubscription_proudction_csr_Validation"/>
  <testcase name="Do_Parameterization" time="0.000" classname="DriverScripts_Scenarios.EventSubscription_proudction_csr_Validation"/>
  <testcase name="Do_Parameterization" time="0.000" classname="DriverScripts_Scenarios.EventSubscription_proudction_csr_Validation"/>
  <testcase name="Do_Parameterization" time="0.000" classname="DriverScripts_Scenarios.EventSubscription_proudction_csr_Validation"/>
  <testcase name="Do_Parameterization" time="0.000" classname="DriverScripts_Scenarios.EventSubscription_proudction_csr_Validation"/>
  <testcase name="Do_Parameterization" time="74.535" classname="DriverScripts_Scenarios.EventSubscription_proudction_csr_Validation"/>
  <testcase name="Do_Parameterization" time="0.000" classname="DriverScripts_Scenarios.EventSubscription_proudction_csr_Validation"/>
  <testcase name="Do_Parameterization" time="0.000" classname="DriverScripts_Scenarios.EventSubscription_proudction_csr_Validation"/>
  <testcase name="Do_Parameterization" time="74.868" classname="DriverScripts_Scenarios.EventSubscription_proudction_csr_Validation"/>
  <testcase name="Do_Parameterization" time="73.629" classname="DriverScripts_Scenarios.EventSubscription_proudction_csr_Validation"/>
  <testcase name="Do_Parameterization" time="0.000" classname="DriverScripts_Scenarios.EventSubscription_proudction_csr_Validation"/>
  <testcase name="Do_Parameterization" time="75.211" classname="DriverScripts_Scenarios.EventSubscription_proudction_csr_Validation"/>
  <testcase name="Do_Parameterization" time="0.000" classname="DriverScripts_Scenarios.EventSubscription_proudction_csr_Validation"/>
  <testcase name="Do_Parameterization" time="75.089" classname="DriverScripts_Scenarios.EventSubscription_proudction_csr_Validation"/>
  <testcase name="Do_Parameterization" time="0.000" classname="DriverScripts_Scenarios.EventSubscription_proudction_csr_Validation"/>
  <testcase name="Do_Parameterization" time="0.000" classname="DriverScripts_Scenarios.EventSubscription_proudction_csr_Validation"/>
  <testcase name="Do_Parameterization" time="0.000" classname="DriverScripts_Scenarios.EventSubscription_proudction_csr_Validation"/>
  <testcase name="Do_Parameterization" time="0.000" classname="DriverScripts_Scenarios.EventSubscription_proudction_csr_Validation"/>
  <testcase name="Do_Parameterization" time="0.000" classname="DriverScripts_Scenarios.EventSubscription_proudction_csr_Validation"/>
  <testcase name="Do_Parameterization" time="0.000" classname="DriverScripts_Scenarios.EventSubscription_proudction_csr_Validation"/>
  <testcase name="Do_Parameterization" time="0.000" classname="DriverScripts_Scenarios.EventSubscription_proudction_csr_Validation"/>
  <testcase name="Do_Parameterization" time="73.709" classname="DriverScripts_Scenarios.EventSubscription_proudction_csr_Validation"/>
  <testcase name="Do_Parameterization" time="75.553" classname="DriverScripts_Scenarios.EventSubscription_proudction_csr_Validation"/>
  <testcase name="Do_Parameterization" time="73.337" classname="DriverScripts_Scenarios.EventSubscription_proudction_csr_Validation"/>
  <testcase name="Do_Parameterization" time="0.000" classname="DriverScripts_Scenarios.EventSubscription_proudction_csr_Validation"/>
  <testcase name="Do_Parameterization" time="0.000" classname="DriverScripts_Scenarios.EventSubscription_proudction_csr_Validation"/>
  <testcase name="Do_Parameterization" time="75.770" classname="DriverScripts_Scenarios.EventSubscription_proudction_csr_Validation"/>
  <testcase name="Do_Parameterization" time="74.914" classname="DriverScripts_Scenarios.EventSubscription_proudction_csr_Validation"/>
  <testcase name="Do_Parameterization" time="74.663" classname="DriverScripts_Scenarios.EventSubscription_proudction_csr_Validation"/>
  <testcase name="Do_Parameterization" time="0.000" classname="DriverScripts_Scenarios.EventSubscription_proudction_csr_Validation"/>
  <testcase name="Do_Parameterization" time="0.000" classname="DriverScripts_Scenarios.EventSubscription_proudction_csr_Validation"/>
  <testcase name="Do_Parameterization" time="0.000" classname="DriverScripts_Scenarios.EventSubscription_proudction_csr_Validation"/>
  <testcase name="Do_Parameterization" time="74.505" classname="DriverScripts_Scenarios.EventSubscription_proudction_csr_Validation"/>
  <testcase name="Do_Parameterization" time="0.000" classname="DriverScripts_Scenarios.EventSubscription_proudction_csr_Validation"/>
  <testcase name="Do_Parameterization" time="0.000" classname="DriverScripts_Scenarios.EventSubscription_proudction_csr_Validation"/>
  <testcase name="Do_Parameterization" time="76.013" classname="DriverScripts_Scenarios.EventSubscription_proudction_csr_Validation"/>
  <testcase name="Do_Parameterization" time="0.000" classname="DriverScripts_Scenarios.EventSubscription_proudction_csr_Validation"/>
  <testcase name="Do_Parameterization" time="0.000" classname="DriverScripts_Scenarios.EventSubscription_proudction_csr_Validation"/>
  <testcase name="Do_Parameterization" time="0.016" classname="DriverScripts_Scenarios.EventSubscription_proudction_csr_Validation"/>
  <testcase name="Do_Parameterization" time="75.445" classname="DriverScripts_Scenarios.EventSubscription_proudction_csr_Validation"/>
  <testcase name="Do_Parameterization" time="0.000" classname="DriverScripts_Scenarios.EventSubscription_proudction_csr_Validation"/>
  <testcase name="Do_Parameterization" time="74.404" classname="DriverScripts_Scenarios.EventSubscription_proudction_csr_Validation"/>
  <testcase name="Do_Parameterization" time="72.641" classname="DriverScripts_Scenarios.EventSubscription_proudction_csr_Validation"/>
  <testcase name="Do_Parameterization" time="0.000" classname="DriverScripts_Scenarios.EventSubscription_proudction_csr_Validation"/>
  <testcase name="Do_Parameterization" time="0.000" classname="DriverScripts_Scenarios.EventSubscription_proudction_csr_Validation"/>
  <testcase name="Do_Parameterization" time="0.000" classname="DriverScripts_Scenarios.EventSubscription_proudction_csr_Validation"/>
  <testcase name="Do_Parameterization" time="0.000" classname="DriverScripts_Scenarios.EventSubscription_proudction_csr_Validation"/>
  <testcase name="Do_Parameterization" time="0.000" classname="DriverScripts_Scenarios.EventSubscription_proudction_csr_Validation"/>
  <testcase name="Do_Parameterization" time="0.000" classname="DriverScripts_Scenarios.EventSubscription_proudction_csr_Validation"/>
  <testcase name="Do_Parameterization" time="0.000" classname="DriverScripts_Scenarios.EventSubscription_proudction_csr_Validation"/>
  <testcase name="Do_Parameterization" time="74.249" classname="DriverScripts_Scenarios.EventSubscription_proudction_csr_Validation"/>
  <testcase name="Do_Parameterization" time="0.000" classname="DriverScripts_Scenarios.EventSubscription_proudction_csr_Validation"/>
  <testcase name="Do_Parameterization" time="0.000" classname="DriverScripts_Scenarios.EventSubscription_proudction_csr_Validation"/>
  <testcase name="Do_Parameterization" time="0.000" classname="DriverScripts_Scenarios.EventSubscription_proudction_csr_Validation"/>
  <testcase name="Do_Parameterization" time="0.000" classname="DriverScripts_Scenarios.EventSubscription_proudction_csr_Validation"/>
  <testcase name="Do_Parameterization" time="71.260" classname="DriverScripts_Scenarios.EventSubscription_proudction_csr_Validation"/>
  <testcase name="Do_Parameterization" time="0.000" classname="DriverScripts_Scenarios.EventSubscription_proudction_csr_Validation"/>
  <testcase name="Do_Parameterization" time="0.000" classname="DriverScripts_Scenarios.EventSubscription_proudction_csr_Validation"/>
  <testcase name="Do_Parameterization" time="0.000" classname="DriverScripts_Scenarios.EventSubscription_proudction_csr_Validation"/>
  <testcase name="Do_Parameterization" time="0.000" classname="DriverScripts_Scenarios.EventSubscription_proudction_csr_Validation"/>
  <testcase name="Do_Parameterization" time="0.016" classname="DriverScripts_Scenarios.EventSubscription_proudction_csr_Validation"/>
  <testcase name="Do_Parameterization" time="0.000" classname="DriverScripts_Scenarios.EventSubscription_proudction_csr_Validation"/>
  <testcase name="Do_Parameterization" time="0.000" classname="DriverScripts_Scenarios.EventSubscription_proudction_csr_Validation"/>
  <testcase name="Do_Parameterization" time="74.716" classname="DriverScripts_Scenarios.EventSubscription_proudction_csr_Validation"/>
  <testcase name="Do_Parameterization" time="0.000" classname="DriverScripts_Scenarios.EventSubscription_proudction_csr_Validation"/>
  <testcase name="Do_Parameterization" time="75.039" classname="DriverScripts_Scenarios.EventSubscription_proudction_csr_Validation"/>
  <testcase name="Do_Parameterization" time="0.000" classname="DriverScripts_Scenarios.EventSubscription_proudction_csr_Validation"/>
  <testcase name="Do_Parameterization" time="74.453" classname="DriverScripts_Scenarios.EventSubscription_proudction_csr_Validation"/>
  <testcase name="Do_Parameterization" time="0.000" classname="DriverScripts_Scenarios.EventSubscription_proudction_csr_Validation"/>
  <testcase name="Do_Parameterization" time="0.016" classname="DriverScripts_Scenarios.EventSubscription_proudction_csr_Validation"/>
  <testcase name="Do_Parameterization" time="0.000" classname="DriverScripts_Scenarios.EventSubscription_proudction_csr_Validation"/>
  <testcase name="Do_Parameterization" time="0.000" classname="DriverScripts_Scenarios.EventSubscription_proudction_csr_Validation"/>
  <testcase name="Do_Parameterization" time="78.521" classname="DriverScripts_Scenarios.EventSubscription_proudction_csr_Validation"/>
  <testcase name="Do_Parameterization" time="0.000" classname="DriverScripts_Scenarios.EventSubscription_proudction_csr_Validation"/>
  <testcase name="Do_Parameterization" time="0.000" classname="DriverScripts_Scenarios.EventSubscription_proudction_csr_Validation"/>
  <testcase name="Do_Parameterization" time="76.927" classname="DriverScripts_Scenarios.EventSubscription_proudction_csr_Validation"/>
  <testcase name="Do_Parameterization" time="0.000" classname="DriverScripts_Scenarios.EventSubscription_proudction_csr_Validation"/>
  <testcase name="Do_Parameterization" time="0.000" classname="DriverScripts_Scenarios.EventSubscription_proudction_csr_Validation"/>
  <testcase name="Do_Parameterization" time="0.000" classname="DriverScripts_Scenarios.EventSubscription_proudction_csr_Validation"/>
  <testcase name="Do_Parameterization" time="70.484" classname="DriverScripts_Scenarios.EventSubscription_proudction_csr_Validation"/>
  <testcase name="Do_Parameterization" time="74.726" classname="DriverScripts_Scenarios.EventSubscription_proudction_csr_Validation"/>
  <testcase name="Do_Parameterization" time="71.135" classname="DriverScripts_Scenarios.EventSubscription_proudction_csr_Validation"/>
  <testcase name="Do_Parameterization" time="75.669" classname="DriverScripts_Scenarios.EventSubscription_proudction_csr_Validation"/>
  <testcase name="Do_Parameterization" time="0.000" classname="DriverScripts_Scenarios.EventSubscription_proudction_csr_Validation"/>
  <testcase name="Do_Parameterization" time="0.000" classname="DriverScripts_Scenarios.EventSubscription_proudction_csr_Validation"/>
  <testcase name="Do_Parameterization" time="0.000" classname="DriverScripts_Scenarios.EventSubscription_proudction_csr_Validation"/>
  <testcase name="Do_Parameterization" time="0.000" classname="DriverScripts_Scenarios.EventSubscription_proudction_csr_Validation"/>
  <testcase name="Do_Parameterization" time="78.789" classname="DriverScripts_Scenarios.EventSubscription_proudction_csr_Validation"/>
  <testcase name="Do_Parameterization" time="0.000" classname="DriverScripts_Scenarios.EventSubscription_proudction_csr_Validation"/>
  <testcase name="Do_Parameterization" time="0.000" classname="DriverScripts_Scenarios.EventSubscription_proudction_csr_Validation"/>
  <testcase name="Do_Parameterization" time="76.379" classname="DriverScripts_Scenarios.EventSubscription_proudction_csr_Validation"/>
  <testcase name="Do_Parameterization" time="76.201" classname="DriverScripts_Scenarios.EventSubscription_proudction_csr_Validation"/>
  <testcase name="Do_Parameterization" time="78.080" classname="DriverScripts_Scenarios.EventSubscription_proudction_csr_Validation"/>
  <testcase name="Do_Parameterization" time="0.000" classname="DriverScripts_Scenarios.EventSubscription_proudction_csr_Validation"/>
  <testcase name="Do_Parameterization" time="71.032" classname="DriverScripts_Scenarios.EventSubscription_proudction_csr_Validation"/>
  <testcase name="Do_Parameterization" time="75.283" classname="DriverScripts_Scenarios.EventSubscription_proudction_csr_Validation"/>
  <testcase name="Do_Parameterization" time="0.000" classname="DriverScripts_Scenarios.EventSubscription_proudction_csr_Validation"/>
  <testcase name="Do_Parameterization" time="0.009" classname="DriverScripts_Scenarios.EventSubscription_proudction_csr_Validation"/>
  <testcase name="Do_Parameterization" time="70.052" classname="DriverScripts_Scenarios.EventSubscription_proudction_csr_Validation"/>
  <testcase name="Do_Parameterization" time="0.000" classname="DriverScripts_Scenarios.EventSubscription_proudction_csr_Validation"/>
  <testcase name="Do_Parameterization" time="0.000" classname="DriverScripts_Scenarios.EventSubscription_proudction_csr_Validation"/>
  <testcase name="Do_Parameterization" time="73.485" classname="DriverScripts_Scenarios.EventSubscription_proudction_csr_Validation"/>
  <testcase name="Do_Parameterization" time="0.000" classname="DriverScripts_Scenarios.EventSubscription_proudction_csr_Validation"/>
  <testcase name="Do_Parameterization" time="70.157" classname="DriverScripts_Scenarios.EventSubscription_proudction_csr_Validation"/>
  <testcase name="Do_Parameterization" time="0.000" classname="DriverScripts_Scenarios.EventSubscription_proudction_csr_Validation"/>
  <testcase name="Do_Parameterization" time="75.499" classname="DriverScripts_Scenarios.EventSubscription_proudction_csr_Validation"/>
  <testcase name="Do_Parameterization" time="75.174" classname="DriverScripts_Scenarios.EventSubscription_proudction_csr_Validation"/>
  <testcase name="Do_Parameterization" time="73.433" classname="DriverScripts_Scenarios.EventSubscription_proudction_csr_Validation"/>
  <testcase name="Do_Parameterization" time="0.000" classname="DriverScripts_Scenarios.EventSubscription_proudction_csr_Validation"/>
  <testcase name="Do_Parameterization" time="76.123" classname="DriverScripts_Scenarios.EventSubscription_proudction_csr_Validation"/>
  <testcase name="Do_Parameterization" time="74.154" classname="DriverScripts_Scenarios.EventSubscription_proudction_csr_Validation"/>
  <testcase name="Do_Parameterization" time="0.000" classname="DriverScripts_Scenarios.EventSubscription_proudction_csr_Validation"/>
  <testcase name="Do_Parameterization" time="72.581" classname="DriverScripts_Scenarios.EventSubscription_proudction_csr_Validation"/>
  <testcase name="Do_Parameterization" time="0.000" classname="DriverScripts_Scenarios.EventSubscription_proudction_csr_Validation"/>
  <testcase name="Do_Parameterization" time="89.576" classname="DriverScripts_Scenarios.EventSubscription_proudction_csr_Validation"/>
  <testcase name="Do_Parameterization" time="0.000" classname="DriverScripts_Scenarios.EventSubscription_proudction_csr_Validation"/>
  <testcase name="Do_Parameterization" time="0.000" classname="DriverScripts_Scenarios.EventSubscription_proudction_csr_Validation"/>
  <testcase name="Do_Parameterization" time="75.603" classname="DriverScripts_Scenarios.EventSubscription_proudction_csr_Validation"/>
  <testcase name="Do_Parameterization" time="0.000" classname="DriverScripts_Scenarios.EventSubscription_proudction_csr_Validation"/>
  <testcase name="Do_Parameterization" time="0.000" classname="DriverScripts_Scenarios.EventSubscription_proudction_csr_Validation"/>
  <testcase name="Do_Parameterization" time="74.234" classname="DriverScripts_Scenarios.EventSubscription_proudction_csr_Validation"/>
  <testcase name="Do_Parameterization" time="0.000" classname="DriverScripts_Scenarios.EventSubscription_proudction_csr_Validation"/>
  <testcase name="Do_Parameterization" time="0.000" classname="DriverScripts_Scenarios.EventSubscription_proudction_csr_Validation"/>
  <testcase name="Do_Parameterization" time="0.016" classname="DriverScripts_Scenarios.EventSubscription_proudction_csr_Validation"/>
  <testcase name="Do_Parameterization" time="0.000" classname="DriverScripts_Scenarios.EventSubscription_proudction_csr_Validation"/>
  <testcase name="Do_Parameterization" time="75.427" classname="DriverScripts_Scenarios.EventSubscription_proudction_csr_Validation"/>
  <testcase name="Do_Parameterization" time="0.000" classname="DriverScripts_Scenarios.EventSubscription_proudction_csr_Validation"/>
  <testcase name="Do_Parameterization" time="0.000" classname="DriverScripts_Scenarios.EventSubscription_proudction_csr_Validation"/>
  <testcase name="Do_Parameterization" time="74.394" classname="DriverScripts_Scenarios.EventSubscription_proudction_csr_Validation"/>
  <testcase name="Do_Parameterization" time="74.123" classname="DriverScripts_Scenarios.EventSubscription_proudction_csr_Validation"/>
  <testcase name="Do_Parameterization" time="75.974" classname="DriverScripts_Scenarios.EventSubscription_proudction_csr_Validation"/>
  <testcase name="Do_Parameterization" time="0.000" classname="DriverScripts_Scenarios.EventSubscription_proudction_csr_Validation"/>
  <testcase name="Do_Parameterization" time="0.000" classname="DriverScripts_Scenarios.EventSubscription_proudction_csr_Validation"/>
  <testcase name="Do_Parameterization" time="0.000" classname="DriverScripts_Scenarios.EventSubscription_proudction_csr_Validation"/>
  <testcase name="Do_Parameterization" time="0.000" classname="DriverScripts_Scenarios.EventSubscription_proudction_csr_Validation"/>
  <testcase name="Do_Parameterization" time="73.797" classname="DriverScripts_Scenarios.EventSubscription_proudction_csr_Validation"/>
  <testcase name="Do_Parameterization" time="0.000" classname="DriverScripts_Scenarios.EventSubscription_proudction_csr_Validation"/>
  <testcase name="Do_Parameterization" time="0.000" classname="DriverScripts_Scenarios.EventSubscription_proudction_csr_Validation"/>
  <testcase name="Do_Parameterization" time="0.000" classname="DriverScripts_Scenarios.EventSubscription_proudction_csr_Validation"/>
  <testcase name="Do_Parameterization" time="0.000" classname="DriverScripts_Scenarios.EventSubscription_proudction_csr_Validation"/>
  <testcase name="Do_Parameterization" time="0.000" classname="DriverScripts_Scenarios.EventSubscription_proudction_csr_Validation"/>
  <testcase name="Do_Parameterization" time="0.000" classname="DriverScripts_Scenarios.EventSubscription_proudction_csr_Validation"/>
  <testcase name="Do_Parameterization" time="81.394" classname="DriverScripts_Scenarios.EventSubscription_proudction_csr_Validation"/>
  <testcase name="Do_Parameterization" time="0.000" classname="DriverScripts_Scenarios.EventSubscription_proudction_csr_Validation"/>
  <testcase name="Do_Parameterization" time="73.404" classname="DriverScripts_Scenarios.EventSubscription_proudction_csr_Validation"/>
  <testcase name="Do_Parameterization" time="74.777" classname="DriverScripts_Scenarios.EventSubscription_proudction_csr_Validation"/>
  <testcase name="Do_Parameterization" time="71.183" classname="DriverScripts_Scenarios.EventSubscription_proudction_csr_Validation"/>
  <testcase name="Do_Parameterization" time="0.000" classname="DriverScripts_Scenarios.EventSubscription_proudction_csr_Validation"/>
  <testcase name="Do_Parameterization" time="0.000" classname="DriverScripts_Scenarios.EventSubscription_proudction_csr_Validation"/>
  <testcase name="Do_Parameterization" time="0.000" classname="DriverScripts_Scenarios.EventSubscription_proudction_csr_Validation"/>
  <testcase name="Do_Parameterization" time="0.000" classname="DriverScripts_Scenarios.EventSubscription_proudction_csr_Validation"/>
  <testcase name="Do_Parameterization" time="69.163" classname="DriverScripts_Scenarios.EventSubscription_proudction_csr_Validation"/>
  <testcase name="Do_Parameterization" time="0.000" classname="DriverScripts_Scenarios.EventSubscription_proudction_csr_Validation"/>
  <testcase name="Do_Parameterization" time="0.000" classname="DriverScripts_Scenarios.EventSubscription_proudction_csr_Validation"/>
  <testcase name="Do_Parameterization" time="0.016" classname="DriverScripts_Scenarios.EventSubscription_proudction_csr_Validation"/>
  <testcase name="Do_Parameterization" time="0.000" classname="DriverScripts_Scenarios.EventSubscription_proudction_csr_Validation"/>
  <testcase name="Do_Parameterization" time="0.000" classname="DriverScripts_Scenarios.EventSubscription_proudction_csr_Validation"/>
  <testcase name="Do_Parameterization" time="75.420" classname="DriverScripts_Scenarios.EventSubscription_proudction_csr_Validation"/>
  <testcase name="Do_Parameterization" time="0.000" classname="DriverScripts_Scenarios.EventSubscription_proudction_csr_Validation"/>
  <testcase name="Do_Parameterization" time="0.000" classname="DriverScripts_Scenarios.EventSubscription_proudction_csr_Validation"/>
  <testcase name="Do_Parameterization" time="0.000" classname="DriverScripts_Scenarios.EventSubscription_proudction_csr_Validation"/>
  <testcase name="Do_Parameterization" time="0.000" classname="DriverScripts_Scenarios.EventSubscription_proudction_csr_Validation"/>
  <testcase name="Do_Parameterization" time="0.000" classname="DriverScripts_Scenarios.EventSubscription_proudction_csr_Validation"/>
  <testcase name="Do_Parameterization" time="75.165" classname="DriverScripts_Scenarios.EventSubscription_proudction_csr_Validation"/>
  <testcase name="Do_Parameterization" time="0.000" classname="DriverScripts_Scenarios.EventSubscription_proudction_csr_Validation"/>
  <testcase name="Do_Parameterization" time="74.603" classname="DriverScripts_Scenarios.EventSubscription_proudction_csr_Validation"/>
  <testcase name="Do_Parameterization" time="0.000" classname="DriverScripts_Scenarios.EventSubscription_proudction_csr_Validation"/>
  <testcase name="Do_Parameterization" time="0.000" classname="DriverScripts_Scenarios.EventSubscription_proudction_csr_Validation"/>
  <testcase name="Do_Parameterization" time="77.769" classname="DriverScripts_Scenarios.EventSubscription_proudction_csr_Validation"/>
  <testcase name="Do_Parameterization" time="74.714" classname="DriverScripts_Scenarios.EventSubscription_proudction_csr_Validation"/>
  <testcase name="Do_Parameterization" time="75.063" classname="DriverScripts_Scenarios.EventSubscription_proudction_csr_Validation"/>
  <testcase name="Do_Parameterization" time="0.000" classname="DriverScripts_Scenarios.EventSubscription_proudction_csr_Validation"/>
  <testcase name="Do_Parameterization" time="74.225" classname="DriverScripts_Scenarios.EventSubscription_proudction_csr_Validation"/>
  <testcase name="Do_Parameterization" time="0.000" classname="DriverScripts_Scenarios.EventSubscription_proudction_csr_Validation"/>
  <testcase name="Do_Parameterization" time="69.930" classname="DriverScripts_Scenarios.EventSubscription_proudction_csr_Validation"/>
  <testcase name="Do_Parameterization" time="0.000" classname="DriverScripts_Scenarios.EventSubscription_proudction_csr_Validation"/>
  <testcase name="Do_Parameterization" time="0.000" classname="DriverScripts_Scenarios.EventSubscription_proudction_csr_Validation"/>
  <testcase name="Do_Parameterization" time="77.092" classname="DriverScripts_Scenarios.EventSubscription_proudction_csr_Validation"/>
  <testcase name="Do_Parameterization" time="0.000" classname="DriverScripts_Scenarios.EventSubscription_proudction_csr_Validation"/>
  <testcase name="Do_Parameterization" time="0.000" classname="DriverScripts_Scenarios.EventSubscription_proudction_csr_Validation"/>
  <testcase name="Do_Parameterization" time="0.000" classname="DriverScripts_Scenarios.EventSubscription_proudction_csr_Validation"/>
  <testcase name="Do_Parameterization" time="70.719" classname="DriverScripts_Scenarios.EventSubscription_proudction_csr_Validation"/>
  <testcase name="Do_Parameterization" time="0.000" classname="DriverScripts_Scenarios.EventSubscription_proudction_csr_Validation"/>
  <testcase name="Do_Parameterization" time="0.000" classname="DriverScripts_Scenarios.EventSubscription_proudction_csr_Validation"/>
  <testcase name="Do_Parameterization" time="0.000" classname="DriverScripts_Scenarios.EventSubscription_proudction_csr_Validation"/>
  <testcase name="Do_Parameterization" time="0.000" classname="DriverScripts_Scenarios.EventSubscription_proudction_csr_Validation"/>
  <testcase name="Do_Parameterization" time="0.000" classname="DriverScripts_Scenarios.EventSubscription_proudction_csr_Validation"/>
  <testcase name="Do_Parameterization" time="0.000" classname="DriverScripts_Scenarios.EventSubscription_proudction_csr_Validation"/>
  <testcase name="Do_Parameterization" time="75.193" classname="DriverScripts_Scenarios.EventSubscription_proudction_csr_Validation"/>
  <testcase name="Do_Parameterization" time="0.000" classname="DriverScripts_Scenarios.EventSubscription_proudction_csr_Validation"/>
  <testcase name="Do_Parameterization" time="0.016" classname="DriverScripts_Scenarios.EventSubscription_proudction_csr_Validation"/>
  <testcase name="Do_Parameterization" time="75.425" classname="DriverScripts_Scenarios.EventSubscription_proudction_csr_Validation"/>
  <testcase name="Do_Parameterization" time="75.397" classname="DriverScripts_Scenarios.EventSubscription_proudction_csr_Validation"/>
  <testcase name="Do_Parameterization" time="0.000" classname="DriverScripts_Scenarios.EventSubscription_proudction_csr_Validation"/>
  <testcase name="Do_Parameterization" time="0.000" classname="DriverScripts_Scenarios.EventSubscription_proudction_csr_Validation"/>
  <testcase name="Do_Parameterization" time="0.000" classname="DriverScripts_Scenarios.EventSubscription_proudction_csr_Validation"/>
  <testcase name="Do_Parameterization" time="76.666" classname="DriverScripts_Scenarios.EventSubscription_proudction_csr_Validation"/>
  <testcase name="Do_Parameterization" time="0.000" classname="DriverScripts_Scenarios.EventSubscription_proudction_csr_Validation"/>
  <testcase name="Do_Parameterization" time="0.000" classname="DriverScripts_Scenarios.EventSubscription_proudction_csr_Validation"/>
  <testcase name="Do_Parameterization" time="0.000" classname="DriverScripts_Scenarios.EventSubscription_proudction_csr_Validation"/>
  <testcase name="Do_Parameterization" time="74.705" classname="DriverScripts_Scenarios.EventSubscription_proudction_csr_Validation"/>
  <testcase name="Do_Parameterization" time="73.717" classname="DriverScripts_Scenarios.EventSubscription_proudction_csr_Validation"/>
  <testcase name="Do_Parameterization" time="75.335" classname="DriverScripts_Scenarios.EventSubscription_proudction_csr_Validation"/>
  <testcase name="Do_Parameterization" time="0.015" classname="DriverScripts_Scenarios.EventSubscription_proudction_csr_Validation"/>
  <testcase name="Do_Parameterization" time="79.665" classname="DriverScripts_Scenarios.EventSubscription_proudction_csr_Validation"/>
  <testcase name="Do_Parameterization" time="0.015" classname="DriverScripts_Scenarios.EventSubscription_proudction_csr_Validation"/>
  <testcase name="Do_Parameterization" time="0.000" classname="DriverScripts_Scenarios.EventSubscription_proudction_csr_Validation"/>
  <testcase name="Do_Parameterization" time="0.000" classname="DriverScripts_Scenarios.EventSubscription_proudction_csr_Validation"/>
  <testcase name="Do_Parameterization" time="0.016" classname="DriverScripts_Scenarios.EventSubscription_proudction_csr_Validation"/>
  <testcase name="Do_Parameterization" time="75.135" classname="DriverScripts_Scenarios.EventSubscription_proudction_csr_Validation"/>
  <testcase name="Do_Parameterization" time="0.000" classname="DriverScripts_Scenarios.EventSubscription_proudction_csr_Validation"/>
  <testcase name="Do_Parameterization" time="0.016" classname="DriverScripts_Scenarios.EventSubscription_proudction_csr_Validation"/>
  <testcase name="Do_Parameterization" time="0.000" classname="DriverScripts_Scenarios.EventSubscription_proudction_csr_Validation"/>
  <testcase name="Do_Parameterization" time="74.128" classname="DriverScripts_Scenarios.EventSubscription_proudction_csr_Validation"/>
  <testcase name="Do_Parameterization" time="0.000" classname="DriverScripts_Scenarios.EventSubscription_proudction_csr_Validation"/>
  <testcase name="Do_Parameterization" time="0.000" classname="DriverScripts_Scenarios.EventSubscription_proudction_csr_Validation"/>
  <testcase name="Do_Parameterization" time="0.000" classname="DriverScripts_Scenarios.EventSubscription_proudction_csr_Validation"/>
  <testcase name="Do_Parameterization" time="0.000" classname="DriverScripts_Scenarios.EventSubscription_proudction_csr_Validation"/>
  <testcase name="Do_Parameterization" time="0.000" classname="DriverScripts_Scenarios.EventSubscription_proudction_csr_Validation"/>
  <testcase name="Do_Parameterization" time="73.493" classname="DriverScripts_Scenarios.EventSubscription_proudction_csr_Validation"/>
  <testcase name="Do_Parameterization" time="0.000" classname="DriverScripts_Scenarios.EventSubscription_proudction_csr_Validation"/>
  <testcase name="Do_Parameterization" time="0.000" classname="DriverScripts_Scenarios.EventSubscription_proudction_csr_Validation"/>
  <testcase name="Do_Parameterization" time="0.000" classname="DriverScripts_Scenarios.EventSubscription_proudction_csr_Validation"/>
  <testcase name="Do_Parameterization" time="76.804" classname="DriverScripts_Scenarios.EventSubscription_proudction_csr_Validation"/>
  <testcase name="Do_Parameterization" time="0.000" classname="DriverScripts_Scenarios.EventSubscription_proudction_csr_Validation"/>
  <testcase name="Do_Parameterization" time="75.975" classname="DriverScripts_Scenarios.EventSubscription_proudction_csr_Validation"/>
  <testcase name="Do_Parameterization" time="0.000" classname="DriverScripts_Scenarios.EventSubscription_proudction_csr_Validation"/>
  <testcase name="Do_Parameterization" time="0.016" classname="DriverScripts_Scenarios.EventSubscription_proudction_csr_Validation"/>
  <testcase name="Do_Parameterization" time="71.969" classname="DriverScripts_Scenarios.EventSubscription_proudction_csr_Validation"/>
  <testcase name="Do_Parameterization" time="0.000" classname="DriverScripts_Scenarios.EventSubscription_proudction_csr_Validation"/>
  <testcase name="Do_Parameterization" time="0.000" classname="DriverScripts_Scenarios.EventSubscription_proudction_csr_Validation"/>
  <testcase name="Do_Parameterization" time="0.000" classname="DriverScripts_Scenarios.EventSubscription_proudction_csr_Validation"/>
  <testcase name="Do_Parameterization" time="0.000" classname="DriverScripts_Scenarios.EventSubscription_proudction_csr_Validation"/>
  <testcase name="Do_Parameterization" time="0.016" classname="DriverScripts_Scenarios.EventSubscription_proudction_csr_Validation"/>
  <testcase name="Do_Parameterization" time="69.670" classname="DriverScripts_Scenarios.EventSubscription_proudction_csr_Validation"/>
  <testcase name="Do_Parameterization" time="0.000" classname="DriverScripts_Scenarios.EventSubscription_proudction_csr_Validation"/>
  <testcase name="Do_Parameterization" time="0.016" classname="DriverScripts_Scenarios.EventSubscription_proudction_csr_Validation"/>
  <testcase name="Do_Parameterization" time="0.000" classname="DriverScripts_Scenarios.EventSubscription_proudction_csr_Validation"/>
  <testcase name="Do_Parameterization" time="0.000" classname="DriverScripts_Scenarios.EventSubscription_proudction_csr_Validation"/>
  <testcase name="Do_Parameterization" time="0.000" classname="DriverScripts_Scenarios.EventSubscription_proudction_csr_Validation"/>
  <testcase name="Do_Parameterization" time="73.638" classname="DriverScripts_Scenarios.EventSubscription_proudction_csr_Validation"/>
  <testcase name="Do_Parameterization" time="0.000" classname="DriverScripts_Scenarios.EventSubscription_proudction_csr_Validation"/>
  <testcase name="Do_Parameterization" time="0.000" classname="DriverScripts_Scenarios.EventSubscription_proudction_csr_Validation"/>
  <testcase name="Do_Parameterization" time="72.083" classname="DriverScripts_Scenarios.EventSubscription_proudction_csr_Validation"/>
  <testcase name="Do_Parameterization" time="0.000" classname="DriverScripts_Scenarios.EventSubscription_proudction_csr_Validation"/>
  <testcase name="Do_Parameterization" time="0.000" classname="DriverScripts_Scenarios.EventSubscription_proudction_csr_Validation"/>
  <testcase name="Do_Parameterization" time="74.611" classname="DriverScripts_Scenarios.EventSubscription_proudction_csr_Validation"/>
  <testcase name="Do_Parameterization" time="76.199" classname="DriverScripts_Scenarios.EventSubscription_proudction_csr_Validation"/>
  <testcase name="Do_Parameterization" time="0.000" classname="DriverScripts_Scenarios.EventSubscription_proudction_csr_Validation"/>
  <testcase name="Do_Parameterization" time="70.333" classname="DriverScripts_Scenarios.EventSubscription_proudction_csr_Validation"/>
  <testcase name="Do_Parameterization" time="0.000" classname="DriverScripts_Scenarios.EventSubscription_proudction_csr_Validation"/>
  <testcase name="Do_Parameterization" time="0.000" classname="DriverScripts_Scenarios.EventSubscription_proudction_csr_Validation"/>
  <testcase name="Do_Parameterization" time="0.000" classname="DriverScripts_Scenarios.EventSubscription_proudction_csr_Validation"/>
  <testcase name="Do_Parameterization" time="0.000" classname="DriverScripts_Scenarios.EventSubscription_proudction_csr_Validation"/>
  <testcase name="Do_Parameterization" time="0.000" classname="DriverScripts_Scenarios.EventSubscription_proudction_csr_Validation"/>
  <testcase name="Do_Parameterization" time="76.197" classname="DriverScripts_Scenarios.EventSubscription_proudction_csr_Validation"/>
  <testcase name="Do_Parameterization" time="0.000" classname="DriverScripts_Scenarios.EventSubscription_proudction_csr_Validation"/>
  <testcase name="Do_Parameterization" time="74.585" classname="DriverScripts_Scenarios.EventSubscription_proudction_csr_Validation"/>
  <testcase name="Do_Parameterization" time="74.986" classname="DriverScripts_Scenarios.EventSubscription_proudction_csr_Validation"/>
  <testcase name="Do_Parameterization" time="0.000" classname="DriverScripts_Scenarios.EventSubscription_proudction_csr_Validation"/>
  <testcase name="Do_Parameterization" time="0.000" classname="DriverScripts_Scenarios.EventSubscription_proudction_csr_Validation"/>
  <testcase name="Do_Parameterization" time="74.652" classname="DriverScripts_Scenarios.EventSubscription_proudction_csr_Validation"/>
  <testcase name="Do_Parameterization" time="78.401" classname="DriverScripts_Scenarios.EventSubscription_proudction_csr_Validation"/>
  <testcase name="Do_Parameterization" time="73.253" classname="DriverScripts_Scenarios.EventSubscription_proudction_csr_Validation"/>
  <testcase name="Do_Parameterization" time="0.000" classname="DriverScripts_Scenarios.EventSubscription_proudction_csr_Validation"/>
  <testcase name="Do_Parameterization" time="75.770" classname="DriverScripts_Scenarios.EventSubscription_proudction_csr_Validation"/>
  <testcase name="Do_Parameterization" time="0.000" classname="DriverScripts_Scenarios.EventSubscription_proudction_csr_Validation"/>
  <testcase name="Do_Parameterization" time="0.000" classname="DriverScripts_Scenarios.EventSubscription_proudction_csr_Validation"/>
  <testcase name="Do_Parameterization" time="0.000" classname="DriverScripts_Scenarios.EventSubscription_proudction_csr_Validation"/>
  <testcase name="Do_Parameterization" time="0.000" classname="DriverScripts_Scenarios.EventSubscription_proudction_csr_Validation"/>
  <testcase name="Do_Parameterization" time="0.000" classname="DriverScripts_Scenarios.EventSubscription_proudction_csr_Validation"/>
  <testcase name="Do_Parameterization" time="0.000" classname="DriverScripts_Scenarios.EventSubscription_proudction_csr_Validation"/>
  <testcase name="Do_Parameterization" time="73.409" classname="DriverScripts_Scenarios.EventSubscription_proudction_csr_Validation"/>
  <testcase name="Do_Parameterization" time="71.308" classname="DriverScripts_Scenarios.EventSubscription_proudction_csr_Validation"/>
  <testcase name="Do_Parameterization" time="75.549" classname="DriverScripts_Scenarios.EventSubscription_proudction_csr_Validation"/>
  <testcase name="Do_Parameterization" time="0.000" classname="DriverScripts_Scenarios.EventSubscription_proudction_csr_Validation"/>
  <testcase name="Do_Parameterization" time="0.000" classname="DriverScripts_Scenarios.EventSubscription_proudction_csr_Validation"/>
  <testcase name="Do_Parameterization" time="0.000" classname="DriverScripts_Scenarios.EventSubscription_proudction_csr_Validation"/>
  <testcase name="Do_Parameterization" time="0.000" classname="DriverScripts_Scenarios.EventSubscription_proudction_csr_Validation"/>
  <testcase name="Do_Parameterization" time="74.618" classname="DriverScripts_Scenarios.EventSubscription_proudction_csr_Validation"/>
  <testcase name="Do_Parameterization" time="0.000" classname="DriverScripts_Scenarios.EventSubscription_proudction_csr_Validation"/>
  <testcase name="Do_Parameterization" time="73.505" classname="DriverScripts_Scenarios.EventSubscription_proudction_csr_Validation"/>
  <testcase name="Do_Parameterization" time="72.193" classname="DriverScripts_Scenarios.EventSubscription_proudction_csr_Validation"/>
  <testcase name="Do_Parameterization" time="0.000" classname="DriverScripts_Scenarios.EventSubscription_proudction_csr_Validation"/>
  <testcase name="Do_Parameterization" time="0.000" classname="DriverScripts_Scenarios.EventSubscription_proudction_csr_Validation"/>
  <testcase name="Do_Parameterization" time="73.719" classname="DriverScripts_Scenarios.EventSubscription_proudction_csr_Validation"/>
  <testcase name="Do_Parameterization" time="74.208" classname="DriverScripts_Scenarios.EventSubscription_proudction_csr_Validation"/>
  <testcase name="Do_Parameterization" time="0.000" classname="DriverScripts_Scenarios.EventSubscription_proudction_csr_Validation"/>
  <testcase name="Do_Parameterization" time="75.150" classname="DriverScripts_Scenarios.EventSubscription_proudction_csr_Validation"/>
  <testcase name="Do_Parameterization" time="0.000" classname="DriverScripts_Scenarios.EventSubscription_proudction_csr_Validation"/>
  <testcase name="Do_Parameterization" time="72.760" classname="DriverScripts_Scenarios.EventSubscription_proudction_csr_Validation"/>
  <testcase name="Do_Parameterization" time="0.000" classname="DriverScripts_Scenarios.EventSubscription_proudction_csr_Validation"/>
  <testcase name="Do_Parameterization" time="76.195" classname="DriverScripts_Scenarios.EventSubscription_proudction_csr_Validation"/>
  <testcase name="Do_Parameterization" time="71.443" classname="DriverScripts_Scenarios.EventSubscription_proudction_csr_Validation"/>
  <testcase name="Do_Parameterization" time="74.567" classname="DriverScripts_Scenarios.EventSubscription_proudction_csr_Validation"/>
  <testcase name="Do_Parameterization" time="0.000" classname="DriverScripts_Scenarios.EventSubscription_proudction_csr_Validation"/>
  <testcase name="Do_Parameterization" time="0.000" classname="DriverScripts_Scenarios.EventSubscription_proudction_csr_Validation"/>
  <testcase name="Do_Parameterization" time="0.000" classname="DriverScripts_Scenarios.EventSubscription_proudction_csr_Validation"/>
  <testcase name="Do_Parameterization" time="0.000" classname="DriverScripts_Scenarios.EventSubscription_proudction_csr_Validation"/>
  <testcase name="Do_Parameterization" time="0.000" classname="DriverScripts_Scenarios.EventSubscription_proudction_csr_Validation"/>
  <testcase name="Do_Parameterization" time="77.849" classname="DriverScripts_Scenarios.EventSubscription_proudction_csr_Validation"/>
  <testcase name="Do_Parameterization" time="0.000" classname="DriverScripts_Scenarios.EventSubscription_proudction_csr_Validation"/>
  <testcase name="Do_Parameterization" time="79.245" classname="DriverScripts_Scenarios.EventSubscription_proudction_csr_Validation"/>
  <testcase name="Do_Parameterization" time="77.753" classname="DriverScripts_Scenarios.EventSubscription_proudction_csr_Validation"/>
  <testcase name="Do_Parameterization" time="0.000" classname="DriverScripts_Scenarios.EventSubscription_proudction_csr_Validation"/>
  <testcase name="Do_Parameterization" time="74.071" classname="DriverScripts_Scenarios.EventSubscription_proudction_csr_Validation"/>
  <testcase name="Do_Parameterization" time="0.001" classname="DriverScripts_Scenarios.EventSubscription_proudction_csr_Validation"/>
  <testcase name="Do_Parameterization" time="0.000" classname="DriverScripts_Scenarios.EventSubscription_proudction_csr_Validation"/>
  <testcase name="Do_Parameterization" time="0.000" classname="DriverScripts_Scenarios.EventSubscription_proudction_csr_Validation"/>
  <testcase name="Do_Parameterization" time="0.000" classname="DriverScripts_Scenarios.EventSubscription_proudction_csr_Validation"/>
  <testcase name="Do_Parameterization" time="0.000" classname="DriverScripts_Scenarios.EventSubscription_proudction_csr_Validation"/>
  <testcase name="Do_Parameterization" time="0.000" classname="DriverScripts_Scenarios.EventSubscription_proudction_csr_Validation"/>
  <testcase name="Do_Parameterization" time="0.000" classname="DriverScripts_Scenarios.EventSubscription_proudction_csr_Validation"/>
  <testcase name="Do_Parameterization" time="0.000" classname="DriverScripts_Scenarios.EventSubscription_proudction_csr_Validation"/>
  <testcase name="Do_Parameterization" time="0.000" classname="DriverScripts_Scenarios.EventSubscription_proudction_csr_Validation"/>
  <testcase name="Do_Parameterization" time="74.436" classname="DriverScripts_Scenarios.EventSubscription_proudction_csr_Validation"/>
  <testcase name="Do_Parameterization" time="0.000" classname="DriverScripts_Scenarios.EventSubscription_proudction_csr_Validation"/>
  <testcase name="Do_Parameterization" time="76.436" classname="DriverScripts_Scenarios.EventSubscription_proudction_csr_Validation"/>
  <testcase name="Do_Parameterization" time="95.845" classname="DriverScripts_Scenarios.EventSubscription_proudction_csr_Validation"/>
  <testcase name="Do_Parameterization" time="0.000" classname="DriverScripts_Scenarios.EventSubscription_proudction_csr_Validation"/>
  <testcase name="Do_Parameterization" time="0.000" classname="DriverScripts_Scenarios.EventSubscription_proudction_csr_Validation"/>
  <testcase name="Do_Parameterization" time="0.000" classname="DriverScripts_Scenarios.EventSubscription_proudction_csr_Validation"/>
  <testcase name="Do_Parameterization" time="0.000" classname="DriverScripts_Scenarios.EventSubscription_proudction_csr_Validation"/>
  <testcase name="Do_Parameterization" time="0.016" classname="DriverScripts_Scenarios.EventSubscription_proudction_csr_Validation"/>
  <testcase name="Do_Parameterization" time="74.569" classname="DriverScripts_Scenarios.EventSubscription_proudction_csr_Validation"/>
  <testcase name="Do_Parameterization" time="0.000" classname="DriverScripts_Scenarios.EventSubscription_proudction_csr_Validation"/>
  <testcase name="Do_Parameterization" time="0.031" classname="DriverScripts_Scenarios.EventSubscription_proudction_csr_Validation"/>
  <testcase name="Do_Parameterization" time="0.000" classname="DriverScripts_Scenarios.EventSubscription_proudction_csr_Validation"/>
  <testcase name="Do_Parameterization" time="0.000" classname="DriverScripts_Scenarios.EventSubscription_proudction_csr_Validation"/>
  <testcase name="Do_Parameterization" time="0.000" classname="DriverScripts_Scenarios.EventSubscription_proudction_csr_Validation"/>
  <testcase name="Do_Parameterization" time="0.000" classname="DriverScripts_Scenarios.EventSubscription_proudction_csr_Validation"/>
  <testcase name="Do_Parameterization" time="0.000" classname="DriverScripts_Scenarios.EventSubscription_proudction_csr_Validation"/>
  <testcase name="Do_Parameterization" time="72.812" classname="DriverScripts_Scenarios.EventSubscription_proudction_csr_Validation"/>
  <testcase name="Do_Parameterization" time="72.660" classname="DriverScripts_Scenarios.EventSubscription_proudction_csr_Validation"/>
  <testcase name="Do_Parameterization" time="0.000" classname="DriverScripts_Scenarios.EventSubscription_proudction_csr_Validation"/>
  <testcase name="Do_Parameterization" time="0.000" classname="DriverScripts_Scenarios.EventSubscription_proudction_csr_Validation"/>
  <testcase name="Do_Parameterization" time="0.000" classname="DriverScripts_Scenarios.EventSubscription_proudction_csr_Validation"/>
  <testcase name="Do_Parameterization" time="0.000" classname="DriverScripts_Scenarios.EventSubscription_proudction_csr_Validation"/>
  <testcase name="Do_Parameterization" time="70.105" classname="DriverScripts_Scenarios.EventSubscription_proudction_csr_Validation"/>
  <testcase name="Do_Parameterization" time="0.001" classname="DriverScripts_Scenarios.EventSubscription_proudction_csr_Validation"/>
  <testcase name="Do_Parameterization" time="0.000" classname="DriverScripts_Scenarios.EventSubscription_proudction_csr_Validation"/>
  <testcase name="Do_Parameterization" time="0.000" classname="DriverScripts_Scenarios.EventSubscription_proudction_csr_Validation"/>
  <testcase name="Do_Parameterization" time="0.000" classname="DriverScripts_Scenarios.EventSubscription_proudction_csr_Validation"/>
  <testcase name="Do_Parameterization" time="0.000" classname="DriverScripts_Scenarios.EventSubscription_proudction_csr_Validation"/>
  <testcase name="Do_Parameterization" time="0.000" classname="DriverScripts_Scenarios.EventSubscription_proudction_csr_Validation"/>
  <testcase name="Do_Parameterization" time="74.788" classname="DriverScripts_Scenarios.EventSubscription_proudction_csr_Validation"/>
  <testcase name="Do_Parameterization" time="0.000" classname="DriverScripts_Scenarios.EventSubscription_proudction_csr_Validation"/>
  <testcase name="Do_Parameterization" time="0.000" classname="DriverScripts_Scenarios.EventSubscription_proudction_csr_Validation"/>
  <testcase name="Do_Parameterization" time="0.000" classname="DriverScripts_Scenarios.EventSubscription_proudction_csr_Validation"/>
  <testcase name="Do_Parameterization" time="0.000" classname="DriverScripts_Scenarios.EventSubscription_proudction_csr_Validation"/>
  <testcase name="Do_Parameterization" time="74.514" classname="DriverScripts_Scenarios.EventSubscription_proudction_csr_Validation"/>
  <testcase name="Do_Parameterization" time="75.184" classname="DriverScripts_Scenarios.EventSubscription_proudction_csr_Validation"/>
  <testcase name="Do_Parameterization" time="75.402" classname="DriverScripts_Scenarios.EventSubscription_proudction_csr_Validation"/>
  <testcase name="Do_Parameterization" time="0.000" classname="DriverScripts_Scenarios.EventSubscription_proudction_csr_Validation"/>
  <testcase name="Do_Parameterization" time="0.000" classname="DriverScripts_Scenarios.EventSubscription_proudction_csr_Validation"/>
  <testcase name="Do_Parameterization" time="0.000" classname="DriverScripts_Scenarios.EventSubscription_proudction_csr_Validation"/>
  <testcase name="Do_Parameterization" time="0.000" classname="DriverScripts_Scenarios.EventSubscription_proudction_csr_Validation"/>
  <testcase name="Do_Parameterization" time="0.000" classname="DriverScripts_Scenarios.EventSubscription_proudction_csr_Validation"/>
  <testcase name="Do_Parameterization" time="0.000" classname="DriverScripts_Scenarios.EventSubscription_proudction_csr_Validation"/>
  <testcase name="Do_Parameterization" time="70.919" classname="DriverScripts_Scenarios.EventSubscription_proudction_csr_Validation"/>
  <testcase name="Do_Parameterization" time="77.094" classname="DriverScripts_Scenarios.EventSubscription_proudction_csr_Validation"/>
  <testcase name="Do_Parameterization" time="0.000" classname="DriverScripts_Scenarios.EventSubscription_proudction_csr_Validation"/>
  <testcase name="Do_Parameterization" time="0.000" classname="DriverScripts_Scenarios.EventSubscription_proudction_csr_Validation"/>
  <testcase name="Do_Parameterization" time="77.432" classname="DriverScripts_Scenarios.EventSubscription_proudction_csr_Validation"/>
  <testcase name="Do_Parameterization" time="75.411" classname="DriverScripts_Scenarios.EventSubscription_proudction_csr_Validation"/>
  <testcase name="Do_Parameterization" time="75.022" classname="DriverScripts_Scenarios.EventSubscription_proudction_csr_Validation"/>
  <testcase name="Do_Parameterization" time="75.259" classname="DriverScripts_Scenarios.EventSubscription_proudction_csr_Validation"/>
  <testcase name="Do_Parameterization" time="83.648" classname="DriverScripts_Scenarios.EventSubscription_proudction_csr_Validation"/>
  <testcase name="Do_Parameterization" time="75.065" classname="DriverScripts_Scenarios.EventSubscription_proudction_csr_Validation"/>
  <testcase name="Do_Parameterization" time="0.000" classname="DriverScripts_Scenarios.EventSubscription_proudction_csr_Validation"/>
  <testcase name="Do_Parameterization" time="0.016" classname="DriverScripts_Scenarios.EventSubscription_proudction_csr_Validation"/>
  <testcase name="Do_Parameterization" time="0.000" classname="DriverScripts_Scenarios.EventSubscription_proudction_csr_Validation"/>
  <testcase name="Do_Parameterization" time="0.000" classname="DriverScripts_Scenarios.EventSubscription_proudction_csr_Validation"/>
  <testcase name="Do_Parameterization" time="0.000" classname="DriverScripts_Scenarios.EventSubscription_proudction_csr_Validation"/>
  <testcase name="Do_Parameterization" time="73.413" classname="DriverScripts_Scenarios.EventSubscription_proudction_csr_Validation"/>
  <testcase name="Do_Parameterization" time="0.000" classname="DriverScripts_Scenarios.EventSubscription_proudction_csr_Validation"/>
  <testcase name="Do_Parameterization" time="0.000" classname="DriverScripts_Scenarios.EventSubscription_proudction_csr_Validation"/>
  <testcase name="Do_Parameterization" time="0.000" classname="DriverScripts_Scenarios.EventSubscription_proudction_csr_Validation"/>
  <testcase name="Do_Parameterization" time="0.000" classname="DriverScripts_Scenarios.EventSubscription_proudction_csr_Validation"/>
  <testcase name="Do_Parameterization" time="74.104" classname="DriverScripts_Scenarios.EventSubscription_proudction_csr_Validation"/>
  <testcase name="Do_Parameterization" time="0.000" classname="DriverScripts_Scenarios.EventSubscription_proudction_csr_Validation"/>
  <testcase name="Do_Parameterization" time="0.000" classname="DriverScripts_Scenarios.EventSubscription_proudction_csr_Validation"/>
  <testcase name="Do_Parameterization" time="0.000" classname="DriverScripts_Scenarios.EventSubscription_proudction_csr_Validation"/>
  <testcase name="Do_Parameterization" time="0.000" classname="DriverScripts_Scenarios.EventSubscription_proudction_csr_Validation"/>
  <testcase name="Do_Parameterization" time="0.000" classname="DriverScripts_Scenarios.EventSubscription_proudction_csr_Validation"/>
  <testcase name="Do_Parameterization" time="0.000" classname="DriverScripts_Scenarios.EventSubscription_proudction_csr_Validation"/>
  <testcase name="Do_Parameterization" time="71.233" classname="DriverScripts_Scenarios.EventSubscription_proudction_csr_Validation"/>
  <testcase name="Do_Parameterization" time="71.031" classname="DriverScripts_Scenarios.EventSubscription_proudction_csr_Validation"/>
  <testcase name="Do_Parameterization" time="0.000" classname="DriverScripts_Scenarios.EventSubscription_proudction_csr_Validation"/>
  <testcase name="Do_Parameterization" time="0.000" classname="DriverScripts_Scenarios.EventSubscription_proudction_csr_Validation"/>
  <testcase name="Do_Parameterization" time="0.000" classname="DriverScripts_Scenarios.EventSubscription_proudction_csr_Validation"/>
  <testcase name="Do_Parameterization" time="73.811" classname="DriverScripts_Scenarios.EventSubscription_proudction_csr_Validation"/>
  <testcase name="Do_Parameterization" time="0.015" classname="DriverScripts_Scenarios.EventSubscription_proudction_csr_Validation"/>
  <testcase name="Do_Parameterization" time="0.000" classname="DriverScripts_Scenarios.EventSubscription_proudction_csr_Validation"/>
  <testcase name="Do_Parameterization" time="74.909" classname="DriverScripts_Scenarios.EventSubscription_proudction_csr_Validation"/>
  <testcase name="Do_Parameterization" time="0.000" classname="DriverScripts_Scenarios.EventSubscription_proudction_csr_Validation"/>
  <testcase name="Do_Parameterization" time="0.000" classname="DriverScripts_Scenarios.EventSubscription_proudction_csr_Validation"/>
  <testcase name="Do_Parameterization" time="73.642" classname="DriverScripts_Scenarios.EventSubscription_proudction_csr_Validation"/>
  <testcase name="Do_Parameterization" time="73.753" classname="DriverScripts_Scenarios.EventSubscription_proudction_csr_Validation"/>
  <testcase name="Do_Parameterization" time="0.000" classname="DriverScripts_Scenarios.EventSubscription_proudction_csr_Validation"/>
  <testcase name="Do_Parameterization" time="0.000" classname="DriverScripts_Scenarios.EventSubscription_proudction_csr_Validation"/>
  <testcase name="Do_Parameterization" time="74.850" classname="DriverScripts_Scenarios.EventSubscription_proudction_csr_Validation"/>
  <testcase name="Do_Parameterization" time="0.000" classname="DriverScripts_Scenarios.EventSubscription_proudction_csr_Validation"/>
  <testcase name="Do_Parameterization" time="0.000" classname="DriverScripts_Scenarios.EventSubscription_proudction_csr_Validation"/>
  <testcase name="Do_Parameterization" time="73.490" classname="DriverScripts_Scenarios.EventSubscription_proudction_csr_Validation"/>
  <testcase name="Do_Parameterization" time="0.000" classname="DriverScripts_Scenarios.EventSubscription_proudction_csr_Validation"/>
  <testcase name="Do_Parameterization" time="77.165" classname="DriverScripts_Scenarios.EventSubscription_proudction_csr_Validation"/>
  <testcase name="Do_Parameterization" time="74.789" classname="DriverScripts_Scenarios.EventSubscription_proudction_csr_Validation"/>
  <testcase name="Do_Parameterization" time="0.000" classname="DriverScripts_Scenarios.EventSubscription_proudction_csr_Validation"/>
  <testcase name="Do_Parameterization" time="0.000" classname="DriverScripts_Scenarios.EventSubscription_proudction_csr_Validation"/>
</testsuite> <!-- DriverScripts_Scenarios.EventSubscription_proudction_csr_Validation -->
