<?xml version="1.0" encoding="UTF-8"?>
<!-- Generated by org.testng.reporters.JUnitReportReporter -->
<testsuite skipped="0" hostname="TDIN507" name="DriverScripts_Scenarios.Ashot_Comparion_QA_Live" tests="12" failures="0" timestamp="19 Jul 2018 13:06:01 GMT" time="122.628" errors="0">
  <testcase name="Do_Parameterization" time="0.031" classname="DriverScripts_Scenarios.Ashot_Comparion_QA_Live"/>
  <testcase name="Do_Parameterization" time="122.252" classname="DriverScripts_Scenarios.Ashot_Comparion_QA_Live"/>
  <testcase name="Do_Parameterization" time="0.032" classname="DriverScripts_Scenarios.Ashot_Comparion_QA_Live"/>
  <testcase name="Do_Parameterization" time="0.031" classname="DriverScripts_Scenarios.Ashot_Comparion_QA_Live"/>
  <testcase name="Do_Parameterization" time="0.032" classname="DriverScripts_Scenarios.Ashot_Comparion_QA_Live"/>
  <testcase name="Do_Parameterization" time="0.047" classname="DriverScripts_Scenarios.Ashot_Comparion_QA_Live"/>
  <testcase name="Do_Parameterization" time="0.032" classname="DriverScripts_Scenarios.Ashot_Comparion_QA_Live"/>
  <testcase name="Do_Parameterization" time="0.031" classname="DriverScripts_Scenarios.Ashot_Comparion_QA_Live"/>
  <testcase name="Do_Parameterization" time="0.031" classname="DriverScripts_Scenarios.Ashot_Comparion_QA_Live"/>
  <testcase name="Do_Parameterization" time="0.047" classname="DriverScripts_Scenarios.Ashot_Comparion_QA_Live"/>
  <testcase name="Do_Parameterization" time="0.031" classname="DriverScripts_Scenarios.Ashot_Comparion_QA_Live"/>
  <testcase name="Do_Parameterization" time="0.031" classname="DriverScripts_Scenarios.Ashot_Comparion_QA_Live"/>
</testsuite> <!-- DriverScripts_Scenarios.Ashot_Comparion_QA_Live -->
