<?xml version="1.0" encoding="UTF-8"?>
<!-- Generated by org.testng.reporters.JUnitReportReporter -->
<testsuite skipped="0" hostname="TDIN507" name="DriverScripts_Scenarios.Upsell_Crosssell_Comparison" tests="27" failures="0" timestamp="05 Oct 2018 06:56:50 GMT" time="9.463" errors="0">
  <testcase name="Do_Parameterization" time="0.000" classname="DriverScripts_Scenarios.Upsell_Crosssell_Comparison"/>
  <testcase name="Do_Parameterization" time="0.000" classname="DriverScripts_Scenarios.Upsell_Crosssell_Comparison"/>
  <testcase name="Do_Parameterization" time="0.000" classname="DriverScripts_Scenarios.Upsell_Crosssell_Comparison"/>
  <testcase name="Do_Parameterization" time="0.000" classname="DriverScripts_Scenarios.Upsell_Crosssell_Comparison"/>
  <testcase name="Do_Parameterization" time="9.447" classname="DriverScripts_Scenarios.Upsell_Crosssell_Comparison"/>
  <testcase name="Do_Parameterization" time="0.000" classname="DriverScripts_Scenarios.Upsell_Crosssell_Comparison"/>
  <testcase name="Do_Parameterization" time="0.000" classname="DriverScripts_Scenarios.Upsell_Crosssell_Comparison"/>
  <testcase name="Do_Parameterization" time="0.016" classname="DriverScripts_Scenarios.Upsell_Crosssell_Comparison"/>
  <testcase name="Do_Parameterization" time="0.000" classname="DriverScripts_Scenarios.Upsell_Crosssell_Comparison"/>
  <testcase name="Do_Parameterization" time="0.000" classname="DriverScripts_Scenarios.Upsell_Crosssell_Comparison"/>
  <testcase name="Do_Parameterization" time="0.000" classname="DriverScripts_Scenarios.Upsell_Crosssell_Comparison"/>
  <testcase name="Do_Parameterization" time="0.000" classname="DriverScripts_Scenarios.Upsell_Crosssell_Comparison"/>
  <testcase name="Do_Parameterization" time="0.000" classname="DriverScripts_Scenarios.Upsell_Crosssell_Comparison"/>
  <testcase name="Do_Parameterization" time="0.000" classname="DriverScripts_Scenarios.Upsell_Crosssell_Comparison"/>
  <testcase name="Do_Parameterization" time="0.000" classname="DriverScripts_Scenarios.Upsell_Crosssell_Comparison"/>
  <testcase name="Do_Parameterization" time="0.000" classname="DriverScripts_Scenarios.Upsell_Crosssell_Comparison"/>
  <testcase name="Do_Parameterization" time="0.000" classname="DriverScripts_Scenarios.Upsell_Crosssell_Comparison"/>
  <testcase name="Do_Parameterization" time="0.000" classname="DriverScripts_Scenarios.Upsell_Crosssell_Comparison"/>
  <testcase name="Do_Parameterization" time="0.000" classname="DriverScripts_Scenarios.Upsell_Crosssell_Comparison"/>
  <testcase name="Do_Parameterization" time="0.000" classname="DriverScripts_Scenarios.Upsell_Crosssell_Comparison"/>
  <testcase name="Do_Parameterization" time="0.000" classname="DriverScripts_Scenarios.Upsell_Crosssell_Comparison"/>
  <testcase name="Do_Parameterization" time="0.000" classname="DriverScripts_Scenarios.Upsell_Crosssell_Comparison"/>
  <testcase name="Do_Parameterization" time="0.000" classname="DriverScripts_Scenarios.Upsell_Crosssell_Comparison"/>
  <testcase name="Do_Parameterization" time="0.000" classname="DriverScripts_Scenarios.Upsell_Crosssell_Comparison"/>
  <testcase name="Do_Parameterization" time="0.000" classname="DriverScripts_Scenarios.Upsell_Crosssell_Comparison"/>
  <testcase name="Do_Parameterization" time="0.000" classname="DriverScripts_Scenarios.Upsell_Crosssell_Comparison"/>
  <testcase name="Do_Parameterization" time="0.000" classname="DriverScripts_Scenarios.Upsell_Crosssell_Comparison"/>
</testsuite> <!-- DriverScripts_Scenarios.Upsell_Crosssell_Comparison -->
