<?xml version="1.0" encoding="UTF-8"?>
<!-- Generated by org.testng.reporters.JUnitReportReporter -->
<testsuite skipped="0" hostname="TDIN507" name="DriverScripts_Scenarios.Zuora_Subscription_Random_user" tests="13" failures="0" timestamp="30 Aug 2018 04:39:26 GMT" time="1580.252" errors="0">
  <testcase name="Do_Parameterization" time="0.001" classname="DriverScripts_Scenarios.Zuora_Subscription_Random_user"/>
  <testcase name="Do_Parameterization" time="297.284" classname="DriverScripts_Scenarios.Zuora_Subscription_Random_user"/>
  <testcase name="Do_Parameterization" time="0.000" classname="DriverScripts_Scenarios.Zuora_Subscription_Random_user"/>
  <testcase name="Do_Parameterization" time="0.000" classname="DriverScripts_Scenarios.Zuora_Subscription_Random_user"/>
  <testcase name="Do_Parameterization" time="0.000" classname="DriverScripts_Scenarios.Zuora_Subscription_Random_user"/>
  <testcase name="Do_Parameterization" time="362.684" classname="DriverScripts_Scenarios.Zuora_Subscription_Random_user"/>
  <testcase name="Do_Parameterization" time="0.000" classname="DriverScripts_Scenarios.Zuora_Subscription_Random_user"/>
  <testcase name="Do_Parameterization" time="330.233" classname="DriverScripts_Scenarios.Zuora_Subscription_Random_user"/>
  <testcase name="Do_Parameterization" time="0.000" classname="DriverScripts_Scenarios.Zuora_Subscription_Random_user"/>
  <testcase name="Do_Parameterization" time="281.394" classname="DriverScripts_Scenarios.Zuora_Subscription_Random_user"/>
  <testcase name="Do_Parameterization" time="0.000" classname="DriverScripts_Scenarios.Zuora_Subscription_Random_user"/>
  <testcase name="Do_Parameterization" time="308.655" classname="DriverScripts_Scenarios.Zuora_Subscription_Random_user"/>
  <testcase name="aftertest" time="0.001" classname="DriverScripts_Scenarios.Zuora_Subscription_Random_user"/>
</testsuite> <!-- DriverScripts_Scenarios.Zuora_Subscription_Random_user -->
