<?xml version="1.0" encoding="UTF-8"?>
<!-- Generated by org.testng.reporters.JUnitReportReporter -->
<testsuite skipped="0" hostname="TDIN507" name="DriverScripts_Scenarios.Zuora_Subscription" tests="13" failures="0" timestamp="29 May 2018 09:41:24 GMT" time="160.153" errors="0">
  <testcase name="do_parameterization" time="0.001" classname="DriverScripts_Scenarios.Zuora_Subscription"/>
  <testcase name="do_parameterization" time="0.000" classname="DriverScripts_Scenarios.Zuora_Subscription"/>
  <testcase name="do_parameterization" time="0.001" classname="DriverScripts_Scenarios.Zuora_Subscription"/>
  <testcase name="do_parameterization" time="49.629" classname="DriverScripts_Scenarios.Zuora_Subscription"/>
  <testcase name="do_parameterization" time="57.139" classname="DriverScripts_Scenarios.Zuora_Subscription"/>
  <testcase name="do_parameterization" time="0.001" classname="DriverScripts_Scenarios.Zuora_Subscription"/>
  <testcase name="do_parameterization" time="0.005" classname="DriverScripts_Scenarios.Zuora_Subscription"/>
  <testcase name="do_parameterization" time="0.000" classname="DriverScripts_Scenarios.Zuora_Subscription"/>
  <testcase name="do_parameterization" time="0.000" classname="DriverScripts_Scenarios.Zuora_Subscription"/>
  <testcase name="do_parameterization" time="53.376" classname="DriverScripts_Scenarios.Zuora_Subscription"/>
  <testcase name="do_parameterization" time="0.000" classname="DriverScripts_Scenarios.Zuora_Subscription"/>
  <testcase name="do_parameterization" time="0.001" classname="DriverScripts_Scenarios.Zuora_Subscription"/>
  <testcase name="do_parameterization" time="0.000" classname="DriverScripts_Scenarios.Zuora_Subscription"/>
</testsuite> <!-- DriverScripts_Scenarios.Zuora_Subscription -->
