<?xml version="1.0" encoding="UTF-8"?>
<!-- Generated by org.testng.reporters.JUnitReportReporter -->
<testsuite skipped="0" hostname="TDIN507" name="DriverScripts_Scenarios.Upsell_Crossell_Screenshots" tests="7" failures="0" timestamp="03 Aug 2018 10:19:26 GMT" time="90.386" errors="0">
  <testcase name="Do_Parameterization" time="0.000" classname="DriverScripts_Scenarios.Upsell_Crossell_Screenshots"/>
  <testcase name="Do_Parameterization" time="0.000" classname="DriverScripts_Scenarios.Upsell_Crossell_Screenshots"/>
  <testcase name="Do_Parameterization" time="0.000" classname="DriverScripts_Scenarios.Upsell_Crossell_Screenshots"/>
  <testcase name="Do_Parameterization" time="0.000" classname="DriverScripts_Scenarios.Upsell_Crossell_Screenshots"/>
  <testcase name="Do_Parameterization" time="0.015" classname="DriverScripts_Scenarios.Upsell_Crossell_Screenshots"/>
  <testcase name="Do_Parameterization" time="90.370" classname="DriverScripts_Scenarios.Upsell_Crossell_Screenshots"/>
  <testcase name="aftertest" time="0.001" classname="DriverScripts_Scenarios.Upsell_Crossell_Screenshots"/>
</testsuite> <!-- DriverScripts_Scenarios.Upsell_Crossell_Screenshots -->
