<?xml version="1.0" encoding="UTF-8"?>
<!-- Generated by org.testng.reporters.JUnitReportReporter -->
<testsuite skipped="0" hostname="TDIN507" name="DriverScripts_Scenarios.Upsell_Crossell_Page_Verification" tests="18" failures="0" timestamp="08 Oct 2018 04:22:48 GMT" time="149.457" errors="0">
  <testcase name="Do_Parameterization" time="7.102" classname="DriverScripts_Scenarios.Upsell_Crossell_Page_Verification"/>
  <testcase name="Do_Parameterization" time="0.000" classname="DriverScripts_Scenarios.Upsell_Crossell_Page_Verification"/>
  <testcase name="Do_Parameterization" time="6.290" classname="DriverScripts_Scenarios.Upsell_Crossell_Page_Verification"/>
  <testcase name="Do_Parameterization" time="6.797" classname="DriverScripts_Scenarios.Upsell_Crossell_Page_Verification"/>
  <testcase name="Do_Parameterization" time="6.599" classname="DriverScripts_Scenarios.Upsell_Crossell_Page_Verification"/>
  <testcase name="Do_Parameterization" time="6.902" classname="DriverScripts_Scenarios.Upsell_Crossell_Page_Verification"/>
  <testcase name="Do_Parameterization" time="7.258" classname="DriverScripts_Scenarios.Upsell_Crossell_Page_Verification"/>
  <testcase name="Do_Parameterization" time="6.484" classname="DriverScripts_Scenarios.Upsell_Crossell_Page_Verification"/>
  <testcase name="Do_Parameterization" time="9.684" classname="DriverScripts_Scenarios.Upsell_Crossell_Page_Verification"/>
  <testcase name="Do_Parameterization" time="7.002" classname="DriverScripts_Scenarios.Upsell_Crossell_Page_Verification"/>
  <testcase name="Do_Parameterization" time="10.846" classname="DriverScripts_Scenarios.Upsell_Crossell_Page_Verification"/>
  <testcase name="Do_Parameterization" time="6.253" classname="DriverScripts_Scenarios.Upsell_Crossell_Page_Verification"/>
  <testcase name="Do_Parameterization" time="6.446" classname="DriverScripts_Scenarios.Upsell_Crossell_Page_Verification"/>
  <testcase name="Do_Parameterization" time="13.563" classname="DriverScripts_Scenarios.Upsell_Crossell_Page_Verification"/>
  <testcase name="Do_Parameterization" time="6.563" classname="DriverScripts_Scenarios.Upsell_Crossell_Page_Verification"/>
  <testcase name="Do_Parameterization" time="26.079" classname="DriverScripts_Scenarios.Upsell_Crossell_Page_Verification"/>
  <testcase name="Do_Parameterization" time="7.037" classname="DriverScripts_Scenarios.Upsell_Crossell_Page_Verification"/>
  <testcase name="Do_Parameterization" time="8.552" classname="DriverScripts_Scenarios.Upsell_Crossell_Page_Verification"/>
</testsuite> <!-- DriverScripts_Scenarios.Upsell_Crossell_Page_Verification -->
