<?xml version="1.0" encoding="UTF-8"?>
<!-- Generated by org.testng.reporters.JUnitReportReporter -->
<testsuite skipped="0" hostname="TDIN507" name="DriverScripts_Scenarios.Zuora_Subscription_flow" tests="15" failures="0" timestamp="03 Oct 2018 04:24:05 GMT" time="475.639" errors="0">
  <testcase name="do_parameterization" time="0.000" classname="DriverScripts_Scenarios.Zuora_Subscription_flow"/>
  <testcase name="do_parameterization" time="0.000" classname="DriverScripts_Scenarios.Zuora_Subscription_flow"/>
  <testcase name="do_parameterization" time="82.058" classname="DriverScripts_Scenarios.Zuora_Subscription_flow"/>
  <testcase name="do_parameterization" time="0.001" classname="DriverScripts_Scenarios.Zuora_Subscription_flow"/>
  <testcase name="do_parameterization" time="0.001" classname="DriverScripts_Scenarios.Zuora_Subscription_flow"/>
  <testcase name="do_parameterization" time="0.000" classname="DriverScripts_Scenarios.Zuora_Subscription_flow"/>
  <testcase name="do_parameterization" time="0.000" classname="DriverScripts_Scenarios.Zuora_Subscription_flow"/>
  <testcase name="do_parameterization" time="0.000" classname="DriverScripts_Scenarios.Zuora_Subscription_flow"/>
  <testcase name="do_parameterization" time="0.001" classname="DriverScripts_Scenarios.Zuora_Subscription_flow"/>
  <testcase name="do_parameterization" time="0.000" classname="DriverScripts_Scenarios.Zuora_Subscription_flow"/>
  <testcase name="do_parameterization" time="0.000" classname="DriverScripts_Scenarios.Zuora_Subscription_flow"/>
  <testcase name="do_parameterization" time="0.000" classname="DriverScripts_Scenarios.Zuora_Subscription_flow"/>
  <testcase name="do_parameterization" time="79.442" classname="DriverScripts_Scenarios.Zuora_Subscription_flow"/>
  <testcase name="aftertest" time="98.592" classname="DriverScripts_Scenarios.Zuora_Subscription_flow"/>
  <testcase name="aftertest1" time="215.544" classname="DriverScripts_Scenarios.Zuora_Subscription_flow"/>
</testsuite> <!-- DriverScripts_Scenarios.Zuora_Subscription_flow -->
