<?xml version="1.0" encoding="UTF-8"?>
<!-- Generated by org.testng.reporters.JUnitReportReporter -->
<testsuite skipped="0" hostname="TDIN507" name="DriverScripts_Scenarios.Ashot_Comparison_QA_Live" tests="12" failures="0" timestamp="22 Aug 2018 16:59:05 GMT" time="1.095" errors="0">
  <testcase name="Do_Parameterization" time="0.031" classname="DriverScripts_Scenarios.Ashot_Comparison_QA_Live"/>
  <testcase name="Do_Parameterization" time="0.031" classname="DriverScripts_Scenarios.Ashot_Comparison_QA_Live"/>
  <testcase name="Do_Parameterization" time="0.047" classname="DriverScripts_Scenarios.Ashot_Comparison_QA_Live"/>
  <testcase name="Do_Parameterization" time="0.031" classname="DriverScripts_Scenarios.Ashot_Comparison_QA_Live"/>
  <testcase name="Do_Parameterization" time="0.032" classname="DriverScripts_Scenarios.Ashot_Comparison_QA_Live"/>
  <testcase name="Do_Parameterization" time="0.031" classname="DriverScripts_Scenarios.Ashot_Comparison_QA_Live"/>
  <testcase name="Do_Parameterization" time="0.047" classname="DriverScripts_Scenarios.Ashot_Comparison_QA_Live"/>
  <testcase name="Do_Parameterization" time="0.078" classname="DriverScripts_Scenarios.Ashot_Comparison_QA_Live"/>
  <testcase name="Do_Parameterization" time="0.657" classname="DriverScripts_Scenarios.Ashot_Comparison_QA_Live"/>
  <testcase name="Do_Parameterization" time="0.047" classname="DriverScripts_Scenarios.Ashot_Comparison_QA_Live"/>
  <testcase name="Do_Parameterization" time="0.031" classname="DriverScripts_Scenarios.Ashot_Comparison_QA_Live"/>
  <testcase name="Do_Parameterization" time="0.032" classname="DriverScripts_Scenarios.Ashot_Comparison_QA_Live"/>
</testsuite> <!-- DriverScripts_Scenarios.Ashot_Comparison_QA_Live -->
