<?xml version="1.0" encoding="UTF-8"?>
<!-- Generated by org.testng.reporters.JUnitReportReporter -->
<testsuite skipped="0" hostname="TDIN507" name="TestBase.test_dummy" tests="1" failures="0" timestamp="14 May 2018 13:17:45 GMT" time="0.031" errors="0">
  <testcase name="test" time="0.031" classname="TestBase.test_dummy"/>
</testsuite> <!-- TestBase.test_dummy -->
