<?xml version="1.0" encoding="UTF-8"?>
<!-- Generated by org.testng.reporters.JUnitReportReporter -->
<testsuite skipped="0" hostname="TDIN507" name="TestBase.instant_test" tests="1" failures="0" timestamp="20 Aug 2018 12:02:24 GMT" time="0.023" errors="0">
  <testcase name="randomSeriesForThreeCharacter" time="0.023" classname="TestBase.instant_test"/>
</testsuite> <!-- TestBase.instant_test -->
